WARNING - 2023-05-19 02:25:53 --> [DEPRECATED] Creation of dynamic property App\Controllers\User::$productModel is deprecated in APPPATH\Controllers\User.php on line 12.
 1 SYSTEMPATH\CodeIgniter.php(906): App\Controllers\User->__construct()
 2 SYSTEMPATH\CodeIgniter.php(490): CodeIgniter\CodeIgniter->createController()
 3 SYSTEMPATH\CodeIgniter.php(368): CodeIgniter\CodeIgniter->handleRequest(null, Object(Config\Cache), false)
 4 FCPATH\index.php(67): CodeIgniter\CodeIgniter->run()
 5 SYSTEMPATH\Commands\Server\rewrite.php(47): require_once('FCPATH\\index.php')
WARNING - 2023-05-19 02:25:53 --> [DEPRECATED] Creation of dynamic property App\Controllers\User::$VisitorModel is deprecated in APPPATH\Controllers\User.php on line 13.
 1 SYSTEMPATH\CodeIgniter.php(906): App\Controllers\User->__construct()
 2 SYSTEMPATH\CodeIgniter.php(490): CodeIgniter\CodeIgniter->createController()
 3 SYSTEMPATH\CodeIgniter.php(368): CodeIgniter\CodeIgniter->handleRequest(null, Object(Config\Cache), false)
 4 FCPATH\index.php(67): CodeIgniter\CodeIgniter->run()
 5 SYSTEMPATH\Commands\Server\rewrite.php(47): require_once('FCPATH\\index.php')
WARNING - 2023-05-19 02:26:06 --> [DEPRECATED] Creation of dynamic property App\Controllers\Login::$userModel is deprecated in APPPATH\Controllers\Login.php on line 13.
 1 SYSTEMPATH\CodeIgniter.php(906): App\Controllers\Login->__construct()
 2 SYSTEMPATH\CodeIgniter.php(490): CodeIgniter\CodeIgniter->createController()
 3 SYSTEMPATH\CodeIgniter.php(368): CodeIgniter\CodeIgniter->handleRequest(null, Object(Config\Cache), false)
 4 FCPATH\index.php(67): CodeIgniter\CodeIgniter->run()
 5 SYSTEMPATH\Commands\Server\rewrite.php(47): require_once('FCPATH\\index.php')
INFO - 2023-05-19 02:26:06 --> Session: Class initialized using 'CodeIgniter\Session\Handlers\FileHandler' driver.
WARNING - 2023-05-19 02:26:08 --> [DEPRECATED] Creation of dynamic property App\Controllers\Login::$userModel is deprecated in APPPATH\Controllers\Login.php on line 13.
 1 SYSTEMPATH\CodeIgniter.php(906): App\Controllers\Login->__construct()
 2 SYSTEMPATH\CodeIgniter.php(490): CodeIgniter\CodeIgniter->createController()
 3 SYSTEMPATH\CodeIgniter.php(368): CodeIgniter\CodeIgniter->handleRequest(null, Object(Config\Cache), false)
 4 FCPATH\index.php(67): CodeIgniter\CodeIgniter->run()
 5 SYSTEMPATH\Commands\Server\rewrite.php(47): require_once('FCPATH\\index.php')
INFO - 2023-05-19 02:26:08 --> Session: Class initialized using 'CodeIgniter\Session\Handlers\FileHandler' driver.
WARNING - 2023-05-19 02:26:08 --> [DEPRECATED] Creation of dynamic property App\Controllers\Login::$userModel is deprecated in APPPATH\Controllers\Login.php on line 13.
 1 SYSTEMPATH\CodeIgniter.php(906): App\Controllers\Login->__construct()
 2 SYSTEMPATH\CodeIgniter.php(490): CodeIgniter\CodeIgniter->createController()
 3 SYSTEMPATH\CodeIgniter.php(368): CodeIgniter\CodeIgniter->handleRequest(null, Object(Config\Cache), false)
 4 FCPATH\index.php(67): CodeIgniter\CodeIgniter->run()
 5 SYSTEMPATH\Commands\Server\rewrite.php(47): require_once('FCPATH\\index.php')
INFO - 2023-05-19 02:26:08 --> Session: Class initialized using 'CodeIgniter\Session\Handlers\FileHandler' driver.
WARNING - 2023-05-19 02:26:18 --> [DEPRECATED] Creation of dynamic property App\Controllers\Register::$userModel is deprecated in APPPATH\Controllers\Register.php on line 11.
 1 SYSTEMPATH\CodeIgniter.php(906): App\Controllers\Register->__construct()
 2 SYSTEMPATH\CodeIgniter.php(490): CodeIgniter\CodeIgniter->createController()
 3 SYSTEMPATH\CodeIgniter.php(368): CodeIgniter\CodeIgniter->handleRequest(null, Object(Config\Cache), false)
 4 FCPATH\index.php(67): CodeIgniter\CodeIgniter->run()
 5 SYSTEMPATH\Commands\Server\rewrite.php(47): require_once('FCPATH\\index.php')
WARNING - 2023-05-19 02:26:43 --> [DEPRECATED] Creation of dynamic property App\Controllers\Register::$userModel is deprecated in APPPATH\Controllers\Register.php on line 11.
 1 SYSTEMPATH\CodeIgniter.php(906): App\Controllers\Register->__construct()
 2 SYSTEMPATH\CodeIgniter.php(490): CodeIgniter\CodeIgniter->createController()
 3 SYSTEMPATH\CodeIgniter.php(368): CodeIgniter\CodeIgniter->handleRequest(null, Object(Config\Cache), false)
 4 FCPATH\index.php(67): CodeIgniter\CodeIgniter->run()
 5 SYSTEMPATH\Commands\Server\rewrite.php(47): require_once('FCPATH\\index.php')
WARNING - 2023-05-19 02:26:43 --> [DEPRECATED] Creation of dynamic property App\Controllers\Login::$userModel is deprecated in APPPATH\Controllers\Login.php on line 13.
 1 SYSTEMPATH\CodeIgniter.php(906): App\Controllers\Login->__construct()
 2 SYSTEMPATH\CodeIgniter.php(490): CodeIgniter\CodeIgniter->createController()
 3 SYSTEMPATH\CodeIgniter.php(368): CodeIgniter\CodeIgniter->handleRequest(null, Object(Config\Cache), false)
 4 FCPATH\index.php(67): CodeIgniter\CodeIgniter->run()
 5 SYSTEMPATH\Commands\Server\rewrite.php(47): require_once('FCPATH\\index.php')
INFO - 2023-05-19 02:26:43 --> Session: Class initialized using 'CodeIgniter\Session\Handlers\FileHandler' driver.
WARNING - 2023-05-19 02:26:46 --> [DEPRECATED] Creation of dynamic property App\Controllers\Login::$userModel is deprecated in APPPATH\Controllers\Login.php on line 13.
 1 SYSTEMPATH\CodeIgniter.php(906): App\Controllers\Login->__construct()
 2 SYSTEMPATH\CodeIgniter.php(490): CodeIgniter\CodeIgniter->createController()
 3 SYSTEMPATH\CodeIgniter.php(368): CodeIgniter\CodeIgniter->handleRequest(null, Object(Config\Cache), false)
 4 FCPATH\index.php(67): CodeIgniter\CodeIgniter->run()
 5 SYSTEMPATH\Commands\Server\rewrite.php(47): require_once('FCPATH\\index.php')
INFO - 2023-05-19 02:26:46 --> Session: Class initialized using 'CodeIgniter\Session\Handlers\FileHandler' driver.
INFO - 2023-05-19 02:26:47 --> Session: Class initialized using 'CodeIgniter\Session\Handlers\FileHandler' driver.
WARNING - 2023-05-19 02:26:47 --> [DEPRECATED] Creation of dynamic property App\Controllers\Dashboard::$visitorModel is deprecated in APPPATH\Controllers\Dashboard.php on line 9.
 1 SYSTEMPATH\CodeIgniter.php(906): App\Controllers\Dashboard->__construct()
 2 SYSTEMPATH\CodeIgniter.php(490): CodeIgniter\CodeIgniter->createController()
 3 SYSTEMPATH\CodeIgniter.php(368): CodeIgniter\CodeIgniter->handleRequest(null, Object(Config\Cache), false)
 4 FCPATH\index.php(67): CodeIgniter\CodeIgniter->run()
 5 SYSTEMPATH\Commands\Server\rewrite.php(47): require_once('FCPATH\\index.php')
INFO - 2023-05-19 02:26:52 --> Session: Class initialized using 'CodeIgniter\Session\Handlers\FileHandler' driver.
WARNING - 2023-05-19 02:26:52 --> [DEPRECATED] Creation of dynamic property App\Controllers\Product::$productModel is deprecated in APPPATH\Controllers\Product.php on line 11.
 1 SYSTEMPATH\CodeIgniter.php(906): App\Controllers\Product->__construct()
 2 SYSTEMPATH\CodeIgniter.php(490): CodeIgniter\CodeIgniter->createController()
 3 SYSTEMPATH\CodeIgniter.php(368): CodeIgniter\CodeIgniter->handleRequest(null, Object(Config\Cache), false)
 4 FCPATH\index.php(67): CodeIgniter\CodeIgniter->run()
 5 SYSTEMPATH\Commands\Server\rewrite.php(47): require_once('FCPATH\\index.php')
INFO - 2023-05-19 02:26:56 --> Session: Class initialized using 'CodeIgniter\Session\Handlers\FileHandler' driver.
WARNING - 2023-05-19 02:26:56 --> [DEPRECATED] Creation of dynamic property App\Controllers\Product::$productModel is deprecated in APPPATH\Controllers\Product.php on line 11.
 1 SYSTEMPATH\CodeIgniter.php(906): App\Controllers\Product->__construct()
 2 SYSTEMPATH\CodeIgniter.php(490): CodeIgniter\CodeIgniter->createController()
 3 SYSTEMPATH\CodeIgniter.php(368): CodeIgniter\CodeIgniter->handleRequest(null, Object(Config\Cache), false)
 4 FCPATH\index.php(67): CodeIgniter\CodeIgniter->run()
 5 SYSTEMPATH\Commands\Server\rewrite.php(47): require_once('FCPATH\\index.php')
INFO - 2023-05-19 02:26:56 --> Session: Class initialized using 'CodeIgniter\Session\Handlers\FileHandler' driver.
WARNING - 2023-05-19 02:26:56 --> [DEPRECATED] Creation of dynamic property App\Controllers\Product::$productModel is deprecated in APPPATH\Controllers\Product.php on line 11.
 1 SYSTEMPATH\CodeIgniter.php(906): App\Controllers\Product->__construct()
 2 SYSTEMPATH\CodeIgniter.php(490): CodeIgniter\CodeIgniter->createController()
 3 SYSTEMPATH\CodeIgniter.php(368): CodeIgniter\CodeIgniter->handleRequest(null, Object(Config\Cache), false)
 4 FCPATH\index.php(67): CodeIgniter\CodeIgniter->run()
 5 SYSTEMPATH\Commands\Server\rewrite.php(47): require_once('FCPATH\\index.php')
INFO - 2023-05-19 02:26:56 --> Session: Class initialized using 'CodeIgniter\Session\Handlers\FileHandler' driver.
WARNING - 2023-05-19 02:26:56 --> [DEPRECATED] Creation of dynamic property App\Controllers\Product::$productModel is deprecated in APPPATH\Controllers\Product.php on line 11.
 1 SYSTEMPATH\CodeIgniter.php(906): App\Controllers\Product->__construct()
 2 SYSTEMPATH\CodeIgniter.php(490): CodeIgniter\CodeIgniter->createController()
 3 SYSTEMPATH\CodeIgniter.php(368): CodeIgniter\CodeIgniter->handleRequest(null, Object(Config\Cache), false)
 4 FCPATH\index.php(67): CodeIgniter\CodeIgniter->run()
 5 SYSTEMPATH\Commands\Server\rewrite.php(47): require_once('FCPATH\\index.php')
INFO - 2023-05-19 02:26:56 --> Session: Class initialized using 'CodeIgniter\Session\Handlers\FileHandler' driver.
WARNING - 2023-05-19 02:26:56 --> [DEPRECATED] Creation of dynamic property App\Controllers\Product::$productModel is deprecated in APPPATH\Controllers\Product.php on line 11.
 1 SYSTEMPATH\CodeIgniter.php(906): App\Controllers\Product->__construct()
 2 SYSTEMPATH\CodeIgniter.php(490): CodeIgniter\CodeIgniter->createController()
 3 SYSTEMPATH\CodeIgniter.php(368): CodeIgniter\CodeIgniter->handleRequest(null, Object(Config\Cache), false)
 4 FCPATH\index.php(67): CodeIgniter\CodeIgniter->run()
 5 SYSTEMPATH\Commands\Server\rewrite.php(47): require_once('FCPATH\\index.php')
INFO - 2023-05-19 02:26:57 --> Session: Class initialized using 'CodeIgniter\Session\Handlers\FileHandler' driver.
WARNING - 2023-05-19 02:26:57 --> [DEPRECATED] Creation of dynamic property App\Controllers\Product::$productModel is deprecated in APPPATH\Controllers\Product.php on line 11.
 1 SYSTEMPATH\CodeIgniter.php(906): App\Controllers\Product->__construct()
 2 SYSTEMPATH\CodeIgniter.php(490): CodeIgniter\CodeIgniter->createController()
 3 SYSTEMPATH\CodeIgniter.php(368): CodeIgniter\CodeIgniter->handleRequest(null, Object(Config\Cache), false)
 4 FCPATH\index.php(67): CodeIgniter\CodeIgniter->run()
 5 SYSTEMPATH\Commands\Server\rewrite.php(47): require_once('FCPATH\\index.php')
INFO - 2023-05-19 02:26:57 --> Session: Class initialized using 'CodeIgniter\Session\Handlers\FileHandler' driver.
WARNING - 2023-05-19 02:26:57 --> [DEPRECATED] Creation of dynamic property App\Controllers\Product::$productModel is deprecated in APPPATH\Controllers\Product.php on line 11.
 1 SYSTEMPATH\CodeIgniter.php(906): App\Controllers\Product->__construct()
 2 SYSTEMPATH\CodeIgniter.php(490): CodeIgniter\CodeIgniter->createController()
 3 SYSTEMPATH\CodeIgniter.php(368): CodeIgniter\CodeIgniter->handleRequest(null, Object(Config\Cache), false)
 4 FCPATH\index.php(67): CodeIgniter\CodeIgniter->run()
 5 SYSTEMPATH\Commands\Server\rewrite.php(47): require_once('FCPATH\\index.php')
INFO - 2023-05-19 02:26:57 --> Session: Class initialized using 'CodeIgniter\Session\Handlers\FileHandler' driver.
WARNING - 2023-05-19 02:26:57 --> [DEPRECATED] Creation of dynamic property App\Controllers\Product::$productModel is deprecated in APPPATH\Controllers\Product.php on line 11.
 1 SYSTEMPATH\CodeIgniter.php(906): App\Controllers\Product->__construct()
 2 SYSTEMPATH\CodeIgniter.php(490): CodeIgniter\CodeIgniter->createController()
 3 SYSTEMPATH\CodeIgniter.php(368): CodeIgniter\CodeIgniter->handleRequest(null, Object(Config\Cache), false)
 4 FCPATH\index.php(67): CodeIgniter\CodeIgniter->run()
 5 SYSTEMPATH\Commands\Server\rewrite.php(47): require_once('FCPATH\\index.php')
INFO - 2023-05-19 02:26:57 --> Session: Class initialized using 'CodeIgniter\Session\Handlers\FileHandler' driver.
WARNING - 2023-05-19 02:26:57 --> [DEPRECATED] Creation of dynamic property App\Controllers\Product::$productModel is deprecated in APPPATH\Controllers\Product.php on line 11.
 1 SYSTEMPATH\CodeIgniter.php(906): App\Controllers\Product->__construct()
 2 SYSTEMPATH\CodeIgniter.php(490): CodeIgniter\CodeIgniter->createController()
 3 SYSTEMPATH\CodeIgniter.php(368): CodeIgniter\CodeIgniter->handleRequest(null, Object(Config\Cache), false)
 4 FCPATH\index.php(67): CodeIgniter\CodeIgniter->run()
 5 SYSTEMPATH\Commands\Server\rewrite.php(47): require_once('FCPATH\\index.php')
INFO - 2023-05-19 02:28:01 --> Session: Class initialized using 'CodeIgniter\Session\Handlers\FileHandler' driver.
WARNING - 2023-05-19 02:28:01 --> [DEPRECATED] Creation of dynamic property App\Controllers\Product::$productModel is deprecated in APPPATH\Controllers\Product.php on line 11.
 1 SYSTEMPATH\CodeIgniter.php(906): App\Controllers\Product->__construct()
 2 SYSTEMPATH\CodeIgniter.php(490): CodeIgniter\CodeIgniter->createController()
 3 SYSTEMPATH\CodeIgniter.php(368): CodeIgniter\CodeIgniter->handleRequest(null, Object(Config\Cache), false)
 4 FCPATH\index.php(67): CodeIgniter\CodeIgniter->run()
 5 SYSTEMPATH\Commands\Server\rewrite.php(47): require_once('FCPATH\\index.php')
INFO - 2023-05-19 02:28:01 --> Session: Class initialized using 'CodeIgniter\Session\Handlers\FileHandler' driver.
WARNING - 2023-05-19 02:28:01 --> [DEPRECATED] Creation of dynamic property App\Controllers\Product::$productModel is deprecated in APPPATH\Controllers\Product.php on line 11.
 1 SYSTEMPATH\CodeIgniter.php(906): App\Controllers\Product->__construct()
 2 SYSTEMPATH\CodeIgniter.php(490): CodeIgniter\CodeIgniter->createController()
 3 SYSTEMPATH\CodeIgniter.php(368): CodeIgniter\CodeIgniter->handleRequest(null, Object(Config\Cache), false)
 4 FCPATH\index.php(67): CodeIgniter\CodeIgniter->run()
 5 SYSTEMPATH\Commands\Server\rewrite.php(47): require_once('FCPATH\\index.php')
INFO - 2023-05-19 02:28:05 --> Session: Class initialized using 'CodeIgniter\Session\Handlers\FileHandler' driver.
WARNING - 2023-05-19 02:28:05 --> [DEPRECATED] Creation of dynamic property App\Controllers\Product::$productModel is deprecated in APPPATH\Controllers\Product.php on line 11.
 1 SYSTEMPATH\CodeIgniter.php(906): App\Controllers\Product->__construct()
 2 SYSTEMPATH\CodeIgniter.php(490): CodeIgniter\CodeIgniter->createController()
 3 SYSTEMPATH\CodeIgniter.php(368): CodeIgniter\CodeIgniter->handleRequest(null, Object(Config\Cache), false)
 4 FCPATH\index.php(67): CodeIgniter\CodeIgniter->run()
 5 SYSTEMPATH\Commands\Server\rewrite.php(47): require_once('FCPATH\\index.php')
INFO - 2023-05-19 02:28:05 --> Session: Class initialized using 'CodeIgniter\Session\Handlers\FileHandler' driver.
WARNING - 2023-05-19 02:28:05 --> [DEPRECATED] Creation of dynamic property App\Controllers\Product::$productModel is deprecated in APPPATH\Controllers\Product.php on line 11.
 1 SYSTEMPATH\CodeIgniter.php(906): App\Controllers\Product->__construct()
 2 SYSTEMPATH\CodeIgniter.php(490): CodeIgniter\CodeIgniter->createController()
 3 SYSTEMPATH\CodeIgniter.php(368): CodeIgniter\CodeIgniter->handleRequest(null, Object(Config\Cache), false)
 4 FCPATH\index.php(67): CodeIgniter\CodeIgniter->run()
 5 SYSTEMPATH\Commands\Server\rewrite.php(47): require_once('FCPATH\\index.php')
INFO - 2023-05-19 02:28:06 --> Session: Class initialized using 'CodeIgniter\Session\Handlers\FileHandler' driver.
WARNING - 2023-05-19 02:28:06 --> [DEPRECATED] Creation of dynamic property App\Controllers\Product::$productModel is deprecated in APPPATH\Controllers\Product.php on line 11.
 1 SYSTEMPATH\CodeIgniter.php(906): App\Controllers\Product->__construct()
 2 SYSTEMPATH\CodeIgniter.php(490): CodeIgniter\CodeIgniter->createController()
 3 SYSTEMPATH\CodeIgniter.php(368): CodeIgniter\CodeIgniter->handleRequest(null, Object(Config\Cache), false)
 4 FCPATH\index.php(67): CodeIgniter\CodeIgniter->run()
 5 SYSTEMPATH\Commands\Server\rewrite.php(47): require_once('FCPATH\\index.php')
INFO - 2023-05-19 02:28:06 --> Session: Class initialized using 'CodeIgniter\Session\Handlers\FileHandler' driver.
WARNING - 2023-05-19 02:28:06 --> [DEPRECATED] Creation of dynamic property App\Controllers\Product::$productModel is deprecated in APPPATH\Controllers\Product.php on line 11.
 1 SYSTEMPATH\CodeIgniter.php(906): App\Controllers\Product->__construct()
 2 SYSTEMPATH\CodeIgniter.php(490): CodeIgniter\CodeIgniter->createController()
 3 SYSTEMPATH\CodeIgniter.php(368): CodeIgniter\CodeIgniter->handleRequest(null, Object(Config\Cache), false)
 4 FCPATH\index.php(67): CodeIgniter\CodeIgniter->run()
 5 SYSTEMPATH\Commands\Server\rewrite.php(47): require_once('FCPATH\\index.php')
INFO - 2023-05-19 02:28:06 --> Session: Class initialized using 'CodeIgniter\Session\Handlers\FileHandler' driver.
WARNING - 2023-05-19 02:28:06 --> [DEPRECATED] Creation of dynamic property App\Controllers\Product::$productModel is deprecated in APPPATH\Controllers\Product.php on line 11.
 1 SYSTEMPATH\CodeIgniter.php(906): App\Controllers\Product->__construct()
 2 SYSTEMPATH\CodeIgniter.php(490): CodeIgniter\CodeIgniter->createController()
 3 SYSTEMPATH\CodeIgniter.php(368): CodeIgniter\CodeIgniter->handleRequest(null, Object(Config\Cache), false)
 4 FCPATH\index.php(67): CodeIgniter\CodeIgniter->run()
 5 SYSTEMPATH\Commands\Server\rewrite.php(47): require_once('FCPATH\\index.php')
INFO - 2023-05-19 02:28:06 --> Session: Class initialized using 'CodeIgniter\Session\Handlers\FileHandler' driver.
WARNING - 2023-05-19 02:28:06 --> [DEPRECATED] Creation of dynamic property App\Controllers\Product::$productModel is deprecated in APPPATH\Controllers\Product.php on line 11.
 1 SYSTEMPATH\CodeIgniter.php(906): App\Controllers\Product->__construct()
 2 SYSTEMPATH\CodeIgniter.php(490): CodeIgniter\CodeIgniter->createController()
 3 SYSTEMPATH\CodeIgniter.php(368): CodeIgniter\CodeIgniter->handleRequest(null, Object(Config\Cache), false)
 4 FCPATH\index.php(67): CodeIgniter\CodeIgniter->run()
 5 SYSTEMPATH\Commands\Server\rewrite.php(47): require_once('FCPATH\\index.php')
INFO - 2023-05-19 02:28:06 --> Session: Class initialized using 'CodeIgniter\Session\Handlers\FileHandler' driver.
WARNING - 2023-05-19 02:28:06 --> [DEPRECATED] Creation of dynamic property App\Controllers\Product::$productModel is deprecated in APPPATH\Controllers\Product.php on line 11.
 1 SYSTEMPATH\CodeIgniter.php(906): App\Controllers\Product->__construct()
 2 SYSTEMPATH\CodeIgniter.php(490): CodeIgniter\CodeIgniter->createController()
 3 SYSTEMPATH\CodeIgniter.php(368): CodeIgniter\CodeIgniter->handleRequest(null, Object(Config\Cache), false)
 4 FCPATH\index.php(67): CodeIgniter\CodeIgniter->run()
 5 SYSTEMPATH\Commands\Server\rewrite.php(47): require_once('FCPATH\\index.php')
INFO - 2023-05-19 02:28:06 --> Session: Class initialized using 'CodeIgniter\Session\Handlers\FileHandler' driver.
WARNING - 2023-05-19 02:28:06 --> [DEPRECATED] Creation of dynamic property App\Controllers\Product::$productModel is deprecated in APPPATH\Controllers\Product.php on line 11.
 1 SYSTEMPATH\CodeIgniter.php(906): App\Controllers\Product->__construct()
 2 SYSTEMPATH\CodeIgniter.php(490): CodeIgniter\CodeIgniter->createController()
 3 SYSTEMPATH\CodeIgniter.php(368): CodeIgniter\CodeIgniter->handleRequest(null, Object(Config\Cache), false)
 4 FCPATH\index.php(67): CodeIgniter\CodeIgniter->run()
 5 SYSTEMPATH\Commands\Server\rewrite.php(47): require_once('FCPATH\\index.php')
INFO - 2023-05-19 02:28:16 --> Session: Class initialized using 'CodeIgniter\Session\Handlers\FileHandler' driver.
WARNING - 2023-05-19 02:28:16 --> [DEPRECATED] Creation of dynamic property App\Controllers\Product::$productModel is deprecated in APPPATH\Controllers\Product.php on line 11.
 1 SYSTEMPATH\CodeIgniter.php(906): App\Controllers\Product->__construct()
 2 SYSTEMPATH\CodeIgniter.php(490): CodeIgniter\CodeIgniter->createController()
 3 SYSTEMPATH\CodeIgniter.php(368): CodeIgniter\CodeIgniter->handleRequest(null, Object(Config\Cache), false)
 4 FCPATH\index.php(67): CodeIgniter\CodeIgniter->run()
 5 SYSTEMPATH\Commands\Server\rewrite.php(47): require_once('FCPATH\\index.php')
INFO - 2023-05-19 02:28:16 --> Session: Class initialized using 'CodeIgniter\Session\Handlers\FileHandler' driver.
WARNING - 2023-05-19 02:28:16 --> [DEPRECATED] Creation of dynamic property App\Controllers\Product::$productModel is deprecated in APPPATH\Controllers\Product.php on line 11.
 1 SYSTEMPATH\CodeIgniter.php(906): App\Controllers\Product->__construct()
 2 SYSTEMPATH\CodeIgniter.php(490): CodeIgniter\CodeIgniter->createController()
 3 SYSTEMPATH\CodeIgniter.php(368): CodeIgniter\CodeIgniter->handleRequest(null, Object(Config\Cache), false)
 4 FCPATH\index.php(67): CodeIgniter\CodeIgniter->run()
 5 SYSTEMPATH\Commands\Server\rewrite.php(47): require_once('FCPATH\\index.php')
WARNING - 2023-05-19 02:28:23 --> [DEPRECATED] Creation of dynamic property App\Controllers\User::$productModel is deprecated in APPPATH\Controllers\User.php on line 12.
 1 SYSTEMPATH\CodeIgniter.php(906): App\Controllers\User->__construct()
 2 SYSTEMPATH\CodeIgniter.php(490): CodeIgniter\CodeIgniter->createController()
 3 SYSTEMPATH\CodeIgniter.php(368): CodeIgniter\CodeIgniter->handleRequest(null, Object(Config\Cache), false)
 4 FCPATH\index.php(67): CodeIgniter\CodeIgniter->run()
 5 SYSTEMPATH\Commands\Server\rewrite.php(47): require_once('FCPATH\\index.php')
WARNING - 2023-05-19 02:28:23 --> [DEPRECATED] Creation of dynamic property App\Controllers\User::$VisitorModel is deprecated in APPPATH\Controllers\User.php on line 13.
 1 SYSTEMPATH\CodeIgniter.php(906): App\Controllers\User->__construct()
 2 SYSTEMPATH\CodeIgniter.php(490): CodeIgniter\CodeIgniter->createController()
 3 SYSTEMPATH\CodeIgniter.php(368): CodeIgniter\CodeIgniter->handleRequest(null, Object(Config\Cache), false)
 4 FCPATH\index.php(67): CodeIgniter\CodeIgniter->run()
 5 SYSTEMPATH\Commands\Server\rewrite.php(47): require_once('FCPATH\\index.php')
WARNING - 2023-05-19 02:28:30 --> [DEPRECATED] Creation of dynamic property App\Controllers\User::$productModel is deprecated in APPPATH\Controllers\User.php on line 12.
 1 SYSTEMPATH\CodeIgniter.php(906): App\Controllers\User->__construct()
 2 SYSTEMPATH\CodeIgniter.php(490): CodeIgniter\CodeIgniter->createController()
 3 SYSTEMPATH\CodeIgniter.php(368): CodeIgniter\CodeIgniter->handleRequest(null, Object(Config\Cache), false)
 4 FCPATH\index.php(67): CodeIgniter\CodeIgniter->run()
 5 SYSTEMPATH\Commands\Server\rewrite.php(47): require_once('FCPATH\\index.php')
WARNING - 2023-05-19 02:28:30 --> [DEPRECATED] Creation of dynamic property App\Controllers\User::$VisitorModel is deprecated in APPPATH\Controllers\User.php on line 13.
 1 SYSTEMPATH\CodeIgniter.php(906): App\Controllers\User->__construct()
 2 SYSTEMPATH\CodeIgniter.php(490): CodeIgniter\CodeIgniter->createController()
 3 SYSTEMPATH\CodeIgniter.php(368): CodeIgniter\CodeIgniter->handleRequest(null, Object(Config\Cache), false)
 4 FCPATH\index.php(67): CodeIgniter\CodeIgniter->run()
 5 SYSTEMPATH\Commands\Server\rewrite.php(47): require_once('FCPATH\\index.php')
WARNING - 2023-05-19 02:29:45 --> [DEPRECATED] Creation of dynamic property App\Controllers\User::$productModel is deprecated in APPPATH\Controllers\User.php on line 12.
 1 SYSTEMPATH\CodeIgniter.php(906): App\Controllers\User->__construct()
 2 SYSTEMPATH\CodeIgniter.php(490): CodeIgniter\CodeIgniter->createController()
 3 SYSTEMPATH\CodeIgniter.php(368): CodeIgniter\CodeIgniter->handleRequest(null, Object(Config\Cache), false)
 4 FCPATH\index.php(67): CodeIgniter\CodeIgniter->run()
 5 SYSTEMPATH\Commands\Server\rewrite.php(47): require_once('FCPATH\\index.php')
WARNING - 2023-05-19 02:29:45 --> [DEPRECATED] Creation of dynamic property App\Controllers\User::$VisitorModel is deprecated in APPPATH\Controllers\User.php on line 13.
 1 SYSTEMPATH\CodeIgniter.php(906): App\Controllers\User->__construct()
 2 SYSTEMPATH\CodeIgniter.php(490): CodeIgniter\CodeIgniter->createController()
 3 SYSTEMPATH\CodeIgniter.php(368): CodeIgniter\CodeIgniter->handleRequest(null, Object(Config\Cache), false)
 4 FCPATH\index.php(67): CodeIgniter\CodeIgniter->run()
 5 SYSTEMPATH\Commands\Server\rewrite.php(47): require_once('FCPATH\\index.php')
CRITICAL - 2023-05-19 02:29:45 --> Undefined array key "photo"
in APPPATH\Views\layouts\sub-home\heading-row.php on line 3.
 1 APPPATH\Views\layouts\sub-home\heading-row.php(3): CodeIgniter\Debug\Exceptions->errorHandler(2, 'Undefined array key "photo"', 'APPPATH\\Views\\layouts\\sub-home\\heading-row.php', 3)
 2 SYSTEMPATH\View\View.php(213): include('APPPATH\\Views\\layouts\\sub-home\\heading-row.php')
 3 SYSTEMPATH\View\View.php(216): CodeIgniter\View\View->CodeIgniter\View\{closure}()
 4 SYSTEMPATH\View\View.php(431): CodeIgniter\View\View->render('layouts/sub-home/heading-row', null, true)
 5 APPPATH\Views\base\baseFashion.php(12): CodeIgniter\View\View->include('layouts/sub-home/heading-row')
 6 SYSTEMPATH\View\View.php(213): include('APPPATH\\Views\\base\\baseFashion.php')
 7 SYSTEMPATH\View\View.php(216): CodeIgniter\View\View->CodeIgniter\View\{closure}()
 8 SYSTEMPATH\Common.php(1184): CodeIgniter\View\View->render('base/baseFashion', [], true)
 9 APPPATH\Controllers\User.php(31): view('base/baseFashion', [...])
10 SYSTEMPATH\CodeIgniter.php(934): App\Controllers\User->fashion()
11 SYSTEMPATH\CodeIgniter.php(499): CodeIgniter\CodeIgniter->runController(Object(App\Controllers\User))
12 SYSTEMPATH\CodeIgniter.php(368): CodeIgniter\CodeIgniter->handleRequest(null, Object(Config\Cache), false)
13 FCPATH\index.php(67): CodeIgniter\CodeIgniter->run()
14 SYSTEMPATH\Commands\Server\rewrite.php(47): require_once('FCPATH\\index.php')
WARNING - 2023-05-19 02:30:38 --> [DEPRECATED] Creation of dynamic property App\Controllers\User::$productModel is deprecated in APPPATH\Controllers\User.php on line 12.
 1 SYSTEMPATH\CodeIgniter.php(906): App\Controllers\User->__construct()
 2 SYSTEMPATH\CodeIgniter.php(490): CodeIgniter\CodeIgniter->createController()
 3 SYSTEMPATH\CodeIgniter.php(368): CodeIgniter\CodeIgniter->handleRequest(null, Object(Config\Cache), false)
 4 FCPATH\index.php(67): CodeIgniter\CodeIgniter->run()
 5 SYSTEMPATH\Commands\Server\rewrite.php(47): require_once('FCPATH\\index.php')
WARNING - 2023-05-19 02:30:38 --> [DEPRECATED] Creation of dynamic property App\Controllers\User::$VisitorModel is deprecated in APPPATH\Controllers\User.php on line 13.
 1 SYSTEMPATH\CodeIgniter.php(906): App\Controllers\User->__construct()
 2 SYSTEMPATH\CodeIgniter.php(490): CodeIgniter\CodeIgniter->createController()
 3 SYSTEMPATH\CodeIgniter.php(368): CodeIgniter\CodeIgniter->handleRequest(null, Object(Config\Cache), false)
 4 FCPATH\index.php(67): CodeIgniter\CodeIgniter->run()
 5 SYSTEMPATH\Commands\Server\rewrite.php(47): require_once('FCPATH\\index.php')
CRITICAL - 2023-05-19 02:30:38 --> Undefined array key "photo"
in APPPATH\Views\layouts\sub-home\heading-row.php on line 3.
 1 APPPATH\Views\layouts\sub-home\heading-row.php(3): CodeIgniter\Debug\Exceptions->errorHandler(2, 'Undefined array key "photo"', 'APPPATH\\Views\\layouts\\sub-home\\heading-row.php', 3)
 2 SYSTEMPATH\View\View.php(213): include('APPPATH\\Views\\layouts\\sub-home\\heading-row.php')
 3 SYSTEMPATH\View\View.php(216): CodeIgniter\View\View->CodeIgniter\View\{closure}()
 4 SYSTEMPATH\View\View.php(431): CodeIgniter\View\View->render('layouts/sub-home/heading-row', null, true)
 5 APPPATH\Views\base\baseFashion.php(12): CodeIgniter\View\View->include('layouts/sub-home/heading-row')
 6 SYSTEMPATH\View\View.php(213): include('APPPATH\\Views\\base\\baseFashion.php')
 7 SYSTEMPATH\View\View.php(216): CodeIgniter\View\View->CodeIgniter\View\{closure}()
 8 SYSTEMPATH\Common.php(1184): CodeIgniter\View\View->render('base/baseFashion', [], true)
 9 APPPATH\Controllers\User.php(31): view('base/baseFashion', [...])
10 SYSTEMPATH\CodeIgniter.php(934): App\Controllers\User->fashion()
11 SYSTEMPATH\CodeIgniter.php(499): CodeIgniter\CodeIgniter->runController(Object(App\Controllers\User))
12 SYSTEMPATH\CodeIgniter.php(368): CodeIgniter\CodeIgniter->handleRequest(null, Object(Config\Cache), false)
13 FCPATH\index.php(67): CodeIgniter\CodeIgniter->run()
14 SYSTEMPATH\Commands\Server\rewrite.php(47): require_once('FCPATH\\index.php')
WARNING - 2023-05-19 02:30:42 --> [DEPRECATED] Creation of dynamic property App\Controllers\User::$productModel is deprecated in APPPATH\Controllers\User.php on line 12.
 1 SYSTEMPATH\CodeIgniter.php(906): App\Controllers\User->__construct()
 2 SYSTEMPATH\CodeIgniter.php(490): CodeIgniter\CodeIgniter->createController()
 3 SYSTEMPATH\CodeIgniter.php(368): CodeIgniter\CodeIgniter->handleRequest(null, Object(Config\Cache), false)
 4 FCPATH\index.php(67): CodeIgniter\CodeIgniter->run()
 5 SYSTEMPATH\Commands\Server\rewrite.php(47): require_once('FCPATH\\index.php')
WARNING - 2023-05-19 02:30:42 --> [DEPRECATED] Creation of dynamic property App\Controllers\User::$VisitorModel is deprecated in APPPATH\Controllers\User.php on line 13.
 1 SYSTEMPATH\CodeIgniter.php(906): App\Controllers\User->__construct()
 2 SYSTEMPATH\CodeIgniter.php(490): CodeIgniter\CodeIgniter->createController()
 3 SYSTEMPATH\CodeIgniter.php(368): CodeIgniter\CodeIgniter->handleRequest(null, Object(Config\Cache), false)
 4 FCPATH\index.php(67): CodeIgniter\CodeIgniter->run()
 5 SYSTEMPATH\Commands\Server\rewrite.php(47): require_once('FCPATH\\index.php')
WARNING - 2023-05-19 02:30:46 --> [DEPRECATED] Creation of dynamic property App\Controllers\User::$productModel is deprecated in APPPATH\Controllers\User.php on line 12.
 1 SYSTEMPATH\CodeIgniter.php(906): App\Controllers\User->__construct()
 2 SYSTEMPATH\CodeIgniter.php(490): CodeIgniter\CodeIgniter->createController()
 3 SYSTEMPATH\CodeIgniter.php(368): CodeIgniter\CodeIgniter->handleRequest(null, Object(Config\Cache), false)
 4 FCPATH\index.php(67): CodeIgniter\CodeIgniter->run()
 5 SYSTEMPATH\Commands\Server\rewrite.php(47): require_once('FCPATH\\index.php')
WARNING - 2023-05-19 02:30:46 --> [DEPRECATED] Creation of dynamic property App\Controllers\User::$VisitorModel is deprecated in APPPATH\Controllers\User.php on line 13.
 1 SYSTEMPATH\CodeIgniter.php(906): App\Controllers\User->__construct()
 2 SYSTEMPATH\CodeIgniter.php(490): CodeIgniter\CodeIgniter->createController()
 3 SYSTEMPATH\CodeIgniter.php(368): CodeIgniter\CodeIgniter->handleRequest(null, Object(Config\Cache), false)
 4 FCPATH\index.php(67): CodeIgniter\CodeIgniter->run()
 5 SYSTEMPATH\Commands\Server\rewrite.php(47): require_once('FCPATH\\index.php')
CRITICAL - 2023-05-19 02:30:46 --> Undefined array key "photo"
in APPPATH\Views\layouts\sub-home\heading-row.php on line 3.
 1 APPPATH\Views\layouts\sub-home\heading-row.php(3): CodeIgniter\Debug\Exceptions->errorHandler(2, 'Undefined array key "photo"', 'APPPATH\\Views\\layouts\\sub-home\\heading-row.php', 3)
 2 SYSTEMPATH\View\View.php(213): include('APPPATH\\Views\\layouts\\sub-home\\heading-row.php')
 3 SYSTEMPATH\View\View.php(216): CodeIgniter\View\View->CodeIgniter\View\{closure}()
 4 SYSTEMPATH\View\View.php(431): CodeIgniter\View\View->render('layouts/sub-home/heading-row', null, true)
 5 APPPATH\Views\base\baseFashion.php(12): CodeIgniter\View\View->include('layouts/sub-home/heading-row')
 6 SYSTEMPATH\View\View.php(213): include('APPPATH\\Views\\base\\baseFashion.php')
 7 SYSTEMPATH\View\View.php(216): CodeIgniter\View\View->CodeIgniter\View\{closure}()
 8 SYSTEMPATH\Common.php(1184): CodeIgniter\View\View->render('base/baseFashion', [], true)
 9 APPPATH\Controllers\User.php(31): view('base/baseFashion', [...])
10 SYSTEMPATH\CodeIgniter.php(934): App\Controllers\User->fashion()
11 SYSTEMPATH\CodeIgniter.php(499): CodeIgniter\CodeIgniter->runController(Object(App\Controllers\User))
12 SYSTEMPATH\CodeIgniter.php(368): CodeIgniter\CodeIgniter->handleRequest(null, Object(Config\Cache), false)
13 FCPATH\index.php(67): CodeIgniter\CodeIgniter->run()
14 SYSTEMPATH\Commands\Server\rewrite.php(47): require_once('FCPATH\\index.php')
WARNING - 2023-05-19 02:30:51 --> [DEPRECATED] Creation of dynamic property App\Controllers\User::$productModel is deprecated in APPPATH\Controllers\User.php on line 12.
 1 SYSTEMPATH\CodeIgniter.php(906): App\Controllers\User->__construct()
 2 SYSTEMPATH\CodeIgniter.php(490): CodeIgniter\CodeIgniter->createController()
 3 SYSTEMPATH\CodeIgniter.php(368): CodeIgniter\CodeIgniter->handleRequest(null, Object(Config\Cache), false)
 4 FCPATH\index.php(67): CodeIgniter\CodeIgniter->run()
 5 SYSTEMPATH\Commands\Server\rewrite.php(47): require_once('FCPATH\\index.php')
WARNING - 2023-05-19 02:30:51 --> [DEPRECATED] Creation of dynamic property App\Controllers\User::$VisitorModel is deprecated in APPPATH\Controllers\User.php on line 13.
 1 SYSTEMPATH\CodeIgniter.php(906): App\Controllers\User->__construct()
 2 SYSTEMPATH\CodeIgniter.php(490): CodeIgniter\CodeIgniter->createController()
 3 SYSTEMPATH\CodeIgniter.php(368): CodeIgniter\CodeIgniter->handleRequest(null, Object(Config\Cache), false)
 4 FCPATH\index.php(67): CodeIgniter\CodeIgniter->run()
 5 SYSTEMPATH\Commands\Server\rewrite.php(47): require_once('FCPATH\\index.php')
INFO - 2023-05-19 02:31:09 --> Session: Class initialized using 'CodeIgniter\Session\Handlers\FileHandler' driver.
WARNING - 2023-05-19 02:31:09 --> [DEPRECATED] Creation of dynamic property App\Controllers\Product::$productModel is deprecated in APPPATH\Controllers\Product.php on line 11.
 1 SYSTEMPATH\CodeIgniter.php(906): App\Controllers\Product->__construct()
 2 SYSTEMPATH\CodeIgniter.php(490): CodeIgniter\CodeIgniter->createController()
 3 SYSTEMPATH\CodeIgniter.php(368): CodeIgniter\CodeIgniter->handleRequest(null, Object(Config\Cache), false)
 4 FCPATH\index.php(67): CodeIgniter\CodeIgniter->run()
 5 SYSTEMPATH\Commands\Server\rewrite.php(47): require_once('FCPATH\\index.php')
INFO - 2023-05-19 02:31:10 --> Session: Class initialized using 'CodeIgniter\Session\Handlers\FileHandler' driver.
WARNING - 2023-05-19 02:31:10 --> [DEPRECATED] Creation of dynamic property App\Controllers\Product::$productModel is deprecated in APPPATH\Controllers\Product.php on line 11.
 1 SYSTEMPATH\CodeIgniter.php(906): App\Controllers\Product->__construct()
 2 SYSTEMPATH\CodeIgniter.php(490): CodeIgniter\CodeIgniter->createController()
 3 SYSTEMPATH\CodeIgniter.php(368): CodeIgniter\CodeIgniter->handleRequest(null, Object(Config\Cache), false)
 4 FCPATH\index.php(67): CodeIgniter\CodeIgniter->run()
 5 SYSTEMPATH\Commands\Server\rewrite.php(47): require_once('FCPATH\\index.php')
INFO - 2023-05-19 02:31:10 --> Session: Class initialized using 'CodeIgniter\Session\Handlers\FileHandler' driver.
WARNING - 2023-05-19 02:31:10 --> [DEPRECATED] Creation of dynamic property App\Controllers\Product::$productModel is deprecated in APPPATH\Controllers\Product.php on line 11.
 1 SYSTEMPATH\CodeIgniter.php(906): App\Controllers\Product->__construct()
 2 SYSTEMPATH\CodeIgniter.php(490): CodeIgniter\CodeIgniter->createController()
 3 SYSTEMPATH\CodeIgniter.php(368): CodeIgniter\CodeIgniter->handleRequest(null, Object(Config\Cache), false)
 4 FCPATH\index.php(67): CodeIgniter\CodeIgniter->run()
 5 SYSTEMPATH\Commands\Server\rewrite.php(47): require_once('FCPATH\\index.php')
INFO - 2023-05-19 02:31:10 --> Session: Class initialized using 'CodeIgniter\Session\Handlers\FileHandler' driver.
WARNING - 2023-05-19 02:31:10 --> [DEPRECATED] Creation of dynamic property App\Controllers\Product::$productModel is deprecated in APPPATH\Controllers\Product.php on line 11.
 1 SYSTEMPATH\CodeIgniter.php(906): App\Controllers\Product->__construct()
 2 SYSTEMPATH\CodeIgniter.php(490): CodeIgniter\CodeIgniter->createController()
 3 SYSTEMPATH\CodeIgniter.php(368): CodeIgniter\CodeIgniter->handleRequest(null, Object(Config\Cache), false)
 4 FCPATH\index.php(67): CodeIgniter\CodeIgniter->run()
 5 SYSTEMPATH\Commands\Server\rewrite.php(47): require_once('FCPATH\\index.php')
INFO - 2023-05-19 02:31:10 --> Session: Class initialized using 'CodeIgniter\Session\Handlers\FileHandler' driver.
WARNING - 2023-05-19 02:31:10 --> [DEPRECATED] Creation of dynamic property App\Controllers\Product::$productModel is deprecated in APPPATH\Controllers\Product.php on line 11.
 1 SYSTEMPATH\CodeIgniter.php(906): App\Controllers\Product->__construct()
 2 SYSTEMPATH\CodeIgniter.php(490): CodeIgniter\CodeIgniter->createController()
 3 SYSTEMPATH\CodeIgniter.php(368): CodeIgniter\CodeIgniter->handleRequest(null, Object(Config\Cache), false)
 4 FCPATH\index.php(67): CodeIgniter\CodeIgniter->run()
 5 SYSTEMPATH\Commands\Server\rewrite.php(47): require_once('FCPATH\\index.php')
INFO - 2023-05-19 02:31:10 --> Session: Class initialized using 'CodeIgniter\Session\Handlers\FileHandler' driver.
WARNING - 2023-05-19 02:31:10 --> [DEPRECATED] Creation of dynamic property App\Controllers\Product::$productModel is deprecated in APPPATH\Controllers\Product.php on line 11.
 1 SYSTEMPATH\CodeIgniter.php(906): App\Controllers\Product->__construct()
 2 SYSTEMPATH\CodeIgniter.php(490): CodeIgniter\CodeIgniter->createController()
 3 SYSTEMPATH\CodeIgniter.php(368): CodeIgniter\CodeIgniter->handleRequest(null, Object(Config\Cache), false)
 4 FCPATH\index.php(67): CodeIgniter\CodeIgniter->run()
 5 SYSTEMPATH\Commands\Server\rewrite.php(47): require_once('FCPATH\\index.php')
INFO - 2023-05-19 02:31:10 --> Session: Class initialized using 'CodeIgniter\Session\Handlers\FileHandler' driver.
WARNING - 2023-05-19 02:31:10 --> [DEPRECATED] Creation of dynamic property App\Controllers\Product::$productModel is deprecated in APPPATH\Controllers\Product.php on line 11.
 1 SYSTEMPATH\CodeIgniter.php(906): App\Controllers\Product->__construct()
 2 SYSTEMPATH\CodeIgniter.php(490): CodeIgniter\CodeIgniter->createController()
 3 SYSTEMPATH\CodeIgniter.php(368): CodeIgniter\CodeIgniter->handleRequest(null, Object(Config\Cache), false)
 4 FCPATH\index.php(67): CodeIgniter\CodeIgniter->run()
 5 SYSTEMPATH\Commands\Server\rewrite.php(47): require_once('FCPATH\\index.php')
INFO - 2023-05-19 02:31:10 --> Session: Class initialized using 'CodeIgniter\Session\Handlers\FileHandler' driver.
WARNING - 2023-05-19 02:31:10 --> [DEPRECATED] Creation of dynamic property App\Controllers\Product::$productModel is deprecated in APPPATH\Controllers\Product.php on line 11.
 1 SYSTEMPATH\CodeIgniter.php(906): App\Controllers\Product->__construct()
 2 SYSTEMPATH\CodeIgniter.php(490): CodeIgniter\CodeIgniter->createController()
 3 SYSTEMPATH\CodeIgniter.php(368): CodeIgniter\CodeIgniter->handleRequest(null, Object(Config\Cache), false)
 4 FCPATH\index.php(67): CodeIgniter\CodeIgniter->run()
 5 SYSTEMPATH\Commands\Server\rewrite.php(47): require_once('FCPATH\\index.php')
INFO - 2023-05-19 02:33:06 --> Session: Class initialized using 'CodeIgniter\Session\Handlers\FileHandler' driver.
WARNING - 2023-05-19 02:33:06 --> [DEPRECATED] Creation of dynamic property App\Controllers\Product::$productModel is deprecated in APPPATH\Controllers\Product.php on line 11.
 1 SYSTEMPATH\CodeIgniter.php(906): App\Controllers\Product->__construct()
 2 SYSTEMPATH\CodeIgniter.php(490): CodeIgniter\CodeIgniter->createController()
 3 SYSTEMPATH\CodeIgniter.php(368): CodeIgniter\CodeIgniter->handleRequest(null, Object(Config\Cache), false)
 4 FCPATH\index.php(67): CodeIgniter\CodeIgniter->run()
 5 SYSTEMPATH\Commands\Server\rewrite.php(47): require_once('FCPATH\\index.php')
INFO - 2023-05-19 02:33:06 --> Session: Class initialized using 'CodeIgniter\Session\Handlers\FileHandler' driver.
WARNING - 2023-05-19 02:33:06 --> [DEPRECATED] Creation of dynamic property App\Controllers\Product::$productModel is deprecated in APPPATH\Controllers\Product.php on line 11.
 1 SYSTEMPATH\CodeIgniter.php(906): App\Controllers\Product->__construct()
 2 SYSTEMPATH\CodeIgniter.php(490): CodeIgniter\CodeIgniter->createController()
 3 SYSTEMPATH\CodeIgniter.php(368): CodeIgniter\CodeIgniter->handleRequest(null, Object(Config\Cache), false)
 4 FCPATH\index.php(67): CodeIgniter\CodeIgniter->run()
 5 SYSTEMPATH\Commands\Server\rewrite.php(47): require_once('FCPATH\\index.php')
WARNING - 2023-05-19 02:33:09 --> [DEPRECATED] Creation of dynamic property App\Controllers\User::$productModel is deprecated in APPPATH\Controllers\User.php on line 12.
 1 SYSTEMPATH\CodeIgniter.php(906): App\Controllers\User->__construct()
 2 SYSTEMPATH\CodeIgniter.php(490): CodeIgniter\CodeIgniter->createController()
 3 SYSTEMPATH\CodeIgniter.php(368): CodeIgniter\CodeIgniter->handleRequest(null, Object(Config\Cache), false)
 4 FCPATH\index.php(67): CodeIgniter\CodeIgniter->run()
 5 SYSTEMPATH\Commands\Server\rewrite.php(47): require_once('FCPATH\\index.php')
WARNING - 2023-05-19 02:33:09 --> [DEPRECATED] Creation of dynamic property App\Controllers\User::$VisitorModel is deprecated in APPPATH\Controllers\User.php on line 13.
 1 SYSTEMPATH\CodeIgniter.php(906): App\Controllers\User->__construct()
 2 SYSTEMPATH\CodeIgniter.php(490): CodeIgniter\CodeIgniter->createController()
 3 SYSTEMPATH\CodeIgniter.php(368): CodeIgniter\CodeIgniter->handleRequest(null, Object(Config\Cache), false)
 4 FCPATH\index.php(67): CodeIgniter\CodeIgniter->run()
 5 SYSTEMPATH\Commands\Server\rewrite.php(47): require_once('FCPATH\\index.php')
WARNING - 2023-05-19 02:33:34 --> [DEPRECATED] Creation of dynamic property App\Controllers\User::$productModel is deprecated in APPPATH\Controllers\User.php on line 12.
 1 SYSTEMPATH\CodeIgniter.php(906): App\Controllers\User->__construct()
 2 SYSTEMPATH\CodeIgniter.php(490): CodeIgniter\CodeIgniter->createController()
 3 SYSTEMPATH\CodeIgniter.php(368): CodeIgniter\CodeIgniter->handleRequest(null, Object(Config\Cache), false)
 4 FCPATH\index.php(67): CodeIgniter\CodeIgniter->run()
 5 SYSTEMPATH\Commands\Server\rewrite.php(47): require_once('FCPATH\\index.php')
WARNING - 2023-05-19 02:33:34 --> [DEPRECATED] Creation of dynamic property App\Controllers\User::$VisitorModel is deprecated in APPPATH\Controllers\User.php on line 13.
 1 SYSTEMPATH\CodeIgniter.php(906): App\Controllers\User->__construct()
 2 SYSTEMPATH\CodeIgniter.php(490): CodeIgniter\CodeIgniter->createController()
 3 SYSTEMPATH\CodeIgniter.php(368): CodeIgniter\CodeIgniter->handleRequest(null, Object(Config\Cache), false)
 4 FCPATH\index.php(67): CodeIgniter\CodeIgniter->run()
 5 SYSTEMPATH\Commands\Server\rewrite.php(47): require_once('FCPATH\\index.php')
CRITICAL - 2023-05-19 02:33:34 --> Undefined array key "photo"
in APPPATH\Views\layouts\sub-home\heading-row.php on line 3.
 1 APPPATH\Views\layouts\sub-home\heading-row.php(3): CodeIgniter\Debug\Exceptions->errorHandler(2, 'Undefined array key "photo"', 'APPPATH\\Views\\layouts\\sub-home\\heading-row.php', 3)
 2 SYSTEMPATH\View\View.php(213): include('APPPATH\\Views\\layouts\\sub-home\\heading-row.php')
 3 SYSTEMPATH\View\View.php(216): CodeIgniter\View\View->CodeIgniter\View\{closure}()
 4 SYSTEMPATH\View\View.php(431): CodeIgniter\View\View->render('layouts/sub-home/heading-row', null, true)
 5 APPPATH\Views\base\baseFashion.php(12): CodeIgniter\View\View->include('layouts/sub-home/heading-row')
 6 SYSTEMPATH\View\View.php(213): include('APPPATH\\Views\\base\\baseFashion.php')
 7 SYSTEMPATH\View\View.php(216): CodeIgniter\View\View->CodeIgniter\View\{closure}()
 8 SYSTEMPATH\Common.php(1184): CodeIgniter\View\View->render('base/baseFashion', [], true)
 9 APPPATH\Controllers\User.php(31): view('base/baseFashion', [...])
10 SYSTEMPATH\CodeIgniter.php(934): App\Controllers\User->fashion()
11 SYSTEMPATH\CodeIgniter.php(499): CodeIgniter\CodeIgniter->runController(Object(App\Controllers\User))
12 SYSTEMPATH\CodeIgniter.php(368): CodeIgniter\CodeIgniter->handleRequest(null, Object(Config\Cache), false)
13 FCPATH\index.php(67): CodeIgniter\CodeIgniter->run()
14 SYSTEMPATH\Commands\Server\rewrite.php(47): require_once('FCPATH\\index.php')
WARNING - 2023-05-19 02:34:07 --> [DEPRECATED] Creation of dynamic property App\Controllers\User::$productModel is deprecated in APPPATH\Controllers\User.php on line 12.
 1 SYSTEMPATH\CodeIgniter.php(906): App\Controllers\User->__construct()
 2 SYSTEMPATH\CodeIgniter.php(490): CodeIgniter\CodeIgniter->createController()
 3 SYSTEMPATH\CodeIgniter.php(368): CodeIgniter\CodeIgniter->handleRequest(null, Object(Config\Cache), false)
 4 FCPATH\index.php(67): CodeIgniter\CodeIgniter->run()
 5 SYSTEMPATH\Commands\Server\rewrite.php(47): require_once('FCPATH\\index.php')
WARNING - 2023-05-19 02:34:07 --> [DEPRECATED] Creation of dynamic property App\Controllers\User::$VisitorModel is deprecated in APPPATH\Controllers\User.php on line 13.
 1 SYSTEMPATH\CodeIgniter.php(906): App\Controllers\User->__construct()
 2 SYSTEMPATH\CodeIgniter.php(490): CodeIgniter\CodeIgniter->createController()
 3 SYSTEMPATH\CodeIgniter.php(368): CodeIgniter\CodeIgniter->handleRequest(null, Object(Config\Cache), false)
 4 FCPATH\index.php(67): CodeIgniter\CodeIgniter->run()
 5 SYSTEMPATH\Commands\Server\rewrite.php(47): require_once('FCPATH\\index.php')
CRITICAL - 2023-05-19 02:35:12 --> Trying to access array offset on value of type null
in APPPATH\Controllers\User.php on line 84.
 1 APPPATH\Controllers\User.php(84): CodeIgniter\Debug\Exceptions->errorHandler(2, 'Trying to access array offset on value of type null', 'APPPATH\\Controllers\\User.php', 84)
 2 SYSTEMPATH\CodeIgniter.php(934): App\Controllers\User->detail('js', 'scripts.js')
 3 SYSTEMPATH\CodeIgniter.php(499): CodeIgniter\CodeIgniter->runController(Object(App\Controllers\User))
 4 SYSTEMPATH\CodeIgniter.php(368): CodeIgniter\CodeIgniter->handleRequest(null, Object(Config\Cache), false)
 5 FCPATH\index.php(67): CodeIgniter\CodeIgniter->run()
 6 SYSTEMPATH\Commands\Server\rewrite.php(47): require_once('FCPATH\\index.php')
CRITICAL - 2023-05-19 02:35:13 --> Trying to access array offset on value of type null
in APPPATH\Controllers\User.php on line 84.
 1 APPPATH\Controllers\User.php(84): CodeIgniter\Debug\Exceptions->errorHandler(2, 'Trying to access array offset on value of type null', 'APPPATH\\Controllers\\User.php', 84)
 2 SYSTEMPATH\CodeIgniter.php(934): App\Controllers\User->detail('public', 'FCPATH\\assets', 'FCPATH\\favicon.ico')
 3 SYSTEMPATH\CodeIgniter.php(499): CodeIgniter\CodeIgniter->runController(Object(App\Controllers\User))
 4 SYSTEMPATH\CodeIgniter.php(368): CodeIgniter\CodeIgniter->handleRequest(null, Object(Config\Cache), false)
 5 FCPATH\index.php(67): CodeIgniter\CodeIgniter->run()
 6 SYSTEMPATH\Commands\Server\rewrite.php(47): require_once('FCPATH\\index.php')
CRITICAL - 2023-05-19 02:35:16 --> Trying to access array offset on value of type null
in APPPATH\Controllers\User.php on line 84.
 1 APPPATH\Controllers\User.php(84): CodeIgniter\Debug\Exceptions->errorHandler(2, 'Trying to access array offset on value of type null', 'APPPATH\\Controllers\\User.php', 84)
 2 SYSTEMPATH\CodeIgniter.php(934): App\Controllers\User->detail('user', 'detail', '2')
 3 SYSTEMPATH\CodeIgniter.php(499): CodeIgniter\CodeIgniter->runController(Object(App\Controllers\User))
 4 SYSTEMPATH\CodeIgniter.php(368): CodeIgniter\CodeIgniter->handleRequest(null, Object(Config\Cache), false)
 5 FCPATH\index.php(67): CodeIgniter\CodeIgniter->run()
 6 SYSTEMPATH\Commands\Server\rewrite.php(47): require_once('FCPATH\\index.php')
CRITICAL - 2023-05-19 02:35:20 --> Trying to access array offset on value of type null
in APPPATH\Controllers\User.php on line 84.
 1 APPPATH\Controllers\User.php(84): CodeIgniter\Debug\Exceptions->errorHandler(2, 'Trying to access array offset on value of type null', 'APPPATH\\Controllers\\User.php', 84)
 2 SYSTEMPATH\CodeIgniter.php(934): App\Controllers\User->detail('js', 'scripts.js')
 3 SYSTEMPATH\CodeIgniter.php(499): CodeIgniter\CodeIgniter->runController(Object(App\Controllers\User))
 4 SYSTEMPATH\CodeIgniter.php(368): CodeIgniter\CodeIgniter->handleRequest(null, Object(Config\Cache), false)
 5 FCPATH\index.php(67): CodeIgniter\CodeIgniter->run()
 6 SYSTEMPATH\Commands\Server\rewrite.php(47): require_once('FCPATH\\index.php')
CRITICAL - 2023-05-19 02:35:20 --> Trying to access array offset on value of type null
in APPPATH\Controllers\User.php on line 84.
 1 APPPATH\Controllers\User.php(84): CodeIgniter\Debug\Exceptions->errorHandler(2, 'Trying to access array offset on value of type null', 'APPPATH\\Controllers\\User.php', 84)
 2 SYSTEMPATH\CodeIgniter.php(934): App\Controllers\User->detail('public', 'FCPATH\\assets', 'FCPATH\\favicon.ico')
 3 SYSTEMPATH\CodeIgniter.php(499): CodeIgniter\CodeIgniter->runController(Object(App\Controllers\User))
 4 SYSTEMPATH\CodeIgniter.php(368): CodeIgniter\CodeIgniter->handleRequest(null, Object(Config\Cache), false)
 5 FCPATH\index.php(67): CodeIgniter\CodeIgniter->run()
 6 SYSTEMPATH\Commands\Server\rewrite.php(47): require_once('FCPATH\\index.php')
CRITICAL - 2023-05-19 02:36:47 --> Trying to access array offset on value of type null
in APPPATH\Controllers\User.php on line 84.
 1 APPPATH\Controllers\User.php(84): CodeIgniter\Debug\Exceptions->errorHandler(2, 'Trying to access array offset on value of type null', 'APPPATH\\Controllers\\User.php', 84)
 2 SYSTEMPATH\CodeIgniter.php(934): App\Controllers\User->detail('user', 'detail', '2')
 3 SYSTEMPATH\CodeIgniter.php(499): CodeIgniter\CodeIgniter->runController(Object(App\Controllers\User))
 4 SYSTEMPATH\CodeIgniter.php(368): CodeIgniter\CodeIgniter->handleRequest(null, Object(Config\Cache), false)
 5 FCPATH\index.php(67): CodeIgniter\CodeIgniter->run()
 6 SYSTEMPATH\Commands\Server\rewrite.php(47): require_once('FCPATH\\index.php')
CRITICAL - 2023-05-19 02:38:04 --> Trying to access array offset on value of type null
in APPPATH\Controllers\User.php on line 84.
 1 APPPATH\Controllers\User.php(84): CodeIgniter\Debug\Exceptions->errorHandler(2, 'Trying to access array offset on value of type null', 'APPPATH\\Controllers\\User.php', 84)
 2 SYSTEMPATH\CodeIgniter.php(934): App\Controllers\User->detail('js', 'scripts.js')
 3 SYSTEMPATH\CodeIgniter.php(499): CodeIgniter\CodeIgniter->runController(Object(App\Controllers\User))
 4 SYSTEMPATH\CodeIgniter.php(368): CodeIgniter\CodeIgniter->handleRequest(null, Object(Config\Cache), false)
 5 FCPATH\index.php(67): CodeIgniter\CodeIgniter->run()
 6 SYSTEMPATH\Commands\Server\rewrite.php(47): require_once('FCPATH\\index.php')
CRITICAL - 2023-05-19 02:38:04 --> Trying to access array offset on value of type null
in APPPATH\Controllers\User.php on line 84.
 1 APPPATH\Controllers\User.php(84): CodeIgniter\Debug\Exceptions->errorHandler(2, 'Trying to access array offset on value of type null', 'APPPATH\\Controllers\\User.php', 84)
 2 SYSTEMPATH\CodeIgniter.php(934): App\Controllers\User->detail('public', 'FCPATH\\assets', 'FCPATH\\favicon.ico')
 3 SYSTEMPATH\CodeIgniter.php(499): CodeIgniter\CodeIgniter->runController(Object(App\Controllers\User))
 4 SYSTEMPATH\CodeIgniter.php(368): CodeIgniter\CodeIgniter->handleRequest(null, Object(Config\Cache), false)
 5 FCPATH\index.php(67): CodeIgniter\CodeIgniter->run()
 6 SYSTEMPATH\Commands\Server\rewrite.php(47): require_once('FCPATH\\index.php')
CRITICAL - 2023-05-19 02:38:09 --> Trying to access array offset on value of type null
in APPPATH\Controllers\User.php on line 84.
 1 APPPATH\Controllers\User.php(84): CodeIgniter\Debug\Exceptions->errorHandler(2, 'Trying to access array offset on value of type null', 'APPPATH\\Controllers\\User.php', 84)
 2 SYSTEMPATH\CodeIgniter.php(934): App\Controllers\User->detail('user', 'detail')
 3 SYSTEMPATH\CodeIgniter.php(499): CodeIgniter\CodeIgniter->runController(Object(App\Controllers\User))
 4 SYSTEMPATH\CodeIgniter.php(368): CodeIgniter\CodeIgniter->handleRequest(null, Object(Config\Cache), false)
 5 FCPATH\index.php(67): CodeIgniter\CodeIgniter->run()
 6 SYSTEMPATH\Commands\Server\rewrite.php(47): require_once('FCPATH\\index.php')
CRITICAL - 2023-05-19 02:38:13 --> Trying to access array offset on value of type null
in APPPATH\Controllers\User.php on line 84.
 1 APPPATH\Controllers\User.php(84): CodeIgniter\Debug\Exceptions->errorHandler(2, 'Trying to access array offset on value of type null', 'APPPATH\\Controllers\\User.php', 84)
 2 SYSTEMPATH\CodeIgniter.php(934): App\Controllers\User->detail('js', 'scripts.js')
 3 SYSTEMPATH\CodeIgniter.php(499): CodeIgniter\CodeIgniter->runController(Object(App\Controllers\User))
 4 SYSTEMPATH\CodeIgniter.php(368): CodeIgniter\CodeIgniter->handleRequest(null, Object(Config\Cache), false)
 5 FCPATH\index.php(67): CodeIgniter\CodeIgniter->run()
 6 SYSTEMPATH\Commands\Server\rewrite.php(47): require_once('FCPATH\\index.php')
CRITICAL - 2023-05-19 02:38:13 --> Trying to access array offset on value of type null
in APPPATH\Controllers\User.php on line 84.
 1 APPPATH\Controllers\User.php(84): CodeIgniter\Debug\Exceptions->errorHandler(2, 'Trying to access array offset on value of type null', 'APPPATH\\Controllers\\User.php', 84)
 2 SYSTEMPATH\CodeIgniter.php(934): App\Controllers\User->detail('public', 'FCPATH\\assets', 'FCPATH\\favicon.ico')
 3 SYSTEMPATH\CodeIgniter.php(499): CodeIgniter\CodeIgniter->runController(Object(App\Controllers\User))
 4 SYSTEMPATH\CodeIgniter.php(368): CodeIgniter\CodeIgniter->handleRequest(null, Object(Config\Cache), false)
 5 FCPATH\index.php(67): CodeIgniter\CodeIgniter->run()
 6 SYSTEMPATH\Commands\Server\rewrite.php(47): require_once('FCPATH\\index.php')
CRITICAL - 2023-05-19 02:38:44 --> Trying to access array offset on value of type null
in APPPATH\Controllers\User.php on line 84.
 1 APPPATH\Controllers\User.php(84): CodeIgniter\Debug\Exceptions->errorHandler(2, 'Trying to access array offset on value of type null', 'APPPATH\\Controllers\\User.php', 84)
 2 SYSTEMPATH\CodeIgniter.php(934): App\Controllers\User->detail('js', 'scripts.js')
 3 SYSTEMPATH\CodeIgniter.php(499): CodeIgniter\CodeIgniter->runController(Object(App\Controllers\User))
 4 SYSTEMPATH\CodeIgniter.php(368): CodeIgniter\CodeIgniter->handleRequest(null, Object(Config\Cache), false)
 5 FCPATH\index.php(67): CodeIgniter\CodeIgniter->run()
 6 SYSTEMPATH\Commands\Server\rewrite.php(47): require_once('FCPATH\\index.php')
CRITICAL - 2023-05-19 02:38:44 --> Trying to access array offset on value of type null
in APPPATH\Controllers\User.php on line 84.
 1 APPPATH\Controllers\User.php(84): CodeIgniter\Debug\Exceptions->errorHandler(2, 'Trying to access array offset on value of type null', 'APPPATH\\Controllers\\User.php', 84)
 2 SYSTEMPATH\CodeIgniter.php(934): App\Controllers\User->detail('public', 'FCPATH\\assets', 'FCPATH\\favicon.ico')
 3 SYSTEMPATH\CodeIgniter.php(499): CodeIgniter\CodeIgniter->runController(Object(App\Controllers\User))
 4 SYSTEMPATH\CodeIgniter.php(368): CodeIgniter\CodeIgniter->handleRequest(null, Object(Config\Cache), false)
 5 FCPATH\index.php(67): CodeIgniter\CodeIgniter->run()
 6 SYSTEMPATH\Commands\Server\rewrite.php(47): require_once('FCPATH\\index.php')
CRITICAL - 2023-05-19 02:39:02 --> Trying to access array offset on value of type null
in APPPATH\Controllers\User.php on line 84.
 1 APPPATH\Controllers\User.php(84): CodeIgniter\Debug\Exceptions->errorHandler(2, 'Trying to access array offset on value of type null', 'APPPATH\\Controllers\\User.php', 84)
 2 SYSTEMPATH\CodeIgniter.php(934): App\Controllers\User->detail('js', 'scripts.js')
 3 SYSTEMPATH\CodeIgniter.php(499): CodeIgniter\CodeIgniter->runController(Object(App\Controllers\User))
 4 SYSTEMPATH\CodeIgniter.php(368): CodeIgniter\CodeIgniter->handleRequest(null, Object(Config\Cache), false)
 5 FCPATH\index.php(67): CodeIgniter\CodeIgniter->run()
 6 SYSTEMPATH\Commands\Server\rewrite.php(47): require_once('FCPATH\\index.php')
CRITICAL - 2023-05-19 02:39:02 --> Trying to access array offset on value of type null
in APPPATH\Controllers\User.php on line 84.
 1 APPPATH\Controllers\User.php(84): CodeIgniter\Debug\Exceptions->errorHandler(2, 'Trying to access array offset on value of type null', 'APPPATH\\Controllers\\User.php', 84)
 2 SYSTEMPATH\CodeIgniter.php(934): App\Controllers\User->detail('public', 'FCPATH\\assets', 'FCPATH\\favicon.ico')
 3 SYSTEMPATH\CodeIgniter.php(499): CodeIgniter\CodeIgniter->runController(Object(App\Controllers\User))
 4 SYSTEMPATH\CodeIgniter.php(368): CodeIgniter\CodeIgniter->handleRequest(null, Object(Config\Cache), false)
 5 FCPATH\index.php(67): CodeIgniter\CodeIgniter->run()
 6 SYSTEMPATH\Commands\Server\rewrite.php(47): require_once('FCPATH\\index.php')
CRITICAL - 2023-05-19 02:39:30 --> Trying to access array offset on value of type null
in APPPATH\Controllers\User.php on line 84.
 1 APPPATH\Controllers\User.php(84): CodeIgniter\Debug\Exceptions->errorHandler(2, 'Trying to access array offset on value of type null', 'APPPATH\\Controllers\\User.php', 84)
 2 SYSTEMPATH\CodeIgniter.php(934): App\Controllers\User->detail('js', 'scripts.js')
 3 SYSTEMPATH\CodeIgniter.php(499): CodeIgniter\CodeIgniter->runController(Object(App\Controllers\User))
 4 SYSTEMPATH\CodeIgniter.php(368): CodeIgniter\CodeIgniter->handleRequest(null, Object(Config\Cache), false)
 5 FCPATH\index.php(67): CodeIgniter\CodeIgniter->run()
 6 SYSTEMPATH\Commands\Server\rewrite.php(47): require_once('FCPATH\\index.php')
CRITICAL - 2023-05-19 02:39:30 --> Trying to access array offset on value of type null
in APPPATH\Controllers\User.php on line 84.
 1 APPPATH\Controllers\User.php(84): CodeIgniter\Debug\Exceptions->errorHandler(2, 'Trying to access array offset on value of type null', 'APPPATH\\Controllers\\User.php', 84)
 2 SYSTEMPATH\CodeIgniter.php(934): App\Controllers\User->detail('public', 'FCPATH\\assets', 'FCPATH\\favicon.ico')
 3 SYSTEMPATH\CodeIgniter.php(499): CodeIgniter\CodeIgniter->runController(Object(App\Controllers\User))
 4 SYSTEMPATH\CodeIgniter.php(368): CodeIgniter\CodeIgniter->handleRequest(null, Object(Config\Cache), false)
 5 FCPATH\index.php(67): CodeIgniter\CodeIgniter->run()
 6 SYSTEMPATH\Commands\Server\rewrite.php(47): require_once('FCPATH\\index.php')
CRITICAL - 2023-05-19 02:39:44 --> Trying to access array offset on value of type null
in APPPATH\Controllers\User.php on line 84.
 1 APPPATH\Controllers\User.php(84): CodeIgniter\Debug\Exceptions->errorHandler(2, 'Trying to access array offset on value of type null', 'APPPATH\\Controllers\\User.php', 84)
 2 SYSTEMPATH\CodeIgniter.php(934): App\Controllers\User->detail('js', 'scripts.js')
 3 SYSTEMPATH\CodeIgniter.php(499): CodeIgniter\CodeIgniter->runController(Object(App\Controllers\User))
 4 SYSTEMPATH\CodeIgniter.php(368): CodeIgniter\CodeIgniter->handleRequest(null, Object(Config\Cache), false)
 5 FCPATH\index.php(67): CodeIgniter\CodeIgniter->run()
 6 SYSTEMPATH\Commands\Server\rewrite.php(47): require_once('FCPATH\\index.php')
CRITICAL - 2023-05-19 02:39:44 --> Trying to access array offset on value of type null
in APPPATH\Controllers\User.php on line 84.
 1 APPPATH\Controllers\User.php(84): CodeIgniter\Debug\Exceptions->errorHandler(2, 'Trying to access array offset on value of type null', 'APPPATH\\Controllers\\User.php', 84)
 2 SYSTEMPATH\CodeIgniter.php(934): App\Controllers\User->detail('public', 'FCPATH\\assets', 'FCPATH\\favicon.ico')
 3 SYSTEMPATH\CodeIgniter.php(499): CodeIgniter\CodeIgniter->runController(Object(App\Controllers\User))
 4 SYSTEMPATH\CodeIgniter.php(368): CodeIgniter\CodeIgniter->handleRequest(null, Object(Config\Cache), false)
 5 FCPATH\index.php(67): CodeIgniter\CodeIgniter->run()
 6 SYSTEMPATH\Commands\Server\rewrite.php(47): require_once('FCPATH\\index.php')
CRITICAL - 2023-05-19 02:40:07 --> Trying to access array offset on value of type null
in APPPATH\Controllers\User.php on line 84.
 1 APPPATH\Controllers\User.php(84): CodeIgniter\Debug\Exceptions->errorHandler(2, 'Trying to access array offset on value of type null', 'APPPATH\\Controllers\\User.php', 84)
 2 SYSTEMPATH\CodeIgniter.php(934): App\Controllers\User->detail('js', 'scripts.js')
 3 SYSTEMPATH\CodeIgniter.php(499): CodeIgniter\CodeIgniter->runController(Object(App\Controllers\User))
 4 SYSTEMPATH\CodeIgniter.php(368): CodeIgniter\CodeIgniter->handleRequest(null, Object(Config\Cache), false)
 5 FCPATH\index.php(67): CodeIgniter\CodeIgniter->run()
 6 SYSTEMPATH\Commands\Server\rewrite.php(47): require_once('FCPATH\\index.php')
CRITICAL - 2023-05-19 02:40:07 --> Trying to access array offset on value of type null
in APPPATH\Controllers\User.php on line 84.
 1 APPPATH\Controllers\User.php(84): CodeIgniter\Debug\Exceptions->errorHandler(2, 'Trying to access array offset on value of type null', 'APPPATH\\Controllers\\User.php', 84)
 2 SYSTEMPATH\CodeIgniter.php(934): App\Controllers\User->detail('public', 'FCPATH\\assets', 'FCPATH\\favicon.ico')
 3 SYSTEMPATH\CodeIgniter.php(499): CodeIgniter\CodeIgniter->runController(Object(App\Controllers\User))
 4 SYSTEMPATH\CodeIgniter.php(368): CodeIgniter\CodeIgniter->handleRequest(null, Object(Config\Cache), false)
 5 FCPATH\index.php(67): CodeIgniter\CodeIgniter->run()
 6 SYSTEMPATH\Commands\Server\rewrite.php(47): require_once('FCPATH\\index.php')
CRITICAL - 2023-05-19 02:40:50 --> Trying to access array offset on value of type null
in APPPATH\Controllers\User.php on line 84.
 1 APPPATH\Controllers\User.php(84): CodeIgniter\Debug\Exceptions->errorHandler(2, 'Trying to access array offset on value of type null', 'APPPATH\\Controllers\\User.php', 84)
 2 SYSTEMPATH\CodeIgniter.php(934): App\Controllers\User->detail('js', 'scripts.js')
 3 SYSTEMPATH\CodeIgniter.php(499): CodeIgniter\CodeIgniter->runController(Object(App\Controllers\User))
 4 SYSTEMPATH\CodeIgniter.php(368): CodeIgniter\CodeIgniter->handleRequest(null, Object(Config\Cache), false)
 5 FCPATH\index.php(67): CodeIgniter\CodeIgniter->run()
 6 SYSTEMPATH\Commands\Server\rewrite.php(47): require_once('FCPATH\\index.php')
CRITICAL - 2023-05-19 02:40:50 --> Trying to access array offset on value of type null
in APPPATH\Controllers\User.php on line 84.
 1 APPPATH\Controllers\User.php(84): CodeIgniter\Debug\Exceptions->errorHandler(2, 'Trying to access array offset on value of type null', 'APPPATH\\Controllers\\User.php', 84)
 2 SYSTEMPATH\CodeIgniter.php(934): App\Controllers\User->detail('public', 'FCPATH\\assets', 'FCPATH\\favicon.ico')
 3 SYSTEMPATH\CodeIgniter.php(499): CodeIgniter\CodeIgniter->runController(Object(App\Controllers\User))
 4 SYSTEMPATH\CodeIgniter.php(368): CodeIgniter\CodeIgniter->handleRequest(null, Object(Config\Cache), false)
 5 FCPATH\index.php(67): CodeIgniter\CodeIgniter->run()
 6 SYSTEMPATH\Commands\Server\rewrite.php(47): require_once('FCPATH\\index.php')
CRITICAL - 2023-05-19 02:40:58 --> Trying to access array offset on value of type null
in APPPATH\Controllers\User.php on line 84.
 1 APPPATH\Controllers\User.php(84): CodeIgniter\Debug\Exceptions->errorHandler(2, 'Trying to access array offset on value of type null', 'APPPATH\\Controllers\\User.php', 84)
 2 SYSTEMPATH\CodeIgniter.php(934): App\Controllers\User->detail('js', 'scripts.js')
 3 SYSTEMPATH\CodeIgniter.php(499): CodeIgniter\CodeIgniter->runController(Object(App\Controllers\User))
 4 SYSTEMPATH\CodeIgniter.php(368): CodeIgniter\CodeIgniter->handleRequest(null, Object(Config\Cache), false)
 5 FCPATH\index.php(67): CodeIgniter\CodeIgniter->run()
 6 SYSTEMPATH\Commands\Server\rewrite.php(47): require_once('FCPATH\\index.php')
CRITICAL - 2023-05-19 02:40:59 --> Trying to access array offset on value of type null
in APPPATH\Controllers\User.php on line 84.
 1 APPPATH\Controllers\User.php(84): CodeIgniter\Debug\Exceptions->errorHandler(2, 'Trying to access array offset on value of type null', 'APPPATH\\Controllers\\User.php', 84)
 2 SYSTEMPATH\CodeIgniter.php(934): App\Controllers\User->detail('public', 'FCPATH\\assets', 'FCPATH\\favicon.ico')
 3 SYSTEMPATH\CodeIgniter.php(499): CodeIgniter\CodeIgniter->runController(Object(App\Controllers\User))
 4 SYSTEMPATH\CodeIgniter.php(368): CodeIgniter\CodeIgniter->handleRequest(null, Object(Config\Cache), false)
 5 FCPATH\index.php(67): CodeIgniter\CodeIgniter->run()
 6 SYSTEMPATH\Commands\Server\rewrite.php(47): require_once('FCPATH\\index.php')
CRITICAL - 2023-05-19 02:54:24 --> Trying to access array offset on value of type null
in APPPATH\Controllers\User.php on line 84.
 1 APPPATH\Controllers\User.php(84): CodeIgniter\Debug\Exceptions->errorHandler(2, 'Trying to access array offset on value of type null', 'APPPATH\\Controllers\\User.php', 84)
 2 SYSTEMPATH\CodeIgniter.php(934): App\Controllers\User->detail('js', 'scripts.js')
 3 SYSTEMPATH\CodeIgniter.php(499): CodeIgniter\CodeIgniter->runController(Object(App\Controllers\User))
 4 SYSTEMPATH\CodeIgniter.php(368): CodeIgniter\CodeIgniter->handleRequest(null, Object(Config\Cache), false)
 5 FCPATH\index.php(67): CodeIgniter\CodeIgniter->run()
 6 SYSTEMPATH\Commands\Server\rewrite.php(47): require_once('FCPATH\\index.php')
CRITICAL - 2023-05-19 02:54:24 --> Trying to access array offset on value of type null
in APPPATH\Controllers\User.php on line 84.
 1 APPPATH\Controllers\User.php(84): CodeIgniter\Debug\Exceptions->errorHandler(2, 'Trying to access array offset on value of type null', 'APPPATH\\Controllers\\User.php', 84)
 2 SYSTEMPATH\CodeIgniter.php(934): App\Controllers\User->detail('public', 'FCPATH\\assets', 'FCPATH\\favicon.ico')
 3 SYSTEMPATH\CodeIgniter.php(499): CodeIgniter\CodeIgniter->runController(Object(App\Controllers\User))
 4 SYSTEMPATH\CodeIgniter.php(368): CodeIgniter\CodeIgniter->handleRequest(null, Object(Config\Cache), false)
 5 FCPATH\index.php(67): CodeIgniter\CodeIgniter->run()
 6 SYSTEMPATH\Commands\Server\rewrite.php(47): require_once('FCPATH\\index.php')
CRITICAL - 2023-05-19 02:54:30 --> Trying to access array offset on value of type null
in APPPATH\Controllers\User.php on line 84.
 1 APPPATH\Controllers\User.php(84): CodeIgniter\Debug\Exceptions->errorHandler(2, 'Trying to access array offset on value of type null', 'APPPATH\\Controllers\\User.php', 84)
 2 SYSTEMPATH\CodeIgniter.php(934): App\Controllers\User->detail('js', 'scripts.js')
 3 SYSTEMPATH\CodeIgniter.php(499): CodeIgniter\CodeIgniter->runController(Object(App\Controllers\User))
 4 SYSTEMPATH\CodeIgniter.php(368): CodeIgniter\CodeIgniter->handleRequest(null, Object(Config\Cache), false)
 5 FCPATH\index.php(67): CodeIgniter\CodeIgniter->run()
 6 SYSTEMPATH\Commands\Server\rewrite.php(47): require_once('FCPATH\\index.php')
CRITICAL - 2023-05-19 02:54:31 --> Trying to access array offset on value of type null
in APPPATH\Controllers\User.php on line 84.
 1 APPPATH\Controllers\User.php(84): CodeIgniter\Debug\Exceptions->errorHandler(2, 'Trying to access array offset on value of type null', 'APPPATH\\Controllers\\User.php', 84)
 2 SYSTEMPATH\CodeIgniter.php(934): App\Controllers\User->detail('public', 'FCPATH\\assets', 'FCPATH\\favicon.ico')
 3 SYSTEMPATH\CodeIgniter.php(499): CodeIgniter\CodeIgniter->runController(Object(App\Controllers\User))
 4 SYSTEMPATH\CodeIgniter.php(368): CodeIgniter\CodeIgniter->handleRequest(null, Object(Config\Cache), false)
 5 FCPATH\index.php(67): CodeIgniter\CodeIgniter->run()
 6 SYSTEMPATH\Commands\Server\rewrite.php(47): require_once('FCPATH\\index.php')
CRITICAL - 2023-05-19 02:56:24 --> Trying to access array offset on value of type null
in APPPATH\Controllers\User.php on line 84.
 1 APPPATH\Controllers\User.php(84): CodeIgniter\Debug\Exceptions->errorHandler(2, 'Trying to access array offset on value of type null', 'APPPATH\\Controllers\\User.php', 84)
 2 SYSTEMPATH\CodeIgniter.php(934): App\Controllers\User->detail('js', 'scripts.js')
 3 SYSTEMPATH\CodeIgniter.php(499): CodeIgniter\CodeIgniter->runController(Object(App\Controllers\User))
 4 SYSTEMPATH\CodeIgniter.php(368): CodeIgniter\CodeIgniter->handleRequest(null, Object(Config\Cache), false)
 5 FCPATH\index.php(67): CodeIgniter\CodeIgniter->run()
 6 SYSTEMPATH\Commands\Server\rewrite.php(47): require_once('FCPATH\\index.php')
CRITICAL - 2023-05-19 02:56:24 --> Trying to access array offset on value of type null
in APPPATH\Controllers\User.php on line 84.
 1 APPPATH\Controllers\User.php(84): CodeIgniter\Debug\Exceptions->errorHandler(2, 'Trying to access array offset on value of type null', 'APPPATH\\Controllers\\User.php', 84)
 2 SYSTEMPATH\CodeIgniter.php(934): App\Controllers\User->detail('public', 'FCPATH\\assets', 'FCPATH\\favicon.ico')
 3 SYSTEMPATH\CodeIgniter.php(499): CodeIgniter\CodeIgniter->runController(Object(App\Controllers\User))
 4 SYSTEMPATH\CodeIgniter.php(368): CodeIgniter\CodeIgniter->handleRequest(null, Object(Config\Cache), false)
 5 FCPATH\index.php(67): CodeIgniter\CodeIgniter->run()
 6 SYSTEMPATH\Commands\Server\rewrite.php(47): require_once('FCPATH\\index.php')
CRITICAL - 2023-05-19 02:56:55 --> Too few arguments to function App\Controllers\User::detail(), 0 passed in C:\xampp\htdocs\fashionWeb\system\CodeIgniter.php on line 934 and exactly 1 expected
in APPPATH\Controllers\User.php on line 71.
 1 SYSTEMPATH\CodeIgniter.php(934): App\Controllers\User->detail()
 2 SYSTEMPATH\CodeIgniter.php(499): CodeIgniter\CodeIgniter->runController(Object(App\Controllers\User))
 3 SYSTEMPATH\CodeIgniter.php(368): CodeIgniter\CodeIgniter->handleRequest(null, Object(Config\Cache), false)
 4 FCPATH\index.php(67): CodeIgniter\CodeIgniter->run()
 5 SYSTEMPATH\Commands\Server\rewrite.php(47): require_once('FCPATH\\index.php')
CRITICAL - 2023-05-19 02:57:12 --> Trying to access array offset on value of type null
in APPPATH\Controllers\User.php on line 84.
 1 APPPATH\Controllers\User.php(84): CodeIgniter\Debug\Exceptions->errorHandler(2, 'Trying to access array offset on value of type null', 'APPPATH\\Controllers\\User.php', 84)
 2 SYSTEMPATH\CodeIgniter.php(934): App\Controllers\User->detail('js', 'scripts.js')
 3 SYSTEMPATH\CodeIgniter.php(499): CodeIgniter\CodeIgniter->runController(Object(App\Controllers\User))
 4 SYSTEMPATH\CodeIgniter.php(368): CodeIgniter\CodeIgniter->handleRequest(null, Object(Config\Cache), false)
 5 FCPATH\index.php(67): CodeIgniter\CodeIgniter->run()
 6 SYSTEMPATH\Commands\Server\rewrite.php(47): require_once('FCPATH\\index.php')
CRITICAL - 2023-05-19 02:57:12 --> Trying to access array offset on value of type null
in APPPATH\Controllers\User.php on line 84.
 1 APPPATH\Controllers\User.php(84): CodeIgniter\Debug\Exceptions->errorHandler(2, 'Trying to access array offset on value of type null', 'APPPATH\\Controllers\\User.php', 84)
 2 SYSTEMPATH\CodeIgniter.php(934): App\Controllers\User->detail('public', 'FCPATH\\assets', 'FCPATH\\favicon.ico')
 3 SYSTEMPATH\CodeIgniter.php(499): CodeIgniter\CodeIgniter->runController(Object(App\Controllers\User))
 4 SYSTEMPATH\CodeIgniter.php(368): CodeIgniter\CodeIgniter->handleRequest(null, Object(Config\Cache), false)
 5 FCPATH\index.php(67): CodeIgniter\CodeIgniter->run()
 6 SYSTEMPATH\Commands\Server\rewrite.php(47): require_once('FCPATH\\index.php')
CRITICAL - 2023-05-19 03:06:18 --> Trying to access array offset on value of type null
in APPPATH\Controllers\User.php on line 84.
 1 APPPATH\Controllers\User.php(84): CodeIgniter\Debug\Exceptions->errorHandler(2, 'Trying to access array offset on value of type null', 'APPPATH\\Controllers\\User.php', 84)
 2 SYSTEMPATH\CodeIgniter.php(934): App\Controllers\User->detail('js', 'scripts.js')
 3 SYSTEMPATH\CodeIgniter.php(499): CodeIgniter\CodeIgniter->runController(Object(App\Controllers\User))
 4 SYSTEMPATH\CodeIgniter.php(368): CodeIgniter\CodeIgniter->handleRequest(null, Object(Config\Cache), false)
 5 FCPATH\index.php(67): CodeIgniter\CodeIgniter->run()
 6 SYSTEMPATH\Commands\Server\rewrite.php(47): require_once('FCPATH\\index.php')
CRITICAL - 2023-05-19 03:06:19 --> Trying to access array offset on value of type null
in APPPATH\Controllers\User.php on line 84.
 1 APPPATH\Controllers\User.php(84): CodeIgniter\Debug\Exceptions->errorHandler(2, 'Trying to access array offset on value of type null', 'APPPATH\\Controllers\\User.php', 84)
 2 SYSTEMPATH\CodeIgniter.php(934): App\Controllers\User->detail('public', 'FCPATH\\assets', 'FCPATH\\favicon.ico')
 3 SYSTEMPATH\CodeIgniter.php(499): CodeIgniter\CodeIgniter->runController(Object(App\Controllers\User))
 4 SYSTEMPATH\CodeIgniter.php(368): CodeIgniter\CodeIgniter->handleRequest(null, Object(Config\Cache), false)
 5 FCPATH\index.php(67): CodeIgniter\CodeIgniter->run()
 6 SYSTEMPATH\Commands\Server\rewrite.php(47): require_once('FCPATH\\index.php')
CRITICAL - 2023-05-19 03:06:42 --> Trying to access array offset on value of type null
in APPPATH\Controllers\User.php on line 84.
 1 APPPATH\Controllers\User.php(84): CodeIgniter\Debug\Exceptions->errorHandler(2, 'Trying to access array offset on value of type null', 'APPPATH\\Controllers\\User.php', 84)
 2 SYSTEMPATH\CodeIgniter.php(934): App\Controllers\User->detail('js', 'scripts.js')
 3 SYSTEMPATH\CodeIgniter.php(499): CodeIgniter\CodeIgniter->runController(Object(App\Controllers\User))
 4 SYSTEMPATH\CodeIgniter.php(368): CodeIgniter\CodeIgniter->handleRequest(null, Object(Config\Cache), false)
 5 FCPATH\index.php(67): CodeIgniter\CodeIgniter->run()
 6 SYSTEMPATH\Commands\Server\rewrite.php(47): require_once('FCPATH\\index.php')
CRITICAL - 2023-05-19 03:06:42 --> Trying to access array offset on value of type null
in APPPATH\Controllers\User.php on line 84.
 1 APPPATH\Controllers\User.php(84): CodeIgniter\Debug\Exceptions->errorHandler(2, 'Trying to access array offset on value of type null', 'APPPATH\\Controllers\\User.php', 84)
 2 SYSTEMPATH\CodeIgniter.php(934): App\Controllers\User->detail('public', 'FCPATH\\assets', 'FCPATH\\favicon.ico')
 3 SYSTEMPATH\CodeIgniter.php(499): CodeIgniter\CodeIgniter->runController(Object(App\Controllers\User))
 4 SYSTEMPATH\CodeIgniter.php(368): CodeIgniter\CodeIgniter->handleRequest(null, Object(Config\Cache), false)
 5 FCPATH\index.php(67): CodeIgniter\CodeIgniter->run()
 6 SYSTEMPATH\Commands\Server\rewrite.php(47): require_once('FCPATH\\index.php')
CRITICAL - 2023-05-19 03:18:32 --> Call to undefined method App\Models\ProductModel::firstWhere
in SYSTEMPATH\Model.php on line 842.
 1 APPPATH\Controllers\User.php(24): CodeIgniter\Model->__call('firstWhere', [...])
 2 SYSTEMPATH\CodeIgniter.php(934): App\Controllers\User->fashion()
 3 SYSTEMPATH\CodeIgniter.php(499): CodeIgniter\CodeIgniter->runController(Object(App\Controllers\User))
 4 SYSTEMPATH\CodeIgniter.php(368): CodeIgniter\CodeIgniter->handleRequest(null, Object(Config\Cache), false)
 5 FCPATH\index.php(67): CodeIgniter\CodeIgniter->run()
 6 SYSTEMPATH\Commands\Server\rewrite.php(47): require_once('FCPATH\\index.php')
CRITICAL - 2023-05-19 03:21:58 --> Undefined array key "photo"
in APPPATH\Views\layouts\sub-home\heading-row.php on line 3.
 1 APPPATH\Views\layouts\sub-home\heading-row.php(3): CodeIgniter\Debug\Exceptions->errorHandler(2, 'Undefined array key "photo"', 'APPPATH\\Views\\layouts\\sub-home\\heading-row.php', 3)
 2 SYSTEMPATH\View\View.php(213): include('APPPATH\\Views\\layouts\\sub-home\\heading-row.php')
 3 SYSTEMPATH\View\View.php(216): CodeIgniter\View\View->CodeIgniter\View\{closure}()
 4 SYSTEMPATH\View\View.php(431): CodeIgniter\View\View->render('layouts/sub-home/heading-row', null, true)
 5 APPPATH\Views\base\baseFashion.php(12): CodeIgniter\View\View->include('layouts/sub-home/heading-row')
 6 SYSTEMPATH\View\View.php(213): include('APPPATH\\Views\\base\\baseFashion.php')
 7 SYSTEMPATH\View\View.php(216): CodeIgniter\View\View->CodeIgniter\View\{closure}()
 8 SYSTEMPATH\Common.php(1184): CodeIgniter\View\View->render('base/baseFashion', [], true)
 9 APPPATH\Controllers\User.php(31): view('base/baseFashion', [...])
10 SYSTEMPATH\CodeIgniter.php(934): App\Controllers\User->fashion()
11 SYSTEMPATH\CodeIgniter.php(499): CodeIgniter\CodeIgniter->runController(Object(App\Controllers\User))
12 SYSTEMPATH\CodeIgniter.php(368): CodeIgniter\CodeIgniter->handleRequest(null, Object(Config\Cache), false)
13 FCPATH\index.php(67): CodeIgniter\CodeIgniter->run()
14 SYSTEMPATH\Commands\Server\rewrite.php(47): require_once('FCPATH\\index.php')
CRITICAL - 2023-05-19 03:21:59 --> Undefined array key "photo"
in APPPATH\Views\layouts\sub-home\heading-row.php on line 3.
 1 APPPATH\Views\layouts\sub-home\heading-row.php(3): CodeIgniter\Debug\Exceptions->errorHandler(2, 'Undefined array key "photo"', 'APPPATH\\Views\\layouts\\sub-home\\heading-row.php', 3)
 2 SYSTEMPATH\View\View.php(213): include('APPPATH\\Views\\layouts\\sub-home\\heading-row.php')
 3 SYSTEMPATH\View\View.php(216): CodeIgniter\View\View->CodeIgniter\View\{closure}()
 4 SYSTEMPATH\View\View.php(431): CodeIgniter\View\View->render('layouts/sub-home/heading-row', null, true)
 5 APPPATH\Views\base\baseFashion.php(12): CodeIgniter\View\View->include('layouts/sub-home/heading-row')
 6 SYSTEMPATH\View\View.php(213): include('APPPATH\\Views\\base\\baseFashion.php')
 7 SYSTEMPATH\View\View.php(216): CodeIgniter\View\View->CodeIgniter\View\{closure}()
 8 SYSTEMPATH\Common.php(1184): CodeIgniter\View\View->render('base/baseFashion', [], true)
 9 APPPATH\Controllers\User.php(31): view('base/baseFashion', [...])
10 SYSTEMPATH\CodeIgniter.php(934): App\Controllers\User->fashion()
11 SYSTEMPATH\CodeIgniter.php(499): CodeIgniter\CodeIgniter->runController(Object(App\Controllers\User))
12 SYSTEMPATH\CodeIgniter.php(368): CodeIgniter\CodeIgniter->handleRequest(null, Object(Config\Cache), false)
13 FCPATH\index.php(67): CodeIgniter\CodeIgniter->run()
14 SYSTEMPATH\Commands\Server\rewrite.php(47): require_once('FCPATH\\index.php')
CRITICAL - 2023-05-19 03:22:51 --> Undefined array key "photo"
in APPPATH\Views\layouts\sub-home\heading-row.php on line 3.
 1 APPPATH\Views\layouts\sub-home\heading-row.php(3): CodeIgniter\Debug\Exceptions->errorHandler(2, 'Undefined array key "photo"', 'APPPATH\\Views\\layouts\\sub-home\\heading-row.php', 3)
 2 SYSTEMPATH\View\View.php(213): include('APPPATH\\Views\\layouts\\sub-home\\heading-row.php')
 3 SYSTEMPATH\View\View.php(216): CodeIgniter\View\View->CodeIgniter\View\{closure}()
 4 SYSTEMPATH\View\View.php(431): CodeIgniter\View\View->render('layouts/sub-home/heading-row', null, true)
 5 APPPATH\Views\base\baseFashion.php(12): CodeIgniter\View\View->include('layouts/sub-home/heading-row')
 6 SYSTEMPATH\View\View.php(213): include('APPPATH\\Views\\base\\baseFashion.php')
 7 SYSTEMPATH\View\View.php(216): CodeIgniter\View\View->CodeIgniter\View\{closure}()
 8 SYSTEMPATH\Common.php(1184): CodeIgniter\View\View->render('base/baseFashion', [], true)
 9 APPPATH\Controllers\User.php(31): view('base/baseFashion', [...])
10 SYSTEMPATH\CodeIgniter.php(934): App\Controllers\User->fashion()
11 SYSTEMPATH\CodeIgniter.php(499): CodeIgniter\CodeIgniter->runController(Object(App\Controllers\User))
12 SYSTEMPATH\CodeIgniter.php(368): CodeIgniter\CodeIgniter->handleRequest(null, Object(Config\Cache), false)
13 FCPATH\index.php(67): CodeIgniter\CodeIgniter->run()
14 SYSTEMPATH\Commands\Server\rewrite.php(47): require_once('FCPATH\\index.php')
CRITICAL - 2023-05-19 03:23:21 --> Undefined array key "photo"
in APPPATH\Views\layouts\sub-home\heading-row.php on line 3.
 1 APPPATH\Views\layouts\sub-home\heading-row.php(3): CodeIgniter\Debug\Exceptions->errorHandler(2, 'Undefined array key "photo"', 'APPPATH\\Views\\layouts\\sub-home\\heading-row.php', 3)
 2 SYSTEMPATH\View\View.php(213): include('APPPATH\\Views\\layouts\\sub-home\\heading-row.php')
 3 SYSTEMPATH\View\View.php(216): CodeIgniter\View\View->CodeIgniter\View\{closure}()
 4 SYSTEMPATH\View\View.php(431): CodeIgniter\View\View->render('layouts/sub-home/heading-row', null, true)
 5 APPPATH\Views\base\baseFashion.php(12): CodeIgniter\View\View->include('layouts/sub-home/heading-row')
 6 SYSTEMPATH\View\View.php(213): include('APPPATH\\Views\\base\\baseFashion.php')
 7 SYSTEMPATH\View\View.php(216): CodeIgniter\View\View->CodeIgniter\View\{closure}()
 8 SYSTEMPATH\Common.php(1184): CodeIgniter\View\View->render('base/baseFashion', [], true)
 9 APPPATH\Controllers\User.php(31): view('base/baseFashion', [...])
10 SYSTEMPATH\CodeIgniter.php(934): App\Controllers\User->fashion()
11 SYSTEMPATH\CodeIgniter.php(499): CodeIgniter\CodeIgniter->runController(Object(App\Controllers\User))
12 SYSTEMPATH\CodeIgniter.php(368): CodeIgniter\CodeIgniter->handleRequest(null, Object(Config\Cache), false)
13 FCPATH\index.php(67): CodeIgniter\CodeIgniter->run()
14 SYSTEMPATH\Commands\Server\rewrite.php(47): require_once('FCPATH\\index.php')
CRITICAL - 2023-05-19 03:23:23 --> Undefined array key "photo"
in APPPATH\Views\layouts\sub-home\heading-row.php on line 3.
 1 APPPATH\Views\layouts\sub-home\heading-row.php(3): CodeIgniter\Debug\Exceptions->errorHandler(2, 'Undefined array key "photo"', 'APPPATH\\Views\\layouts\\sub-home\\heading-row.php', 3)
 2 SYSTEMPATH\View\View.php(213): include('APPPATH\\Views\\layouts\\sub-home\\heading-row.php')
 3 SYSTEMPATH\View\View.php(216): CodeIgniter\View\View->CodeIgniter\View\{closure}()
 4 SYSTEMPATH\View\View.php(431): CodeIgniter\View\View->render('layouts/sub-home/heading-row', null, true)
 5 APPPATH\Views\base\baseFashion.php(12): CodeIgniter\View\View->include('layouts/sub-home/heading-row')
 6 SYSTEMPATH\View\View.php(213): include('APPPATH\\Views\\base\\baseFashion.php')
 7 SYSTEMPATH\View\View.php(216): CodeIgniter\View\View->CodeIgniter\View\{closure}()
 8 SYSTEMPATH\Common.php(1184): CodeIgniter\View\View->render('base/baseFashion', [], true)
 9 APPPATH\Controllers\User.php(31): view('base/baseFashion', [...])
10 SYSTEMPATH\CodeIgniter.php(934): App\Controllers\User->fashion()
11 SYSTEMPATH\CodeIgniter.php(499): CodeIgniter\CodeIgniter->runController(Object(App\Controllers\User))
12 SYSTEMPATH\CodeIgniter.php(368): CodeIgniter\CodeIgniter->handleRequest(null, Object(Config\Cache), false)
13 FCPATH\index.php(67): CodeIgniter\CodeIgniter->run()
14 SYSTEMPATH\Commands\Server\rewrite.php(47): require_once('FCPATH\\index.php')
CRITICAL - 2023-05-19 03:37:40 --> Trying to access array offset on value of type null
in APPPATH\Controllers\User.php on line 87.
 1 APPPATH\Controllers\User.php(87): CodeIgniter\Debug\Exceptions->errorHandler(2, 'Trying to access array offset on value of type null', 'APPPATH\\Controllers\\User.php', 87)
 2 SYSTEMPATH\CodeIgniter.php(934): App\Controllers\User->detail('js', 'scripts.js')
 3 SYSTEMPATH\CodeIgniter.php(499): CodeIgniter\CodeIgniter->runController(Object(App\Controllers\User))
 4 SYSTEMPATH\CodeIgniter.php(368): CodeIgniter\CodeIgniter->handleRequest(null, Object(Config\Cache), false)
 5 FCPATH\index.php(67): CodeIgniter\CodeIgniter->run()
 6 SYSTEMPATH\Commands\Server\rewrite.php(47): require_once('FCPATH\\index.php')
CRITICAL - 2023-05-19 03:37:40 --> Trying to access array offset on value of type null
in APPPATH\Controllers\User.php on line 87.
 1 APPPATH\Controllers\User.php(87): CodeIgniter\Debug\Exceptions->errorHandler(2, 'Trying to access array offset on value of type null', 'APPPATH\\Controllers\\User.php', 87)
 2 SYSTEMPATH\CodeIgniter.php(934): App\Controllers\User->detail('public', 'FCPATH\\assets', 'FCPATH\\favicon.ico')
 3 SYSTEMPATH\CodeIgniter.php(499): CodeIgniter\CodeIgniter->runController(Object(App\Controllers\User))
 4 SYSTEMPATH\CodeIgniter.php(368): CodeIgniter\CodeIgniter->handleRequest(null, Object(Config\Cache), false)
 5 FCPATH\index.php(67): CodeIgniter\CodeIgniter->run()
 6 SYSTEMPATH\Commands\Server\rewrite.php(47): require_once('FCPATH\\index.php')
CRITICAL - 2023-05-19 05:41:45 --> Trying to access array offset on value of type null
in APPPATH\Controllers\User.php on line 87.
 1 APPPATH\Controllers\User.php(87): CodeIgniter\Debug\Exceptions->errorHandler(2, 'Trying to access array offset on value of type null', 'APPPATH\\Controllers\\User.php', 87)
 2 SYSTEMPATH\CodeIgniter.php(934): App\Controllers\User->detail('js', 'scripts.js')
 3 SYSTEMPATH\CodeIgniter.php(499): CodeIgniter\CodeIgniter->runController(Object(App\Controllers\User))
 4 SYSTEMPATH\CodeIgniter.php(368): CodeIgniter\CodeIgniter->handleRequest(null, Object(Config\Cache), false)
 5 FCPATH\index.php(67): CodeIgniter\CodeIgniter->run()
 6 SYSTEMPATH\Commands\Server\rewrite.php(47): require_once('FCPATH\\index.php')
CRITICAL - 2023-05-19 05:41:45 --> Trying to access array offset on value of type null
in APPPATH\Controllers\User.php on line 87.
 1 APPPATH\Controllers\User.php(87): CodeIgniter\Debug\Exceptions->errorHandler(2, 'Trying to access array offset on value of type null', 'APPPATH\\Controllers\\User.php', 87)
 2 SYSTEMPATH\CodeIgniter.php(934): App\Controllers\User->detail('public', 'FCPATH\\assets', 'FCPATH\\favicon.ico')
 3 SYSTEMPATH\CodeIgniter.php(499): CodeIgniter\CodeIgniter->runController(Object(App\Controllers\User))
 4 SYSTEMPATH\CodeIgniter.php(368): CodeIgniter\CodeIgniter->handleRequest(null, Object(Config\Cache), false)
 5 FCPATH\index.php(67): CodeIgniter\CodeIgniter->run()
 6 SYSTEMPATH\Commands\Server\rewrite.php(47): require_once('FCPATH\\index.php')
CRITICAL - 2023-05-19 06:13:15 --> Trying to access array offset on value of type null
in APPPATH\Controllers\User.php on line 87.
 1 APPPATH\Controllers\User.php(87): CodeIgniter\Debug\Exceptions->errorHandler(2, 'Trying to access array offset on value of type null', 'APPPATH\\Controllers\\User.php', 87)
 2 SYSTEMPATH\CodeIgniter.php(934): App\Controllers\User->detail('js', 'scripts.js')
 3 SYSTEMPATH\CodeIgniter.php(499): CodeIgniter\CodeIgniter->runController(Object(App\Controllers\User))
 4 SYSTEMPATH\CodeIgniter.php(368): CodeIgniter\CodeIgniter->handleRequest(null, Object(Config\Cache), false)
 5 FCPATH\index.php(67): CodeIgniter\CodeIgniter->run()
 6 SYSTEMPATH\Commands\Server\rewrite.php(47): require_once('FCPATH\\index.php')
CRITICAL - 2023-05-19 06:13:15 --> Trying to access array offset on value of type null
in APPPATH\Controllers\User.php on line 87.
 1 APPPATH\Controllers\User.php(87): CodeIgniter\Debug\Exceptions->errorHandler(2, 'Trying to access array offset on value of type null', 'APPPATH\\Controllers\\User.php', 87)
 2 SYSTEMPATH\CodeIgniter.php(934): App\Controllers\User->detail('public', 'FCPATH\\assets', 'FCPATH\\favicon.ico')
 3 SYSTEMPATH\CodeIgniter.php(499): CodeIgniter\CodeIgniter->runController(Object(App\Controllers\User))
 4 SYSTEMPATH\CodeIgniter.php(368): CodeIgniter\CodeIgniter->handleRequest(null, Object(Config\Cache), false)
 5 FCPATH\index.php(67): CodeIgniter\CodeIgniter->run()
 6 SYSTEMPATH\Commands\Server\rewrite.php(47): require_once('FCPATH\\index.php')
