INFO - 2023-05-17 03:06:39 --> Session: Class initialized using 'CodeIgniter\Session\Handlers\FileHandler' driver.
INFO - 2023-05-17 03:06:40 --> Session: Class initialized using 'CodeIgniter\Session\Handlers\FileHandler' driver.
INFO - 2023-05-17 03:06:52 --> Session: Class initialized using 'CodeIgniter\Session\Handlers\FileHandler' driver.
INFO - 2023-05-17 03:06:53 --> Session: Class initialized using 'CodeIgniter\Session\Handlers\FileHandler' driver.
ERROR - 2023-05-17 04:52:00 --> Error connecting to the database: mysqli_sql_exception: No connection could be made because the target machine actively refused it.
 in C:\xampp-new\htdocs\2023\25. Fashion Web\fashionWeb-master\system\Database\MySQLi\Connection.php:174
Stack trace:
#0 C:\xampp-new\htdocs\2023\25. Fashion Web\fashionWeb-master\system\Database\MySQLi\Connection.php(174): mysqli->real_connect('localhost', 'root', '', 'fashionweb', 3306, '', 0)
#1 C:\xampp-new\htdocs\2023\25. Fashion Web\fashionWeb-master\system\Database\BaseConnection.php(391): CodeIgniter\Database\MySQLi\Connection->connect(false)
#2 C:\xampp-new\htdocs\2023\25. Fashion Web\fashionWeb-master\system\Database\BaseConnection.php(573): CodeIgniter\Database\BaseConnection->initialize()
#3 C:\xampp-new\htdocs\2023\25. Fashion Web\fashionWeb-master\system\Database\BaseBuilder.php(1616): CodeIgniter\Database\BaseConnection->query('SELECT *\nFROM `...', Array, false)
#4 C:\xampp-new\htdocs\2023\25. Fashion Web\fashionWeb-master\system\Model.php(241): CodeIgniter\Database\BaseBuilder->get()
#5 C:\xampp-new\htdocs\2023\25. Fashion Web\fashionWeb-master\system\BaseModel.php(618): CodeIgniter\Model->doFindAll(0, 0)
#6 C:\xampp-new\htdocs\2023\25. Fashion Web\fashionWeb-master\app\Controllers\User.php(62): CodeIgniter\BaseModel->findAll()
#7 C:\xampp-new\htdocs\2023\25. Fashion Web\fashionWeb-master\system\CodeIgniter.php(934): App\Controllers\User->home()
#8 C:\xampp-new\htdocs\2023\25. Fashion Web\fashionWeb-master\system\CodeIgniter.php(499): CodeIgniter\CodeIgniter->runController(Object(App\Controllers\User))
#9 C:\xampp-new\htdocs\2023\25. Fashion Web\fashionWeb-master\system\CodeIgniter.php(368): CodeIgniter\CodeIgniter->handleRequest(NULL, Object(Config\Cache), false)
#10 C:\xampp-new\htdocs\2023\25. Fashion Web\fashionWeb-master\public\index.php(67): CodeIgniter\CodeIgniter->run()
#11 C:\xampp-new\htdocs\2023\25. Fashion Web\fashionWeb-master\system\Commands\Server\rewrite.php(47): require_once('C:\\xampp-new\\ht...')
#12 {main}

Next CodeIgniter\Database\Exceptions\DatabaseException: No connection could be made because the target machine actively refused it.
 in C:\xampp-new\htdocs\2023\25. Fashion Web\fashionWeb-master\system\Database\MySQLi\Connection.php:218
Stack trace:
#0 C:\xampp-new\htdocs\2023\25. Fashion Web\fashionWeb-master\system\Database\BaseConnection.php(391): CodeIgniter\Database\MySQLi\Connection->connect(false)
#1 C:\xampp-new\htdocs\2023\25. Fashion Web\fashionWeb-master\system\Database\BaseConnection.php(573): CodeIgniter\Database\BaseConnection->initialize()
#2 C:\xampp-new\htdocs\2023\25. Fashion Web\fashionWeb-master\system\Database\BaseBuilder.php(1616): CodeIgniter\Database\BaseConnection->query('SELECT *\nFROM `...', Array, false)
#3 C:\xampp-new\htdocs\2023\25. Fashion Web\fashionWeb-master\system\Model.php(241): CodeIgniter\Database\BaseBuilder->get()
#4 C:\xampp-new\htdocs\2023\25. Fashion Web\fashionWeb-master\system\BaseModel.php(618): CodeIgniter\Model->doFindAll(0, 0)
#5 C:\xampp-new\htdocs\2023\25. Fashion Web\fashionWeb-master\app\Controllers\User.php(62): CodeIgniter\BaseModel->findAll()
#6 C:\xampp-new\htdocs\2023\25. Fashion Web\fashionWeb-master\system\CodeIgniter.php(934): App\Controllers\User->home()
#7 C:\xampp-new\htdocs\2023\25. Fashion Web\fashionWeb-master\system\CodeIgniter.php(499): CodeIgniter\CodeIgniter->runController(Object(App\Controllers\User))
#8 C:\xampp-new\htdocs\2023\25. Fashion Web\fashionWeb-master\system\CodeIgniter.php(368): CodeIgniter\CodeIgniter->handleRequest(NULL, Object(Config\Cache), false)
#9 C:\xampp-new\htdocs\2023\25. Fashion Web\fashionWeb-master\public\index.php(67): CodeIgniter\CodeIgniter->run()
#10 C:\xampp-new\htdocs\2023\25. Fashion Web\fashionWeb-master\system\Commands\Server\rewrite.php(47): require_once('C:\\xampp-new\\ht...')
#11 {main}
CRITICAL - 2023-05-17 04:52:01 --> Unable to connect to the database.
Main connection [MySQLi]: No connection could be made because the target machine actively refused it.

in SYSTEMPATH\Database\BaseConnection.php on line 427.
 1 SYSTEMPATH\Database\BaseConnection.php(573): CodeIgniter\Database\BaseConnection->initialize()
 2 SYSTEMPATH\Database\BaseBuilder.php(1616): CodeIgniter\Database\BaseConnection->query('SELECT *
FROM `products`
ORDER BY `id` DESC', [], false)
 3 SYSTEMPATH\Model.php(241): CodeIgniter\Database\BaseBuilder->get()
 4 SYSTEMPATH\BaseModel.php(618): CodeIgniter\Model->doFindAll(0, 0)
 5 APPPATH\Controllers\User.php(62): CodeIgniter\BaseModel->findAll()
 6 SYSTEMPATH\CodeIgniter.php(934): App\Controllers\User->home()
 7 SYSTEMPATH\CodeIgniter.php(499): CodeIgniter\CodeIgniter->runController(Object(App\Controllers\User))
 8 SYSTEMPATH\CodeIgniter.php(368): CodeIgniter\CodeIgniter->handleRequest(null, Object(Config\Cache), false)
 9 FCPATH\index.php(67): CodeIgniter\CodeIgniter->run()
10 SYSTEMPATH\Commands\Server\rewrite.php(47): require_once('FCPATH\\index.php')
ERROR - 2023-05-17 04:52:04 --> Error connecting to the database: mysqli_sql_exception: No connection could be made because the target machine actively refused it.
 in C:\xampp-new\htdocs\2023\25. Fashion Web\fashionWeb-master\system\Database\MySQLi\Connection.php:174
Stack trace:
#0 C:\xampp-new\htdocs\2023\25. Fashion Web\fashionWeb-master\system\Database\MySQLi\Connection.php(174): mysqli->real_connect('localhost', 'root', '', 'fashionweb', 3306, '', 0)
#1 C:\xampp-new\htdocs\2023\25. Fashion Web\fashionWeb-master\system\Database\BaseConnection.php(391): CodeIgniter\Database\MySQLi\Connection->connect(false)
#2 C:\xampp-new\htdocs\2023\25. Fashion Web\fashionWeb-master\system\Database\BaseConnection.php(573): CodeIgniter\Database\BaseConnection->initialize()
#3 C:\xampp-new\htdocs\2023\25. Fashion Web\fashionWeb-master\system\Database\BaseBuilder.php(1616): CodeIgniter\Database\BaseConnection->query('SELECT *\nFROM `...', Array, false)
#4 C:\xampp-new\htdocs\2023\25. Fashion Web\fashionWeb-master\system\Model.php(241): CodeIgniter\Database\BaseBuilder->get()
#5 C:\xampp-new\htdocs\2023\25. Fashion Web\fashionWeb-master\system\BaseModel.php(618): CodeIgniter\Model->doFindAll(0, 0)
#6 C:\xampp-new\htdocs\2023\25. Fashion Web\fashionWeb-master\app\Controllers\User.php(62): CodeIgniter\BaseModel->findAll()
#7 C:\xampp-new\htdocs\2023\25. Fashion Web\fashionWeb-master\system\CodeIgniter.php(934): App\Controllers\User->home()
#8 C:\xampp-new\htdocs\2023\25. Fashion Web\fashionWeb-master\system\CodeIgniter.php(499): CodeIgniter\CodeIgniter->runController(Object(App\Controllers\User))
#9 C:\xampp-new\htdocs\2023\25. Fashion Web\fashionWeb-master\system\CodeIgniter.php(368): CodeIgniter\CodeIgniter->handleRequest(NULL, Object(Config\Cache), false)
#10 C:\xampp-new\htdocs\2023\25. Fashion Web\fashionWeb-master\public\index.php(67): CodeIgniter\CodeIgniter->run()
#11 C:\xampp-new\htdocs\2023\25. Fashion Web\fashionWeb-master\system\Commands\Server\rewrite.php(47): require_once('C:\\xampp-new\\ht...')
#12 {main}

Next CodeIgniter\Database\Exceptions\DatabaseException: No connection could be made because the target machine actively refused it.
 in C:\xampp-new\htdocs\2023\25. Fashion Web\fashionWeb-master\system\Database\MySQLi\Connection.php:218
Stack trace:
#0 C:\xampp-new\htdocs\2023\25. Fashion Web\fashionWeb-master\system\Database\BaseConnection.php(391): CodeIgniter\Database\MySQLi\Connection->connect(false)
#1 C:\xampp-new\htdocs\2023\25. Fashion Web\fashionWeb-master\system\Database\BaseConnection.php(573): CodeIgniter\Database\BaseConnection->initialize()
#2 C:\xampp-new\htdocs\2023\25. Fashion Web\fashionWeb-master\system\Database\BaseBuilder.php(1616): CodeIgniter\Database\BaseConnection->query('SELECT *\nFROM `...', Array, false)
#3 C:\xampp-new\htdocs\2023\25. Fashion Web\fashionWeb-master\system\Model.php(241): CodeIgniter\Database\BaseBuilder->get()
#4 C:\xampp-new\htdocs\2023\25. Fashion Web\fashionWeb-master\system\BaseModel.php(618): CodeIgniter\Model->doFindAll(0, 0)
#5 C:\xampp-new\htdocs\2023\25. Fashion Web\fashionWeb-master\app\Controllers\User.php(62): CodeIgniter\BaseModel->findAll()
#6 C:\xampp-new\htdocs\2023\25. Fashion Web\fashionWeb-master\system\CodeIgniter.php(934): App\Controllers\User->home()
#7 C:\xampp-new\htdocs\2023\25. Fashion Web\fashionWeb-master\system\CodeIgniter.php(499): CodeIgniter\CodeIgniter->runController(Object(App\Controllers\User))
#8 C:\xampp-new\htdocs\2023\25. Fashion Web\fashionWeb-master\system\CodeIgniter.php(368): CodeIgniter\CodeIgniter->handleRequest(NULL, Object(Config\Cache), false)
#9 C:\xampp-new\htdocs\2023\25. Fashion Web\fashionWeb-master\public\index.php(67): CodeIgniter\CodeIgniter->run()
#10 C:\xampp-new\htdocs\2023\25. Fashion Web\fashionWeb-master\system\Commands\Server\rewrite.php(47): require_once('C:\\xampp-new\\ht...')
#11 {main}
CRITICAL - 2023-05-17 04:52:04 --> Unable to connect to the database.
Main connection [MySQLi]: No connection could be made because the target machine actively refused it.

in SYSTEMPATH\Database\BaseConnection.php on line 427.
 1 SYSTEMPATH\Database\BaseConnection.php(573): CodeIgniter\Database\BaseConnection->initialize()
 2 SYSTEMPATH\Database\BaseBuilder.php(1616): CodeIgniter\Database\BaseConnection->query('SELECT *
FROM `products`
ORDER BY `id` DESC', [], false)
 3 SYSTEMPATH\Model.php(241): CodeIgniter\Database\BaseBuilder->get()
 4 SYSTEMPATH\BaseModel.php(618): CodeIgniter\Model->doFindAll(0, 0)
 5 APPPATH\Controllers\User.php(62): CodeIgniter\BaseModel->findAll()
 6 SYSTEMPATH\CodeIgniter.php(934): App\Controllers\User->home()
 7 SYSTEMPATH\CodeIgniter.php(499): CodeIgniter\CodeIgniter->runController(Object(App\Controllers\User))
 8 SYSTEMPATH\CodeIgniter.php(368): CodeIgniter\CodeIgniter->handleRequest(null, Object(Config\Cache), false)
 9 FCPATH\index.php(67): CodeIgniter\CodeIgniter->run()
10 SYSTEMPATH\Commands\Server\rewrite.php(47): require_once('FCPATH\\index.php')
CRITICAL - 2023-05-17 04:56:15 --> Trying to access array offset on value of type null
in APPPATH\Views\layouts\home-user\content-section4.php on line 9.
 1 APPPATH\Views\layouts\home-user\content-section4.php(9): CodeIgniter\Debug\Exceptions->errorHandler(8, 'Trying to access array offset on value of type null', 'APPPATH\\Views\\layouts\\home-user\\content-section4.php', 9, [...])
 2 SYSTEMPATH\View\View.php(213): include('APPPATH\\Views\\layouts\\home-user\\content-section4.php')
 3 SYSTEMPATH\View\View.php(216): CodeIgniter\View\View->CodeIgniter\View\{closure}()
 4 SYSTEMPATH\View\View.php(431): CodeIgniter\View\View->render('layouts/home-user/content-section4', null, true)
 5 APPPATH\Views\base\baseHome.php(18): CodeIgniter\View\View->include('layouts/home-user/content-section4')
 6 SYSTEMPATH\View\View.php(213): include('APPPATH\\Views\\base\\baseHome.php')
 7 SYSTEMPATH\View\View.php(216): CodeIgniter\View\View->CodeIgniter\View\{closure}()
 8 SYSTEMPATH\Common.php(1184): CodeIgniter\View\View->render('base/baseHome', [], true)
 9 APPPATH\Controllers\User.php(68): view('base/baseHome', [...])
10 SYSTEMPATH\CodeIgniter.php(934): App\Controllers\User->home()
11 SYSTEMPATH\CodeIgniter.php(499): CodeIgniter\CodeIgniter->runController(Object(App\Controllers\User))
12 SYSTEMPATH\CodeIgniter.php(368): CodeIgniter\CodeIgniter->handleRequest(null, Object(Config\Cache), false)
13 FCPATH\index.php(67): CodeIgniter\CodeIgniter->run()
14 SYSTEMPATH\Commands\Server\rewrite.php(47): require_once('FCPATH\\index.php')
CRITICAL - 2023-05-17 04:58:03 --> Illegal string offset 'title'
in APPPATH\Views\layouts\home-user\content-section4.php on line 9.
 1 APPPATH\Views\layouts\home-user\content-section4.php(9): CodeIgniter\Debug\Exceptions->errorHandler(2, 'Illegal string offset \'title\'', 'APPPATH\\Views\\layouts\\home-user\\content-section4.php', 9, [...])
 2 SYSTEMPATH\View\View.php(213): include('APPPATH\\Views\\layouts\\home-user\\content-section4.php')
 3 SYSTEMPATH\View\View.php(216): CodeIgniter\View\View->CodeIgniter\View\{closure}()
 4 SYSTEMPATH\View\View.php(431): CodeIgniter\View\View->render('layouts/home-user/content-section4', null, true)
 5 APPPATH\Views\base\baseHome.php(18): CodeIgniter\View\View->include('layouts/home-user/content-section4')
 6 SYSTEMPATH\View\View.php(213): include('APPPATH\\Views\\base\\baseHome.php')
 7 SYSTEMPATH\View\View.php(216): CodeIgniter\View\View->CodeIgniter\View\{closure}()
 8 SYSTEMPATH\Common.php(1184): CodeIgniter\View\View->render('base/baseHome', [], true)
 9 APPPATH\Controllers\User.php(68): view('base/baseHome', [...])
10 SYSTEMPATH\CodeIgniter.php(934): App\Controllers\User->home()
11 SYSTEMPATH\CodeIgniter.php(499): CodeIgniter\CodeIgniter->runController(Object(App\Controllers\User))
12 SYSTEMPATH\CodeIgniter.php(368): CodeIgniter\CodeIgniter->handleRequest(null, Object(Config\Cache), false)
13 FCPATH\index.php(67): CodeIgniter\CodeIgniter->run()
14 SYSTEMPATH\Commands\Server\rewrite.php(47): require_once('FCPATH\\index.php')
CRITICAL - 2023-05-17 04:59:39 --> Trying to get property 'title' of non-object
in APPPATH\Views\layouts\home-user\content-section4.php on line 9.
 1 APPPATH\Views\layouts\home-user\content-section4.php(9): CodeIgniter\Debug\Exceptions->errorHandler(8, 'Trying to get property \'title\' of non-object', 'APPPATH\\Views\\layouts\\home-user\\content-section4.php', 9, [...])
 2 SYSTEMPATH\View\View.php(213): include('APPPATH\\Views\\layouts\\home-user\\content-section4.php')
 3 SYSTEMPATH\View\View.php(216): CodeIgniter\View\View->CodeIgniter\View\{closure}()
 4 SYSTEMPATH\View\View.php(431): CodeIgniter\View\View->render('layouts/home-user/content-section4', null, true)
 5 APPPATH\Views\base\baseHome.php(18): CodeIgniter\View\View->include('layouts/home-user/content-section4')
 6 SYSTEMPATH\View\View.php(213): include('APPPATH\\Views\\base\\baseHome.php')
 7 SYSTEMPATH\View\View.php(216): CodeIgniter\View\View->CodeIgniter\View\{closure}()
 8 SYSTEMPATH\Common.php(1184): CodeIgniter\View\View->render('base/baseHome', [], true)
 9 APPPATH\Controllers\User.php(68): view('base/baseHome', [...])
10 SYSTEMPATH\CodeIgniter.php(934): App\Controllers\User->home()
11 SYSTEMPATH\CodeIgniter.php(499): CodeIgniter\CodeIgniter->runController(Object(App\Controllers\User))
12 SYSTEMPATH\CodeIgniter.php(368): CodeIgniter\CodeIgniter->handleRequest(null, Object(Config\Cache), false)
13 FCPATH\index.php(67): CodeIgniter\CodeIgniter->run()
14 SYSTEMPATH\Commands\Server\rewrite.php(47): require_once('FCPATH\\index.php')
CRITICAL - 2023-05-17 04:59:51 --> Illegal string offset 'title'
in APPPATH\Views\layouts\home-user\content-section4.php on line 9.
 1 APPPATH\Views\layouts\home-user\content-section4.php(9): CodeIgniter\Debug\Exceptions->errorHandler(2, 'Illegal string offset \'title\'', 'APPPATH\\Views\\layouts\\home-user\\content-section4.php', 9, [...])
 2 SYSTEMPATH\View\View.php(213): include('APPPATH\\Views\\layouts\\home-user\\content-section4.php')
 3 SYSTEMPATH\View\View.php(216): CodeIgniter\View\View->CodeIgniter\View\{closure}()
 4 SYSTEMPATH\View\View.php(431): CodeIgniter\View\View->render('layouts/home-user/content-section4', null, true)
 5 APPPATH\Views\base\baseHome.php(18): CodeIgniter\View\View->include('layouts/home-user/content-section4')
 6 SYSTEMPATH\View\View.php(213): include('APPPATH\\Views\\base\\baseHome.php')
 7 SYSTEMPATH\View\View.php(216): CodeIgniter\View\View->CodeIgniter\View\{closure}()
 8 SYSTEMPATH\Common.php(1184): CodeIgniter\View\View->render('base/baseHome', [], true)
 9 APPPATH\Controllers\User.php(68): view('base/baseHome', [...])
10 SYSTEMPATH\CodeIgniter.php(934): App\Controllers\User->home()
11 SYSTEMPATH\CodeIgniter.php(499): CodeIgniter\CodeIgniter->runController(Object(App\Controllers\User))
12 SYSTEMPATH\CodeIgniter.php(368): CodeIgniter\CodeIgniter->handleRequest(null, Object(Config\Cache), false)
13 FCPATH\index.php(67): CodeIgniter\CodeIgniter->run()
14 SYSTEMPATH\Commands\Server\rewrite.php(47): require_once('FCPATH\\index.php')
CRITICAL - 2023-05-17 05:17:48 --> Invalid argument supplied for foreach()
in APPPATH\Views\layouts\home-user\content-section4.php on line 5.
 1 APPPATH\Views\layouts\home-user\content-section4.php(5): CodeIgniter\Debug\Exceptions->errorHandler(2, 'Invalid argument supplied for foreach()', 'APPPATH\\Views\\layouts\\home-user\\content-section4.php', 5, [...])
 2 SYSTEMPATH\View\View.php(213): include('APPPATH\\Views\\layouts\\home-user\\content-section4.php')
 3 SYSTEMPATH\View\View.php(216): CodeIgniter\View\View->CodeIgniter\View\{closure}()
 4 SYSTEMPATH\View\View.php(431): CodeIgniter\View\View->render('layouts/home-user/content-section4', null, true)
 5 APPPATH\Views\base\baseHome.php(18): CodeIgniter\View\View->include('layouts/home-user/content-section4')
 6 SYSTEMPATH\View\View.php(213): include('APPPATH\\Views\\base\\baseHome.php')
 7 SYSTEMPATH\View\View.php(216): CodeIgniter\View\View->CodeIgniter\View\{closure}()
 8 SYSTEMPATH\Common.php(1184): CodeIgniter\View\View->render('base/baseHome', [], true)
 9 APPPATH\Controllers\User.php(68): view('base/baseHome', [...])
10 SYSTEMPATH\CodeIgniter.php(934): App\Controllers\User->home()
11 SYSTEMPATH\CodeIgniter.php(499): CodeIgniter\CodeIgniter->runController(Object(App\Controllers\User))
12 SYSTEMPATH\CodeIgniter.php(368): CodeIgniter\CodeIgniter->handleRequest(null, Object(Config\Cache), false)
13 FCPATH\index.php(67): CodeIgniter\CodeIgniter->run()
14 SYSTEMPATH\Commands\Server\rewrite.php(47): require_once('FCPATH\\index.php')
CRITICAL - 2023-05-17 13:40:05 --> Maximum execution time of 60 seconds exceeded
in SYSTEMPATH\Log\Handlers\FileHandler.php on line 75.
 1 [internal function]: CodeIgniter\Debug\Exceptions->shutdownHandler()
INFO - 2023-05-17 13:40:08 --> Session: Class initialized using 'CodeIgniter\Session\Handlers\FileHandler' driver.
WARNING - 2023-05-17 13:40:14 --> [DEPRECATED] Creation of dynamic property App\Controllers\Login::$userModel is deprecated in APPPATH\Controllers\Login.php on line 13.
 1 SYSTEMPATH\CodeIgniter.php(906): App\Controllers\Login->__construct()
 2 SYSTEMPATH\CodeIgniter.php(490): CodeIgniter\CodeIgniter->createController()
 3 SYSTEMPATH\CodeIgniter.php(368): CodeIgniter\CodeIgniter->handleRequest(null, Object(Config\Cache), false)
 4 FCPATH\index.php(67): CodeIgniter\CodeIgniter->run()
 5 SYSTEMPATH\Commands\Server\rewrite.php(47): require_once('FCPATH\\index.php')
INFO - 2023-05-17 13:40:14 --> Session: Class initialized using 'CodeIgniter\Session\Handlers\FileHandler' driver.
WARNING - 2023-05-17 13:40:54 --> [DEPRECATED] Creation of dynamic property App\Controllers\Login::$userModel is deprecated in APPPATH\Controllers\Login.php on line 13.
 1 SYSTEMPATH\CodeIgniter.php(906): App\Controllers\Login->__construct()
 2 SYSTEMPATH\CodeIgniter.php(490): CodeIgniter\CodeIgniter->createController()
 3 SYSTEMPATH\CodeIgniter.php(368): CodeIgniter\CodeIgniter->handleRequest(null, Object(Config\Cache), false)
 4 FCPATH\index.php(67): CodeIgniter\CodeIgniter->run()
 5 SYSTEMPATH\Commands\Server\rewrite.php(47): require_once('FCPATH\\index.php')
INFO - 2023-05-17 13:40:55 --> Session: Class initialized using 'CodeIgniter\Session\Handlers\FileHandler' driver.
INFO - 2023-05-17 13:40:59 --> Session: Class initialized using 'CodeIgniter\Session\Handlers\FileHandler' driver.
WARNING - 2023-05-17 13:40:59 --> [DEPRECATED] Creation of dynamic property App\Controllers\Dashboard::$visitorModel is deprecated in APPPATH\Controllers\Dashboard.php on line 9.
 1 SYSTEMPATH\CodeIgniter.php(906): App\Controllers\Dashboard->__construct()
 2 SYSTEMPATH\CodeIgniter.php(490): CodeIgniter\CodeIgniter->createController()
 3 SYSTEMPATH\CodeIgniter.php(368): CodeIgniter\CodeIgniter->handleRequest(null, Object(Config\Cache), false)
 4 FCPATH\index.php(67): CodeIgniter\CodeIgniter->run()
 5 SYSTEMPATH\Commands\Server\rewrite.php(47): require_once('FCPATH\\index.php')
ERROR - 2023-05-17 13:40:59 --> mysqli_sql_exception: Table 'fashionweb.visitors' doesn't exist in C:\xampp\htdocs\fashionWeb\system\Database\MySQLi\Connection.php:295
Stack trace:
#0 C:\xampp\htdocs\fashionWeb\system\Database\MySQLi\Connection.php(295): mysqli->query('SELECT category...', 0)
#1 C:\xampp\htdocs\fashionWeb\system\Database\BaseConnection.php(691): CodeIgniter\Database\MySQLi\Connection->execute('SELECT category...')
#2 C:\xampp\htdocs\fashionWeb\system\Database\BaseConnection.php(605): CodeIgniter\Database\BaseConnection->simpleQuery('SELECT category...')
#3 C:\xampp\htdocs\fashionWeb\app\Controllers\Dashboard.php(15): CodeIgniter\Database\BaseConnection->query('SELECT category...')
#4 C:\xampp\htdocs\fashionWeb\system\CodeIgniter.php(934): App\Controllers\Dashboard->index()
#5 C:\xampp\htdocs\fashionWeb\system\CodeIgniter.php(499): CodeIgniter\CodeIgniter->runController(Object(App\Controllers\Dashboard))
#6 C:\xampp\htdocs\fashionWeb\system\CodeIgniter.php(368): CodeIgniter\CodeIgniter->handleRequest(NULL, Object(Config\Cache), false)
#7 C:\xampp\htdocs\fashionWeb\public\index.php(67): CodeIgniter\CodeIgniter->run()
#8 C:\xampp\htdocs\fashionWeb\system\Commands\Server\rewrite.php(47): require_once('C:\\xampp\\htdocs...')
#9 {main}
CRITICAL - 2023-05-17 13:41:00 --> Table 'fashionweb.visitors' doesn't exist
in SYSTEMPATH\Database\BaseConnection.php on line 645.
 1 APPPATH\Controllers\Dashboard.php(15): CodeIgniter\Database\BaseConnection->query('SELECT category, COUNT(id) as jumlahdata FROM visitors GROUP BY category')
 2 SYSTEMPATH\CodeIgniter.php(934): App\Controllers\Dashboard->index()
 3 SYSTEMPATH\CodeIgniter.php(499): CodeIgniter\CodeIgniter->runController(Object(App\Controllers\Dashboard))
 4 SYSTEMPATH\CodeIgniter.php(368): CodeIgniter\CodeIgniter->handleRequest(null, Object(Config\Cache), false)
 5 FCPATH\index.php(67): CodeIgniter\CodeIgniter->run()
 6 SYSTEMPATH\Commands\Server\rewrite.php(47): require_once('FCPATH\\index.php')
WARNING - 2023-05-17 13:51:13 --> [DEPRECATED] Creation of dynamic property App\Controllers\User::$productModel is deprecated in APPPATH\Controllers\User.php on line 12.
 1 SYSTEMPATH\CodeIgniter.php(906): App\Controllers\User->__construct()
 2 SYSTEMPATH\CodeIgniter.php(490): CodeIgniter\CodeIgniter->createController()
 3 SYSTEMPATH\CodeIgniter.php(368): CodeIgniter\CodeIgniter->handleRequest(null, Object(Config\Cache), false)
 4 FCPATH\index.php(67): CodeIgniter\CodeIgniter->run()
 5 SYSTEMPATH\Commands\Server\rewrite.php(47): require_once('FCPATH\\index.php')
WARNING - 2023-05-17 13:51:14 --> [DEPRECATED] Creation of dynamic property App\Controllers\User::$VisitorModel is deprecated in APPPATH\Controllers\User.php on line 13.
 1 SYSTEMPATH\CodeIgniter.php(906): App\Controllers\User->__construct()
 2 SYSTEMPATH\CodeIgniter.php(490): CodeIgniter\CodeIgniter->createController()
 3 SYSTEMPATH\CodeIgniter.php(368): CodeIgniter\CodeIgniter->handleRequest(null, Object(Config\Cache), false)
 4 FCPATH\index.php(67): CodeIgniter\CodeIgniter->run()
 5 SYSTEMPATH\Commands\Server\rewrite.php(47): require_once('FCPATH\\index.php')
WARNING - 2023-05-17 13:52:13 --> [DEPRECATED] Creation of dynamic property App\Controllers\User::$productModel is deprecated in APPPATH\Controllers\User.php on line 12.
 1 SYSTEMPATH\CodeIgniter.php(906): App\Controllers\User->__construct()
 2 SYSTEMPATH\CodeIgniter.php(490): CodeIgniter\CodeIgniter->createController()
 3 SYSTEMPATH\CodeIgniter.php(368): CodeIgniter\CodeIgniter->handleRequest(null, Object(Config\Cache), false)
 4 FCPATH\index.php(67): CodeIgniter\CodeIgniter->run()
 5 SYSTEMPATH\Commands\Server\rewrite.php(47): require_once('FCPATH\\index.php')
WARNING - 2023-05-17 13:52:14 --> [DEPRECATED] Creation of dynamic property App\Controllers\User::$VisitorModel is deprecated in APPPATH\Controllers\User.php on line 13.
 1 SYSTEMPATH\CodeIgniter.php(906): App\Controllers\User->__construct()
 2 SYSTEMPATH\CodeIgniter.php(490): CodeIgniter\CodeIgniter->createController()
 3 SYSTEMPATH\CodeIgniter.php(368): CodeIgniter\CodeIgniter->handleRequest(null, Object(Config\Cache), false)
 4 FCPATH\index.php(67): CodeIgniter\CodeIgniter->run()
 5 SYSTEMPATH\Commands\Server\rewrite.php(47): require_once('FCPATH\\index.php')
WARNING - 2023-05-17 13:52:51 --> [DEPRECATED] Creation of dynamic property App\Controllers\User::$productModel is deprecated in APPPATH\Controllers\User.php on line 12.
 1 SYSTEMPATH\CodeIgniter.php(906): App\Controllers\User->__construct()
 2 SYSTEMPATH\CodeIgniter.php(490): CodeIgniter\CodeIgniter->createController()
 3 SYSTEMPATH\CodeIgniter.php(368): CodeIgniter\CodeIgniter->handleRequest(null, Object(Config\Cache), false)
 4 FCPATH\index.php(67): CodeIgniter\CodeIgniter->run()
 5 SYSTEMPATH\Commands\Server\rewrite.php(47): require_once('FCPATH\\index.php')
WARNING - 2023-05-17 13:52:51 --> [DEPRECATED] Creation of dynamic property App\Controllers\User::$VisitorModel is deprecated in APPPATH\Controllers\User.php on line 13.
 1 SYSTEMPATH\CodeIgniter.php(906): App\Controllers\User->__construct()
 2 SYSTEMPATH\CodeIgniter.php(490): CodeIgniter\CodeIgniter->createController()
 3 SYSTEMPATH\CodeIgniter.php(368): CodeIgniter\CodeIgniter->handleRequest(null, Object(Config\Cache), false)
 4 FCPATH\index.php(67): CodeIgniter\CodeIgniter->run()
 5 SYSTEMPATH\Commands\Server\rewrite.php(47): require_once('FCPATH\\index.php')
WARNING - 2023-05-17 13:52:55 --> [DEPRECATED] Creation of dynamic property App\Controllers\User::$productModel is deprecated in APPPATH\Controllers\User.php on line 12.
 1 SYSTEMPATH\CodeIgniter.php(906): App\Controllers\User->__construct()
 2 SYSTEMPATH\CodeIgniter.php(490): CodeIgniter\CodeIgniter->createController()
 3 SYSTEMPATH\CodeIgniter.php(368): CodeIgniter\CodeIgniter->handleRequest(null, Object(Config\Cache), false)
 4 FCPATH\index.php(67): CodeIgniter\CodeIgniter->run()
 5 SYSTEMPATH\Commands\Server\rewrite.php(47): require_once('FCPATH\\index.php')
WARNING - 2023-05-17 13:52:55 --> [DEPRECATED] Creation of dynamic property App\Controllers\User::$VisitorModel is deprecated in APPPATH\Controllers\User.php on line 13.
 1 SYSTEMPATH\CodeIgniter.php(906): App\Controllers\User->__construct()
 2 SYSTEMPATH\CodeIgniter.php(490): CodeIgniter\CodeIgniter->createController()
 3 SYSTEMPATH\CodeIgniter.php(368): CodeIgniter\CodeIgniter->handleRequest(null, Object(Config\Cache), false)
 4 FCPATH\index.php(67): CodeIgniter\CodeIgniter->run()
 5 SYSTEMPATH\Commands\Server\rewrite.php(47): require_once('FCPATH\\index.php')
WARNING - 2023-05-17 13:53:17 --> [DEPRECATED] Creation of dynamic property App\Controllers\User::$productModel is deprecated in APPPATH\Controllers\User.php on line 12.
 1 SYSTEMPATH\CodeIgniter.php(906): App\Controllers\User->__construct()
 2 SYSTEMPATH\CodeIgniter.php(490): CodeIgniter\CodeIgniter->createController()
 3 SYSTEMPATH\CodeIgniter.php(368): CodeIgniter\CodeIgniter->handleRequest(null, Object(Config\Cache), false)
 4 FCPATH\index.php(67): CodeIgniter\CodeIgniter->run()
 5 SYSTEMPATH\Commands\Server\rewrite.php(47): require_once('FCPATH\\index.php')
WARNING - 2023-05-17 13:53:17 --> [DEPRECATED] Creation of dynamic property App\Controllers\User::$VisitorModel is deprecated in APPPATH\Controllers\User.php on line 13.
 1 SYSTEMPATH\CodeIgniter.php(906): App\Controllers\User->__construct()
 2 SYSTEMPATH\CodeIgniter.php(490): CodeIgniter\CodeIgniter->createController()
 3 SYSTEMPATH\CodeIgniter.php(368): CodeIgniter\CodeIgniter->handleRequest(null, Object(Config\Cache), false)
 4 FCPATH\index.php(67): CodeIgniter\CodeIgniter->run()
 5 SYSTEMPATH\Commands\Server\rewrite.php(47): require_once('FCPATH\\index.php')
WARNING - 2023-05-17 13:54:16 --> [DEPRECATED] Creation of dynamic property App\Controllers\User::$productModel is deprecated in APPPATH\Controllers\User.php on line 12.
 1 SYSTEMPATH\CodeIgniter.php(906): App\Controllers\User->__construct()
 2 SYSTEMPATH\CodeIgniter.php(490): CodeIgniter\CodeIgniter->createController()
 3 SYSTEMPATH\CodeIgniter.php(368): CodeIgniter\CodeIgniter->handleRequest(null, Object(Config\Cache), false)
 4 FCPATH\index.php(67): CodeIgniter\CodeIgniter->run()
 5 SYSTEMPATH\Commands\Server\rewrite.php(47): require_once('FCPATH\\index.php')
WARNING - 2023-05-17 13:54:16 --> [DEPRECATED] Creation of dynamic property App\Controllers\User::$VisitorModel is deprecated in APPPATH\Controllers\User.php on line 13.
 1 SYSTEMPATH\CodeIgniter.php(906): App\Controllers\User->__construct()
 2 SYSTEMPATH\CodeIgniter.php(490): CodeIgniter\CodeIgniter->createController()
 3 SYSTEMPATH\CodeIgniter.php(368): CodeIgniter\CodeIgniter->handleRequest(null, Object(Config\Cache), false)
 4 FCPATH\index.php(67): CodeIgniter\CodeIgniter->run()
 5 SYSTEMPATH\Commands\Server\rewrite.php(47): require_once('FCPATH\\index.php')
WARNING - 2023-05-17 13:55:30 --> [DEPRECATED] Creation of dynamic property App\Controllers\User::$productModel is deprecated in APPPATH\Controllers\User.php on line 12.
 1 SYSTEMPATH\CodeIgniter.php(906): App\Controllers\User->__construct()
 2 SYSTEMPATH\CodeIgniter.php(490): CodeIgniter\CodeIgniter->createController()
 3 SYSTEMPATH\CodeIgniter.php(368): CodeIgniter\CodeIgniter->handleRequest(null, Object(Config\Cache), false)
 4 FCPATH\index.php(67): CodeIgniter\CodeIgniter->run()
 5 SYSTEMPATH\Commands\Server\rewrite.php(47): require_once('FCPATH\\index.php')
WARNING - 2023-05-17 13:55:30 --> [DEPRECATED] Creation of dynamic property App\Controllers\User::$VisitorModel is deprecated in APPPATH\Controllers\User.php on line 13.
 1 SYSTEMPATH\CodeIgniter.php(906): App\Controllers\User->__construct()
 2 SYSTEMPATH\CodeIgniter.php(490): CodeIgniter\CodeIgniter->createController()
 3 SYSTEMPATH\CodeIgniter.php(368): CodeIgniter\CodeIgniter->handleRequest(null, Object(Config\Cache), false)
 4 FCPATH\index.php(67): CodeIgniter\CodeIgniter->run()
 5 SYSTEMPATH\Commands\Server\rewrite.php(47): require_once('FCPATH\\index.php')
WARNING - 2023-05-17 13:55:34 --> [DEPRECATED] Creation of dynamic property App\Controllers\User::$productModel is deprecated in APPPATH\Controllers\User.php on line 12.
 1 SYSTEMPATH\CodeIgniter.php(906): App\Controllers\User->__construct()
 2 SYSTEMPATH\CodeIgniter.php(490): CodeIgniter\CodeIgniter->createController()
 3 SYSTEMPATH\CodeIgniter.php(368): CodeIgniter\CodeIgniter->handleRequest(null, Object(Config\Cache), false)
 4 FCPATH\index.php(67): CodeIgniter\CodeIgniter->run()
 5 SYSTEMPATH\Commands\Server\rewrite.php(47): require_once('FCPATH\\index.php')
WARNING - 2023-05-17 13:55:34 --> [DEPRECATED] Creation of dynamic property App\Controllers\User::$VisitorModel is deprecated in APPPATH\Controllers\User.php on line 13.
 1 SYSTEMPATH\CodeIgniter.php(906): App\Controllers\User->__construct()
 2 SYSTEMPATH\CodeIgniter.php(490): CodeIgniter\CodeIgniter->createController()
 3 SYSTEMPATH\CodeIgniter.php(368): CodeIgniter\CodeIgniter->handleRequest(null, Object(Config\Cache), false)
 4 FCPATH\index.php(67): CodeIgniter\CodeIgniter->run()
 5 SYSTEMPATH\Commands\Server\rewrite.php(47): require_once('FCPATH\\index.php')
ERROR - 2023-05-17 13:55:34 --> mysqli_sql_exception: Table 'fashionweb.visitors' doesn't exist in C:\xampp\htdocs\fashionWeb\system\Database\MySQLi\Connection.php:295
Stack trace:
#0 C:\xampp\htdocs\fashionWeb\system\Database\MySQLi\Connection.php(295): mysqli->query('INSERT INTO `vi...', 0)
#1 C:\xampp\htdocs\fashionWeb\system\Database\BaseConnection.php(691): CodeIgniter\Database\MySQLi\Connection->execute('INSERT INTO `vi...')
#2 C:\xampp\htdocs\fashionWeb\system\Database\BaseConnection.php(605): CodeIgniter\Database\BaseConnection->simpleQuery('INSERT INTO `vi...')
#3 C:\xampp\htdocs\fashionWeb\system\Database\BaseBuilder.php(2309): CodeIgniter\Database\BaseConnection->query('INSERT INTO `vi...', Array, false)
#4 C:\xampp\htdocs\fashionWeb\system\Model.php(330): CodeIgniter\Database\BaseBuilder->insert()
#5 C:\xampp\htdocs\fashionWeb\system\BaseModel.php(782): CodeIgniter\Model->doInsert(Array)
#6 C:\xampp\htdocs\fashionWeb\system\Model.php(730): CodeIgniter\BaseModel->insert(Array, true)
#7 C:\xampp\htdocs\fashionWeb\app\Controllers\User.php(86): CodeIgniter\Model->insert(Array)
#8 C:\xampp\htdocs\fashionWeb\system\CodeIgniter.php(934): App\Controllers\User->detail('1')
#9 C:\xampp\htdocs\fashionWeb\system\CodeIgniter.php(499): CodeIgniter\CodeIgniter->runController(Object(App\Controllers\User))
#10 C:\xampp\htdocs\fashionWeb\system\CodeIgniter.php(368): CodeIgniter\CodeIgniter->handleRequest(NULL, Object(Config\Cache), false)
#11 C:\xampp\htdocs\fashionWeb\public\index.php(67): CodeIgniter\CodeIgniter->run()
#12 C:\xampp\htdocs\fashionWeb\system\Commands\Server\rewrite.php(47): require_once('C:\\xampp\\htdocs...')
#13 {main}
CRITICAL - 2023-05-17 13:55:34 --> Table 'fashionweb.visitors' doesn't exist
in SYSTEMPATH\Database\BaseConnection.php on line 645.
 1 SYSTEMPATH\Database\BaseBuilder.php(2309): CodeIgniter\Database\BaseConnection->query('INSERT INTO `visitors` (`id_product`, `category`, `date_visit`) VALUES (:id_product:, :category:, :date_visit:)', [...], false)
 2 SYSTEMPATH\Model.php(330): CodeIgniter\Database\BaseBuilder->insert()
 3 SYSTEMPATH\BaseModel.php(782): CodeIgniter\Model->doInsert([...])
 4 SYSTEMPATH\Model.php(730): CodeIgniter\BaseModel->insert([...], true)
 5 APPPATH\Controllers\User.php(86): CodeIgniter\Model->insert([...])
 6 SYSTEMPATH\CodeIgniter.php(934): App\Controllers\User->detail('1')
 7 SYSTEMPATH\CodeIgniter.php(499): CodeIgniter\CodeIgniter->runController(Object(App\Controllers\User))
 8 SYSTEMPATH\CodeIgniter.php(368): CodeIgniter\CodeIgniter->handleRequest(null, Object(Config\Cache), false)
 9 FCPATH\index.php(67): CodeIgniter\CodeIgniter->run()
10 SYSTEMPATH\Commands\Server\rewrite.php(47): require_once('FCPATH\\index.php')
WARNING - 2023-05-17 13:55:40 --> [DEPRECATED] Creation of dynamic property App\Controllers\User::$productModel is deprecated in APPPATH\Controllers\User.php on line 12.
 1 SYSTEMPATH\CodeIgniter.php(906): App\Controllers\User->__construct()
 2 SYSTEMPATH\CodeIgniter.php(490): CodeIgniter\CodeIgniter->createController()
 3 SYSTEMPATH\CodeIgniter.php(368): CodeIgniter\CodeIgniter->handleRequest(null, Object(Config\Cache), false)
 4 FCPATH\index.php(67): CodeIgniter\CodeIgniter->run()
 5 SYSTEMPATH\Commands\Server\rewrite.php(47): require_once('FCPATH\\index.php')
WARNING - 2023-05-17 13:55:40 --> [DEPRECATED] Creation of dynamic property App\Controllers\User::$VisitorModel is deprecated in APPPATH\Controllers\User.php on line 13.
 1 SYSTEMPATH\CodeIgniter.php(906): App\Controllers\User->__construct()
 2 SYSTEMPATH\CodeIgniter.php(490): CodeIgniter\CodeIgniter->createController()
 3 SYSTEMPATH\CodeIgniter.php(368): CodeIgniter\CodeIgniter->handleRequest(null, Object(Config\Cache), false)
 4 FCPATH\index.php(67): CodeIgniter\CodeIgniter->run()
 5 SYSTEMPATH\Commands\Server\rewrite.php(47): require_once('FCPATH\\index.php')
WARNING - 2023-05-17 13:55:43 --> [DEPRECATED] Creation of dynamic property App\Controllers\User::$productModel is deprecated in APPPATH\Controllers\User.php on line 12.
 1 SYSTEMPATH\CodeIgniter.php(906): App\Controllers\User->__construct()
 2 SYSTEMPATH\CodeIgniter.php(490): CodeIgniter\CodeIgniter->createController()
 3 SYSTEMPATH\CodeIgniter.php(368): CodeIgniter\CodeIgniter->handleRequest(null, Object(Config\Cache), false)
 4 FCPATH\index.php(67): CodeIgniter\CodeIgniter->run()
 5 SYSTEMPATH\Commands\Server\rewrite.php(47): require_once('FCPATH\\index.php')
WARNING - 2023-05-17 13:55:43 --> [DEPRECATED] Creation of dynamic property App\Controllers\User::$VisitorModel is deprecated in APPPATH\Controllers\User.php on line 13.
 1 SYSTEMPATH\CodeIgniter.php(906): App\Controllers\User->__construct()
 2 SYSTEMPATH\CodeIgniter.php(490): CodeIgniter\CodeIgniter->createController()
 3 SYSTEMPATH\CodeIgniter.php(368): CodeIgniter\CodeIgniter->handleRequest(null, Object(Config\Cache), false)
 4 FCPATH\index.php(67): CodeIgniter\CodeIgniter->run()
 5 SYSTEMPATH\Commands\Server\rewrite.php(47): require_once('FCPATH\\index.php')
ERROR - 2023-05-17 13:55:43 --> mysqli_sql_exception: Table 'fashionweb.visitors' doesn't exist in C:\xampp\htdocs\fashionWeb\system\Database\MySQLi\Connection.php:295
Stack trace:
#0 C:\xampp\htdocs\fashionWeb\system\Database\MySQLi\Connection.php(295): mysqli->query('INSERT INTO `vi...', 0)
#1 C:\xampp\htdocs\fashionWeb\system\Database\BaseConnection.php(691): CodeIgniter\Database\MySQLi\Connection->execute('INSERT INTO `vi...')
#2 C:\xampp\htdocs\fashionWeb\system\Database\BaseConnection.php(605): CodeIgniter\Database\BaseConnection->simpleQuery('INSERT INTO `vi...')
#3 C:\xampp\htdocs\fashionWeb\system\Database\BaseBuilder.php(2309): CodeIgniter\Database\BaseConnection->query('INSERT INTO `vi...', Array, false)
#4 C:\xampp\htdocs\fashionWeb\system\Model.php(330): CodeIgniter\Database\BaseBuilder->insert()
#5 C:\xampp\htdocs\fashionWeb\system\BaseModel.php(782): CodeIgniter\Model->doInsert(Array)
#6 C:\xampp\htdocs\fashionWeb\system\Model.php(730): CodeIgniter\BaseModel->insert(Array, true)
#7 C:\xampp\htdocs\fashionWeb\app\Controllers\User.php(86): CodeIgniter\Model->insert(Array)
#8 C:\xampp\htdocs\fashionWeb\system\CodeIgniter.php(934): App\Controllers\User->detail('3')
#9 C:\xampp\htdocs\fashionWeb\system\CodeIgniter.php(499): CodeIgniter\CodeIgniter->runController(Object(App\Controllers\User))
#10 C:\xampp\htdocs\fashionWeb\system\CodeIgniter.php(368): CodeIgniter\CodeIgniter->handleRequest(NULL, Object(Config\Cache), false)
#11 C:\xampp\htdocs\fashionWeb\public\index.php(67): CodeIgniter\CodeIgniter->run()
#12 C:\xampp\htdocs\fashionWeb\system\Commands\Server\rewrite.php(47): require_once('C:\\xampp\\htdocs...')
#13 {main}
CRITICAL - 2023-05-17 13:55:43 --> Table 'fashionweb.visitors' doesn't exist
in SYSTEMPATH\Database\BaseConnection.php on line 645.
 1 SYSTEMPATH\Database\BaseBuilder.php(2309): CodeIgniter\Database\BaseConnection->query('INSERT INTO `visitors` (`id_product`, `category`, `date_visit`) VALUES (:id_product:, :category:, :date_visit:)', [...], false)
 2 SYSTEMPATH\Model.php(330): CodeIgniter\Database\BaseBuilder->insert()
 3 SYSTEMPATH\BaseModel.php(782): CodeIgniter\Model->doInsert([...])
 4 SYSTEMPATH\Model.php(730): CodeIgniter\BaseModel->insert([...], true)
 5 APPPATH\Controllers\User.php(86): CodeIgniter\Model->insert([...])
 6 SYSTEMPATH\CodeIgniter.php(934): App\Controllers\User->detail('3')
 7 SYSTEMPATH\CodeIgniter.php(499): CodeIgniter\CodeIgniter->runController(Object(App\Controllers\User))
 8 SYSTEMPATH\CodeIgniter.php(368): CodeIgniter\CodeIgniter->handleRequest(null, Object(Config\Cache), false)
 9 FCPATH\index.php(67): CodeIgniter\CodeIgniter->run()
10 SYSTEMPATH\Commands\Server\rewrite.php(47): require_once('FCPATH\\index.php')
