INFO - 2023-05-16 04:47:18 --> Session: Class initialized using 'CodeIgniter\Session\Handlers\FileHandler' driver.
INFO - 2023-05-16 04:47:31 --> Session: Class initialized using 'CodeIgniter\Session\Handlers\FileHandler' driver.
INFO - 2023-05-16 04:47:32 --> Session: Class initialized using 'CodeIgniter\Session\Handlers\FileHandler' driver.
CRITICAL - 2023-05-16 04:47:33 --> Undefined variable: visitors
in APPPATH\Views\layouts\admin\scripts.php on line 24.
 1 APPPATH\Views\layouts\admin\scripts.php(24): CodeIgniter\Debug\Exceptions->errorHandler(8, 'Undefined variable: visitors', 'APPPATH\\Views\\layouts\\admin\\scripts.php', 24, [...])
 2 SYSTEMPATH\View\View.php(213): include('APPPATH\\Views\\layouts\\admin\\scripts.php')
 3 SYSTEMPATH\View\View.php(216): CodeIgniter\View\View->CodeIgniter\View\{closure}()
 4 SYSTEMPATH\View\View.php(431): CodeIgniter\View\View->render('layouts/admin/scripts', null, true)
 5 APPPATH\Views\base\baseAdmin.php(75): CodeIgniter\View\View->include('layouts/admin/scripts')
 6 SYSTEMPATH\View\View.php(213): include('APPPATH\\Views\\base\\baseAdmin.php')
 7 SYSTEMPATH\View\View.php(216): CodeIgniter\View\View->CodeIgniter\View\{closure}()
 8 SYSTEMPATH\View\View.php(229): CodeIgniter\View\View->render('base/baseAdmin', [], true)
 9 SYSTEMPATH\Common.php(1184): CodeIgniter\View\View->render('product/index', [], true)
10 APPPATH\Controllers\Product.php(28): view('product/index', [...])
11 SYSTEMPATH\CodeIgniter.php(934): App\Controllers\Product->index()
12 SYSTEMPATH\CodeIgniter.php(499): CodeIgniter\CodeIgniter->runController(Object(App\Controllers\Product))
13 SYSTEMPATH\CodeIgniter.php(368): CodeIgniter\CodeIgniter->handleRequest(null, Object(Config\Cache), false)
14 FCPATH\index.php(67): CodeIgniter\CodeIgniter->run()
15 SYSTEMPATH\Commands\Server\rewrite.php(47): require_once('FCPATH\\index.php')
INFO - 2023-05-16 04:48:20 --> Session: Class initialized using 'CodeIgniter\Session\Handlers\FileHandler' driver.
INFO - 2023-05-16 04:48:29 --> Session: Class initialized using 'CodeIgniter\Session\Handlers\FileHandler' driver.
INFO - 2023-05-16 04:50:43 --> Session: Class initialized using 'CodeIgniter\Session\Handlers\FileHandler' driver.
CRITICAL - 2023-05-16 04:50:45 --> Undefined variable: visitors
in APPPATH\Views\layouts\admin\scripts.php on line 24.
 1 APPPATH\Views\layouts\admin\scripts.php(24): CodeIgniter\Debug\Exceptions->errorHandler(8, 'Undefined variable: visitors', 'APPPATH\\Views\\layouts\\admin\\scripts.php', 24, [...])
 2 SYSTEMPATH\View\View.php(213): include('APPPATH\\Views\\layouts\\admin\\scripts.php')
 3 SYSTEMPATH\View\View.php(216): CodeIgniter\View\View->CodeIgniter\View\{closure}()
 4 SYSTEMPATH\View\View.php(431): CodeIgniter\View\View->render('layouts/admin/scripts', null, true)
 5 APPPATH\Views\base\baseAdmin.php(75): CodeIgniter\View\View->include('layouts/admin/scripts')
 6 SYSTEMPATH\View\View.php(213): include('APPPATH\\Views\\base\\baseAdmin.php')
 7 SYSTEMPATH\View\View.php(216): CodeIgniter\View\View->CodeIgniter\View\{closure}()
 8 SYSTEMPATH\View\View.php(229): CodeIgniter\View\View->render('base/baseAdmin', [], true)
 9 SYSTEMPATH\Common.php(1184): CodeIgniter\View\View->render('product/index', [], true)
10 APPPATH\Controllers\Product.php(28): view('product/index', [...])
11 SYSTEMPATH\CodeIgniter.php(934): App\Controllers\Product->index()
12 SYSTEMPATH\CodeIgniter.php(499): CodeIgniter\CodeIgniter->runController(Object(App\Controllers\Product))
13 SYSTEMPATH\CodeIgniter.php(368): CodeIgniter\CodeIgniter->handleRequest(null, Object(Config\Cache), false)
14 FCPATH\index.php(67): CodeIgniter\CodeIgniter->run()
15 SYSTEMPATH\Commands\Server\rewrite.php(47): require_once('FCPATH\\index.php')
INFO - 2023-05-16 04:51:23 --> Session: Class initialized using 'CodeIgniter\Session\Handlers\FileHandler' driver.
CRITICAL - 2023-05-16 04:51:23 --> Undefined variable: visitors
in APPPATH\Views\layouts\admin\scripts.php on line 24.
 1 APPPATH\Views\layouts\admin\scripts.php(24): CodeIgniter\Debug\Exceptions->errorHandler(8, 'Undefined variable: visitors', 'APPPATH\\Views\\layouts\\admin\\scripts.php', 24, [...])
 2 SYSTEMPATH\View\View.php(213): include('APPPATH\\Views\\layouts\\admin\\scripts.php')
 3 SYSTEMPATH\View\View.php(216): CodeIgniter\View\View->CodeIgniter\View\{closure}()
 4 SYSTEMPATH\View\View.php(431): CodeIgniter\View\View->render('layouts/admin/scripts', null, true)
 5 APPPATH\Views\base\baseAdmin.php(75): CodeIgniter\View\View->include('layouts/admin/scripts')
 6 SYSTEMPATH\View\View.php(213): include('APPPATH\\Views\\base\\baseAdmin.php')
 7 SYSTEMPATH\View\View.php(216): CodeIgniter\View\View->CodeIgniter\View\{closure}()
 8 SYSTEMPATH\View\View.php(229): CodeIgniter\View\View->render('base/baseAdmin', [], true)
 9 SYSTEMPATH\Common.php(1184): CodeIgniter\View\View->render('product/edit', [], true)
10 APPPATH\Controllers\Product.php(94): view('product/edit', [...])
11 SYSTEMPATH\CodeIgniter.php(934): App\Controllers\Product->edit('2')
12 SYSTEMPATH\CodeIgniter.php(499): CodeIgniter\CodeIgniter->runController(Object(App\Controllers\Product))
13 SYSTEMPATH\CodeIgniter.php(368): CodeIgniter\CodeIgniter->handleRequest(null, Object(Config\Cache), false)
14 FCPATH\index.php(67): CodeIgniter\CodeIgniter->run()
15 SYSTEMPATH\Commands\Server\rewrite.php(47): require_once('FCPATH\\index.php')
INFO - 2023-05-16 04:53:06 --> Session: Class initialized using 'CodeIgniter\Session\Handlers\FileHandler' driver.
INFO - 2023-05-16 04:53:08 --> Session: Class initialized using 'CodeIgniter\Session\Handlers\FileHandler' driver.
CRITICAL - 2023-05-16 04:53:08 --> Undefined variable: visitors
in APPPATH\Views\layouts\admin\scripts.php on line 24.
 1 APPPATH\Views\layouts\admin\scripts.php(24): CodeIgniter\Debug\Exceptions->errorHandler(8, 'Undefined variable: visitors', 'APPPATH\\Views\\layouts\\admin\\scripts.php', 24, [...])
 2 SYSTEMPATH\View\View.php(213): include('APPPATH\\Views\\layouts\\admin\\scripts.php')
 3 SYSTEMPATH\View\View.php(216): CodeIgniter\View\View->CodeIgniter\View\{closure}()
 4 SYSTEMPATH\View\View.php(431): CodeIgniter\View\View->render('layouts/admin/scripts', null, true)
 5 APPPATH\Views\base\baseAdmin.php(75): CodeIgniter\View\View->include('layouts/admin/scripts')
 6 SYSTEMPATH\View\View.php(213): include('APPPATH\\Views\\base\\baseAdmin.php')
 7 SYSTEMPATH\View\View.php(216): CodeIgniter\View\View->CodeIgniter\View\{closure}()
 8 SYSTEMPATH\View\View.php(229): CodeIgniter\View\View->render('base/baseAdmin', [], true)
 9 SYSTEMPATH\Common.php(1184): CodeIgniter\View\View->render('product/index', [], true)
10 APPPATH\Controllers\Product.php(28): view('product/index', [...])
11 SYSTEMPATH\CodeIgniter.php(934): App\Controllers\Product->index()
12 SYSTEMPATH\CodeIgniter.php(499): CodeIgniter\CodeIgniter->runController(Object(App\Controllers\Product))
13 SYSTEMPATH\CodeIgniter.php(368): CodeIgniter\CodeIgniter->handleRequest(null, Object(Config\Cache), false)
14 FCPATH\index.php(67): CodeIgniter\CodeIgniter->run()
15 SYSTEMPATH\Commands\Server\rewrite.php(47): require_once('FCPATH\\index.php')
INFO - 2023-05-16 04:54:26 --> Session: Class initialized using 'CodeIgniter\Session\Handlers\FileHandler' driver.
INFO - 2023-05-16 04:54:31 --> Session: Class initialized using 'CodeIgniter\Session\Handlers\FileHandler' driver.
INFO - 2023-05-16 04:54:35 --> Session: Class initialized using 'CodeIgniter\Session\Handlers\FileHandler' driver.
INFO - 2023-05-16 04:54:35 --> Session: Class initialized using 'CodeIgniter\Session\Handlers\FileHandler' driver.
INFO - 2023-05-16 04:54:36 --> Session: Class initialized using 'CodeIgniter\Session\Handlers\FileHandler' driver.
INFO - 2023-05-16 04:54:45 --> Session: Class initialized using 'CodeIgniter\Session\Handlers\FileHandler' driver.
INFO - 2023-05-16 04:54:46 --> Session: Class initialized using 'CodeIgniter\Session\Handlers\FileHandler' driver.
INFO - 2023-05-16 04:54:47 --> Session: Class initialized using 'CodeIgniter\Session\Handlers\FileHandler' driver.
INFO - 2023-05-16 04:54:47 --> Session: Class initialized using 'CodeIgniter\Session\Handlers\FileHandler' driver.
INFO - 2023-05-16 04:54:48 --> Session: Class initialized using 'CodeIgniter\Session\Handlers\FileHandler' driver.
INFO - 2023-05-16 04:54:49 --> Session: Class initialized using 'CodeIgniter\Session\Handlers\FileHandler' driver.
INFO - 2023-05-16 04:54:50 --> Session: Class initialized using 'CodeIgniter\Session\Handlers\FileHandler' driver.
INFO - 2023-05-16 04:54:50 --> Session: Class initialized using 'CodeIgniter\Session\Handlers\FileHandler' driver.
INFO - 2023-05-16 04:56:11 --> Session: Class initialized using 'CodeIgniter\Session\Handlers\FileHandler' driver.
INFO - 2023-05-16 04:56:15 --> Session: Class initialized using 'CodeIgniter\Session\Handlers\FileHandler' driver.
INFO - 2023-05-16 04:56:15 --> Session: Class initialized using 'CodeIgniter\Session\Handlers\FileHandler' driver.
CRITICAL - 2023-05-16 05:04:01 --> Trying to access array offset on value of type null
in APPPATH\Views\base\detailProduct.php on line 13.
 1 APPPATH\Views\base\detailProduct.php(13): CodeIgniter\Debug\Exceptions->errorHandler(8, 'Trying to access array offset on value of type null', 'APPPATH\\Views\\base\\detailProduct.php', 13, [...])
 2 SYSTEMPATH\View\View.php(213): include('APPPATH\\Views\\base\\detailProduct.php')
 3 SYSTEMPATH\View\View.php(216): CodeIgniter\View\View->CodeIgniter\View\{closure}()
 4 SYSTEMPATH\Common.php(1184): CodeIgniter\View\View->render('base/detailProduct', [], true)
 5 APPPATH\Controllers\User.php(81): view('base/detailProduct', [...])
 6 SYSTEMPATH\CodeIgniter.php(934): App\Controllers\User->detail('js', 'scripts.js')
 7 SYSTEMPATH\CodeIgniter.php(499): CodeIgniter\CodeIgniter->runController(Object(App\Controllers\User))
 8 SYSTEMPATH\CodeIgniter.php(368): CodeIgniter\CodeIgniter->handleRequest(null, Object(Config\Cache), false)
 9 FCPATH\index.php(67): CodeIgniter\CodeIgniter->run()
10 SYSTEMPATH\Commands\Server\rewrite.php(47): require_once('FCPATH\\index.php')
CRITICAL - 2023-05-16 05:04:02 --> Trying to access array offset on value of type null
in APPPATH\Views\base\detailProduct.php on line 13.
 1 APPPATH\Views\base\detailProduct.php(13): CodeIgniter\Debug\Exceptions->errorHandler(8, 'Trying to access array offset on value of type null', 'APPPATH\\Views\\base\\detailProduct.php', 13, [...])
 2 SYSTEMPATH\View\View.php(213): include('APPPATH\\Views\\base\\detailProduct.php')
 3 SYSTEMPATH\View\View.php(216): CodeIgniter\View\View->CodeIgniter\View\{closure}()
 4 SYSTEMPATH\Common.php(1184): CodeIgniter\View\View->render('base/detailProduct', [], true)
 5 APPPATH\Controllers\User.php(81): view('base/detailProduct', [...])
 6 SYSTEMPATH\CodeIgniter.php(934): App\Controllers\User->detail('public', 'FCPATH\\assets', 'FCPATH\\favicon.ico')
 7 SYSTEMPATH\CodeIgniter.php(499): CodeIgniter\CodeIgniter->runController(Object(App\Controllers\User))
 8 SYSTEMPATH\CodeIgniter.php(368): CodeIgniter\CodeIgniter->handleRequest(null, Object(Config\Cache), false)
 9 FCPATH\index.php(67): CodeIgniter\CodeIgniter->run()
10 SYSTEMPATH\Commands\Server\rewrite.php(47): require_once('FCPATH\\index.php')
CRITICAL - 2023-05-16 05:04:35 --> Trying to access array offset on value of type null
in APPPATH\Views\base\detailProduct.php on line 13.
 1 APPPATH\Views\base\detailProduct.php(13): CodeIgniter\Debug\Exceptions->errorHandler(8, 'Trying to access array offset on value of type null', 'APPPATH\\Views\\base\\detailProduct.php', 13, [...])
 2 SYSTEMPATH\View\View.php(213): include('APPPATH\\Views\\base\\detailProduct.php')
 3 SYSTEMPATH\View\View.php(216): CodeIgniter\View\View->CodeIgniter\View\{closure}()
 4 SYSTEMPATH\Common.php(1184): CodeIgniter\View\View->render('base/detailProduct', [], true)
 5 APPPATH\Controllers\User.php(81): view('base/detailProduct', [...])
 6 SYSTEMPATH\CodeIgniter.php(934): App\Controllers\User->detail('js', 'scripts.js')
 7 SYSTEMPATH\CodeIgniter.php(499): CodeIgniter\CodeIgniter->runController(Object(App\Controllers\User))
 8 SYSTEMPATH\CodeIgniter.php(368): CodeIgniter\CodeIgniter->handleRequest(null, Object(Config\Cache), false)
 9 FCPATH\index.php(67): CodeIgniter\CodeIgniter->run()
10 SYSTEMPATH\Commands\Server\rewrite.php(47): require_once('FCPATH\\index.php')
CRITICAL - 2023-05-16 05:04:35 --> Trying to access array offset on value of type null
in APPPATH\Views\base\detailProduct.php on line 13.
 1 APPPATH\Views\base\detailProduct.php(13): CodeIgniter\Debug\Exceptions->errorHandler(8, 'Trying to access array offset on value of type null', 'APPPATH\\Views\\base\\detailProduct.php', 13, [...])
 2 SYSTEMPATH\View\View.php(213): include('APPPATH\\Views\\base\\detailProduct.php')
 3 SYSTEMPATH\View\View.php(216): CodeIgniter\View\View->CodeIgniter\View\{closure}()
 4 SYSTEMPATH\Common.php(1184): CodeIgniter\View\View->render('base/detailProduct', [], true)
 5 APPPATH\Controllers\User.php(81): view('base/detailProduct', [...])
 6 SYSTEMPATH\CodeIgniter.php(934): App\Controllers\User->detail('public', 'FCPATH\\assets', 'FCPATH\\favicon.ico')
 7 SYSTEMPATH\CodeIgniter.php(499): CodeIgniter\CodeIgniter->runController(Object(App\Controllers\User))
 8 SYSTEMPATH\CodeIgniter.php(368): CodeIgniter\CodeIgniter->handleRequest(null, Object(Config\Cache), false)
 9 FCPATH\index.php(67): CodeIgniter\CodeIgniter->run()
10 SYSTEMPATH\Commands\Server\rewrite.php(47): require_once('FCPATH\\index.php')
CRITICAL - 2023-05-16 05:04:44 --> Trying to access array offset on value of type null
in APPPATH\Views\base\detailProduct.php on line 13.
 1 APPPATH\Views\base\detailProduct.php(13): CodeIgniter\Debug\Exceptions->errorHandler(8, 'Trying to access array offset on value of type null', 'APPPATH\\Views\\base\\detailProduct.php', 13, [...])
 2 SYSTEMPATH\View\View.php(213): include('APPPATH\\Views\\base\\detailProduct.php')
 3 SYSTEMPATH\View\View.php(216): CodeIgniter\View\View->CodeIgniter\View\{closure}()
 4 SYSTEMPATH\Common.php(1184): CodeIgniter\View\View->render('base/detailProduct', [], true)
 5 APPPATH\Controllers\User.php(81): view('base/detailProduct', [...])
 6 SYSTEMPATH\CodeIgniter.php(934): App\Controllers\User->detail('js', 'scripts.js')
 7 SYSTEMPATH\CodeIgniter.php(499): CodeIgniter\CodeIgniter->runController(Object(App\Controllers\User))
 8 SYSTEMPATH\CodeIgniter.php(368): CodeIgniter\CodeIgniter->handleRequest(null, Object(Config\Cache), false)
 9 FCPATH\index.php(67): CodeIgniter\CodeIgniter->run()
10 SYSTEMPATH\Commands\Server\rewrite.php(47): require_once('FCPATH\\index.php')
CRITICAL - 2023-05-16 05:04:45 --> Trying to access array offset on value of type null
in APPPATH\Views\base\detailProduct.php on line 13.
 1 APPPATH\Views\base\detailProduct.php(13): CodeIgniter\Debug\Exceptions->errorHandler(8, 'Trying to access array offset on value of type null', 'APPPATH\\Views\\base\\detailProduct.php', 13, [...])
 2 SYSTEMPATH\View\View.php(213): include('APPPATH\\Views\\base\\detailProduct.php')
 3 SYSTEMPATH\View\View.php(216): CodeIgniter\View\View->CodeIgniter\View\{closure}()
 4 SYSTEMPATH\Common.php(1184): CodeIgniter\View\View->render('base/detailProduct', [], true)
 5 APPPATH\Controllers\User.php(81): view('base/detailProduct', [...])
 6 SYSTEMPATH\CodeIgniter.php(934): App\Controllers\User->detail('public', 'FCPATH\\assets', 'FCPATH\\favicon.ico')
 7 SYSTEMPATH\CodeIgniter.php(499): CodeIgniter\CodeIgniter->runController(Object(App\Controllers\User))
 8 SYSTEMPATH\CodeIgniter.php(368): CodeIgniter\CodeIgniter->handleRequest(null, Object(Config\Cache), false)
 9 FCPATH\index.php(67): CodeIgniter\CodeIgniter->run()
10 SYSTEMPATH\Commands\Server\rewrite.php(47): require_once('FCPATH\\index.php')
CRITICAL - 2023-05-16 05:04:50 --> Trying to access array offset on value of type null
in APPPATH\Views\base\detailProduct.php on line 13.
 1 APPPATH\Views\base\detailProduct.php(13): CodeIgniter\Debug\Exceptions->errorHandler(8, 'Trying to access array offset on value of type null', 'APPPATH\\Views\\base\\detailProduct.php', 13, [...])
 2 SYSTEMPATH\View\View.php(213): include('APPPATH\\Views\\base\\detailProduct.php')
 3 SYSTEMPATH\View\View.php(216): CodeIgniter\View\View->CodeIgniter\View\{closure}()
 4 SYSTEMPATH\Common.php(1184): CodeIgniter\View\View->render('base/detailProduct', [], true)
 5 APPPATH\Controllers\User.php(81): view('base/detailProduct', [...])
 6 SYSTEMPATH\CodeIgniter.php(934): App\Controllers\User->detail('js', 'scripts.js')
 7 SYSTEMPATH\CodeIgniter.php(499): CodeIgniter\CodeIgniter->runController(Object(App\Controllers\User))
 8 SYSTEMPATH\CodeIgniter.php(368): CodeIgniter\CodeIgniter->handleRequest(null, Object(Config\Cache), false)
 9 FCPATH\index.php(67): CodeIgniter\CodeIgniter->run()
10 SYSTEMPATH\Commands\Server\rewrite.php(47): require_once('FCPATH\\index.php')
CRITICAL - 2023-05-16 05:04:51 --> Trying to access array offset on value of type null
in APPPATH\Views\base\detailProduct.php on line 13.
 1 APPPATH\Views\base\detailProduct.php(13): CodeIgniter\Debug\Exceptions->errorHandler(8, 'Trying to access array offset on value of type null', 'APPPATH\\Views\\base\\detailProduct.php', 13, [...])
 2 SYSTEMPATH\View\View.php(213): include('APPPATH\\Views\\base\\detailProduct.php')
 3 SYSTEMPATH\View\View.php(216): CodeIgniter\View\View->CodeIgniter\View\{closure}()
 4 SYSTEMPATH\Common.php(1184): CodeIgniter\View\View->render('base/detailProduct', [], true)
 5 APPPATH\Controllers\User.php(81): view('base/detailProduct', [...])
 6 SYSTEMPATH\CodeIgniter.php(934): App\Controllers\User->detail('public', 'FCPATH\\assets', 'FCPATH\\favicon.ico')
 7 SYSTEMPATH\CodeIgniter.php(499): CodeIgniter\CodeIgniter->runController(Object(App\Controllers\User))
 8 SYSTEMPATH\CodeIgniter.php(368): CodeIgniter\CodeIgniter->handleRequest(null, Object(Config\Cache), false)
 9 FCPATH\index.php(67): CodeIgniter\CodeIgniter->run()
10 SYSTEMPATH\Commands\Server\rewrite.php(47): require_once('FCPATH\\index.php')
CRITICAL - 2023-05-16 05:05:16 --> Trying to access array offset on value of type null
in APPPATH\Views\base\detailProduct.php on line 13.
 1 APPPATH\Views\base\detailProduct.php(13): CodeIgniter\Debug\Exceptions->errorHandler(8, 'Trying to access array offset on value of type null', 'APPPATH\\Views\\base\\detailProduct.php', 13, [...])
 2 SYSTEMPATH\View\View.php(213): include('APPPATH\\Views\\base\\detailProduct.php')
 3 SYSTEMPATH\View\View.php(216): CodeIgniter\View\View->CodeIgniter\View\{closure}()
 4 SYSTEMPATH\Common.php(1184): CodeIgniter\View\View->render('base/detailProduct', [], true)
 5 APPPATH\Controllers\User.php(81): view('base/detailProduct', [...])
 6 SYSTEMPATH\CodeIgniter.php(934): App\Controllers\User->detail('js', 'scripts.js')
 7 SYSTEMPATH\CodeIgniter.php(499): CodeIgniter\CodeIgniter->runController(Object(App\Controllers\User))
 8 SYSTEMPATH\CodeIgniter.php(368): CodeIgniter\CodeIgniter->handleRequest(null, Object(Config\Cache), false)
 9 FCPATH\index.php(67): CodeIgniter\CodeIgniter->run()
10 SYSTEMPATH\Commands\Server\rewrite.php(47): require_once('FCPATH\\index.php')
CRITICAL - 2023-05-16 05:05:17 --> Trying to access array offset on value of type null
in APPPATH\Views\base\detailProduct.php on line 13.
 1 APPPATH\Views\base\detailProduct.php(13): CodeIgniter\Debug\Exceptions->errorHandler(8, 'Trying to access array offset on value of type null', 'APPPATH\\Views\\base\\detailProduct.php', 13, [...])
 2 SYSTEMPATH\View\View.php(213): include('APPPATH\\Views\\base\\detailProduct.php')
 3 SYSTEMPATH\View\View.php(216): CodeIgniter\View\View->CodeIgniter\View\{closure}()
 4 SYSTEMPATH\Common.php(1184): CodeIgniter\View\View->render('base/detailProduct', [], true)
 5 APPPATH\Controllers\User.php(81): view('base/detailProduct', [...])
 6 SYSTEMPATH\CodeIgniter.php(934): App\Controllers\User->detail('public', 'FCPATH\\assets', 'FCPATH\\favicon.ico')
 7 SYSTEMPATH\CodeIgniter.php(499): CodeIgniter\CodeIgniter->runController(Object(App\Controllers\User))
 8 SYSTEMPATH\CodeIgniter.php(368): CodeIgniter\CodeIgniter->handleRequest(null, Object(Config\Cache), false)
 9 FCPATH\index.php(67): CodeIgniter\CodeIgniter->run()
10 SYSTEMPATH\Commands\Server\rewrite.php(47): require_once('FCPATH\\index.php')
CRITICAL - 2023-05-16 05:05:30 --> Trying to access array offset on value of type null
in APPPATH\Views\base\detailProduct.php on line 13.
 1 APPPATH\Views\base\detailProduct.php(13): CodeIgniter\Debug\Exceptions->errorHandler(8, 'Trying to access array offset on value of type null', 'APPPATH\\Views\\base\\detailProduct.php', 13, [...])
 2 SYSTEMPATH\View\View.php(213): include('APPPATH\\Views\\base\\detailProduct.php')
 3 SYSTEMPATH\View\View.php(216): CodeIgniter\View\View->CodeIgniter\View\{closure}()
 4 SYSTEMPATH\Common.php(1184): CodeIgniter\View\View->render('base/detailProduct', [], true)
 5 APPPATH\Controllers\User.php(81): view('base/detailProduct', [...])
 6 SYSTEMPATH\CodeIgniter.php(934): App\Controllers\User->detail('js', 'scripts.js')
 7 SYSTEMPATH\CodeIgniter.php(499): CodeIgniter\CodeIgniter->runController(Object(App\Controllers\User))
 8 SYSTEMPATH\CodeIgniter.php(368): CodeIgniter\CodeIgniter->handleRequest(null, Object(Config\Cache), false)
 9 FCPATH\index.php(67): CodeIgniter\CodeIgniter->run()
10 SYSTEMPATH\Commands\Server\rewrite.php(47): require_once('FCPATH\\index.php')
CRITICAL - 2023-05-16 05:05:30 --> Trying to access array offset on value of type null
in APPPATH\Views\base\detailProduct.php on line 13.
 1 APPPATH\Views\base\detailProduct.php(13): CodeIgniter\Debug\Exceptions->errorHandler(8, 'Trying to access array offset on value of type null', 'APPPATH\\Views\\base\\detailProduct.php', 13, [...])
 2 SYSTEMPATH\View\View.php(213): include('APPPATH\\Views\\base\\detailProduct.php')
 3 SYSTEMPATH\View\View.php(216): CodeIgniter\View\View->CodeIgniter\View\{closure}()
 4 SYSTEMPATH\Common.php(1184): CodeIgniter\View\View->render('base/detailProduct', [], true)
 5 APPPATH\Controllers\User.php(81): view('base/detailProduct', [...])
 6 SYSTEMPATH\CodeIgniter.php(934): App\Controllers\User->detail('public', 'FCPATH\\assets', 'FCPATH\\favicon.ico')
 7 SYSTEMPATH\CodeIgniter.php(499): CodeIgniter\CodeIgniter->runController(Object(App\Controllers\User))
 8 SYSTEMPATH\CodeIgniter.php(368): CodeIgniter\CodeIgniter->handleRequest(null, Object(Config\Cache), false)
 9 FCPATH\index.php(67): CodeIgniter\CodeIgniter->run()
10 SYSTEMPATH\Commands\Server\rewrite.php(47): require_once('FCPATH\\index.php')
CRITICAL - 2023-05-16 05:06:45 --> Trying to access array offset on value of type null
in APPPATH\Views\base\detailProduct.php on line 13.
 1 APPPATH\Views\base\detailProduct.php(13): CodeIgniter\Debug\Exceptions->errorHandler(8, 'Trying to access array offset on value of type null', 'APPPATH\\Views\\base\\detailProduct.php', 13, [...])
 2 SYSTEMPATH\View\View.php(213): include('APPPATH\\Views\\base\\detailProduct.php')
 3 SYSTEMPATH\View\View.php(216): CodeIgniter\View\View->CodeIgniter\View\{closure}()
 4 SYSTEMPATH\Common.php(1184): CodeIgniter\View\View->render('base/detailProduct', [], true)
 5 APPPATH\Controllers\User.php(81): view('base/detailProduct', [...])
 6 SYSTEMPATH\CodeIgniter.php(934): App\Controllers\User->detail('js', 'scripts.js')
 7 SYSTEMPATH\CodeIgniter.php(499): CodeIgniter\CodeIgniter->runController(Object(App\Controllers\User))
 8 SYSTEMPATH\CodeIgniter.php(368): CodeIgniter\CodeIgniter->handleRequest(null, Object(Config\Cache), false)
 9 FCPATH\index.php(67): CodeIgniter\CodeIgniter->run()
10 SYSTEMPATH\Commands\Server\rewrite.php(47): require_once('FCPATH\\index.php')
CRITICAL - 2023-05-16 05:06:45 --> Trying to access array offset on value of type null
in APPPATH\Views\base\detailProduct.php on line 13.
 1 APPPATH\Views\base\detailProduct.php(13): CodeIgniter\Debug\Exceptions->errorHandler(8, 'Trying to access array offset on value of type null', 'APPPATH\\Views\\base\\detailProduct.php', 13, [...])
 2 SYSTEMPATH\View\View.php(213): include('APPPATH\\Views\\base\\detailProduct.php')
 3 SYSTEMPATH\View\View.php(216): CodeIgniter\View\View->CodeIgniter\View\{closure}()
 4 SYSTEMPATH\Common.php(1184): CodeIgniter\View\View->render('base/detailProduct', [], true)
 5 APPPATH\Controllers\User.php(81): view('base/detailProduct', [...])
 6 SYSTEMPATH\CodeIgniter.php(934): App\Controllers\User->detail('public', 'FCPATH\\assets', 'FCPATH\\favicon.ico')
 7 SYSTEMPATH\CodeIgniter.php(499): CodeIgniter\CodeIgniter->runController(Object(App\Controllers\User))
 8 SYSTEMPATH\CodeIgniter.php(368): CodeIgniter\CodeIgniter->handleRequest(null, Object(Config\Cache), false)
 9 FCPATH\index.php(67): CodeIgniter\CodeIgniter->run()
10 SYSTEMPATH\Commands\Server\rewrite.php(47): require_once('FCPATH\\index.php')
CRITICAL - 2023-05-16 05:06:52 --> Trying to access array offset on value of type null
in APPPATH\Views\base\detailProduct.php on line 13.
 1 APPPATH\Views\base\detailProduct.php(13): CodeIgniter\Debug\Exceptions->errorHandler(8, 'Trying to access array offset on value of type null', 'APPPATH\\Views\\base\\detailProduct.php', 13, [...])
 2 SYSTEMPATH\View\View.php(213): include('APPPATH\\Views\\base\\detailProduct.php')
 3 SYSTEMPATH\View\View.php(216): CodeIgniter\View\View->CodeIgniter\View\{closure}()
 4 SYSTEMPATH\Common.php(1184): CodeIgniter\View\View->render('base/detailProduct', [], true)
 5 APPPATH\Controllers\User.php(81): view('base/detailProduct', [...])
 6 SYSTEMPATH\CodeIgniter.php(934): App\Controllers\User->detail('js', 'scripts.js')
 7 SYSTEMPATH\CodeIgniter.php(499): CodeIgniter\CodeIgniter->runController(Object(App\Controllers\User))
 8 SYSTEMPATH\CodeIgniter.php(368): CodeIgniter\CodeIgniter->handleRequest(null, Object(Config\Cache), false)
 9 FCPATH\index.php(67): CodeIgniter\CodeIgniter->run()
10 SYSTEMPATH\Commands\Server\rewrite.php(47): require_once('FCPATH\\index.php')
CRITICAL - 2023-05-16 05:06:53 --> Trying to access array offset on value of type null
in APPPATH\Views\base\detailProduct.php on line 13.
 1 APPPATH\Views\base\detailProduct.php(13): CodeIgniter\Debug\Exceptions->errorHandler(8, 'Trying to access array offset on value of type null', 'APPPATH\\Views\\base\\detailProduct.php', 13, [...])
 2 SYSTEMPATH\View\View.php(213): include('APPPATH\\Views\\base\\detailProduct.php')
 3 SYSTEMPATH\View\View.php(216): CodeIgniter\View\View->CodeIgniter\View\{closure}()
 4 SYSTEMPATH\Common.php(1184): CodeIgniter\View\View->render('base/detailProduct', [], true)
 5 APPPATH\Controllers\User.php(81): view('base/detailProduct', [...])
 6 SYSTEMPATH\CodeIgniter.php(934): App\Controllers\User->detail('public', 'FCPATH\\assets', 'FCPATH\\favicon.ico')
 7 SYSTEMPATH\CodeIgniter.php(499): CodeIgniter\CodeIgniter->runController(Object(App\Controllers\User))
 8 SYSTEMPATH\CodeIgniter.php(368): CodeIgniter\CodeIgniter->handleRequest(null, Object(Config\Cache), false)
 9 FCPATH\index.php(67): CodeIgniter\CodeIgniter->run()
10 SYSTEMPATH\Commands\Server\rewrite.php(47): require_once('FCPATH\\index.php')
CRITICAL - 2023-05-16 05:07:14 --> Trying to access array offset on value of type null
in APPPATH\Views\base\detailProduct.php on line 13.
 1 APPPATH\Views\base\detailProduct.php(13): CodeIgniter\Debug\Exceptions->errorHandler(8, 'Trying to access array offset on value of type null', 'APPPATH\\Views\\base\\detailProduct.php', 13, [...])
 2 SYSTEMPATH\View\View.php(213): include('APPPATH\\Views\\base\\detailProduct.php')
 3 SYSTEMPATH\View\View.php(216): CodeIgniter\View\View->CodeIgniter\View\{closure}()
 4 SYSTEMPATH\Common.php(1184): CodeIgniter\View\View->render('base/detailProduct', [], true)
 5 APPPATH\Controllers\User.php(81): view('base/detailProduct', [...])
 6 SYSTEMPATH\CodeIgniter.php(934): App\Controllers\User->detail('js', 'scripts.js')
 7 SYSTEMPATH\CodeIgniter.php(499): CodeIgniter\CodeIgniter->runController(Object(App\Controllers\User))
 8 SYSTEMPATH\CodeIgniter.php(368): CodeIgniter\CodeIgniter->handleRequest(null, Object(Config\Cache), false)
 9 FCPATH\index.php(67): CodeIgniter\CodeIgniter->run()
10 SYSTEMPATH\Commands\Server\rewrite.php(47): require_once('FCPATH\\index.php')
CRITICAL - 2023-05-16 05:07:16 --> Trying to access array offset on value of type null
in APPPATH\Views\base\detailProduct.php on line 13.
 1 APPPATH\Views\base\detailProduct.php(13): CodeIgniter\Debug\Exceptions->errorHandler(8, 'Trying to access array offset on value of type null', 'APPPATH\\Views\\base\\detailProduct.php', 13, [...])
 2 SYSTEMPATH\View\View.php(213): include('APPPATH\\Views\\base\\detailProduct.php')
 3 SYSTEMPATH\View\View.php(216): CodeIgniter\View\View->CodeIgniter\View\{closure}()
 4 SYSTEMPATH\Common.php(1184): CodeIgniter\View\View->render('base/detailProduct', [], true)
 5 APPPATH\Controllers\User.php(81): view('base/detailProduct', [...])
 6 SYSTEMPATH\CodeIgniter.php(934): App\Controllers\User->detail('public', 'FCPATH\\assets', 'FCPATH\\favicon.ico')
 7 SYSTEMPATH\CodeIgniter.php(499): CodeIgniter\CodeIgniter->runController(Object(App\Controllers\User))
 8 SYSTEMPATH\CodeIgniter.php(368): CodeIgniter\CodeIgniter->handleRequest(null, Object(Config\Cache), false)
 9 FCPATH\index.php(67): CodeIgniter\CodeIgniter->run()
10 SYSTEMPATH\Commands\Server\rewrite.php(47): require_once('FCPATH\\index.php')
CRITICAL - 2023-05-16 07:20:19 --> Trying to access array offset on value of type null
in APPPATH\Views\base\detailProduct.php on line 13.
 1 APPPATH\Views\base\detailProduct.php(13): CodeIgniter\Debug\Exceptions->errorHandler(8, 'Trying to access array offset on value of type null', 'APPPATH\\Views\\base\\detailProduct.php', 13, [...])
 2 SYSTEMPATH\View\View.php(213): include('APPPATH\\Views\\base\\detailProduct.php')
 3 SYSTEMPATH\View\View.php(216): CodeIgniter\View\View->CodeIgniter\View\{closure}()
 4 SYSTEMPATH\Common.php(1184): CodeIgniter\View\View->render('base/detailProduct', [], true)
 5 APPPATH\Controllers\User.php(81): view('base/detailProduct', [...])
 6 SYSTEMPATH\CodeIgniter.php(934): App\Controllers\User->detail('js', 'scripts.js')
 7 SYSTEMPATH\CodeIgniter.php(499): CodeIgniter\CodeIgniter->runController(Object(App\Controllers\User))
 8 SYSTEMPATH\CodeIgniter.php(368): CodeIgniter\CodeIgniter->handleRequest(null, Object(Config\Cache), false)
 9 FCPATH\index.php(67): CodeIgniter\CodeIgniter->run()
10 SYSTEMPATH\Commands\Server\rewrite.php(47): require_once('FCPATH\\index.php')
CRITICAL - 2023-05-16 07:20:24 --> Trying to access array offset on value of type null
in APPPATH\Views\base\detailProduct.php on line 13.
 1 APPPATH\Views\base\detailProduct.php(13): CodeIgniter\Debug\Exceptions->errorHandler(8, 'Trying to access array offset on value of type null', 'APPPATH\\Views\\base\\detailProduct.php', 13, [...])
 2 SYSTEMPATH\View\View.php(213): include('APPPATH\\Views\\base\\detailProduct.php')
 3 SYSTEMPATH\View\View.php(216): CodeIgniter\View\View->CodeIgniter\View\{closure}()
 4 SYSTEMPATH\Common.php(1184): CodeIgniter\View\View->render('base/detailProduct', [], true)
 5 APPPATH\Controllers\User.php(81): view('base/detailProduct', [...])
 6 SYSTEMPATH\CodeIgniter.php(934): App\Controllers\User->detail('public', 'FCPATH\\assets', 'FCPATH\\favicon.ico')
 7 SYSTEMPATH\CodeIgniter.php(499): CodeIgniter\CodeIgniter->runController(Object(App\Controllers\User))
 8 SYSTEMPATH\CodeIgniter.php(368): CodeIgniter\CodeIgniter->handleRequest(null, Object(Config\Cache), false)
 9 FCPATH\index.php(67): CodeIgniter\CodeIgniter->run()
10 SYSTEMPATH\Commands\Server\rewrite.php(47): require_once('FCPATH\\index.php')
INFO - 2023-05-16 07:20:38 --> Session: Class initialized using 'CodeIgniter\Session\Handlers\FileHandler' driver.
INFO - 2023-05-16 07:20:38 --> Session: Class initialized using 'CodeIgniter\Session\Handlers\FileHandler' driver.
INFO - 2023-05-16 07:20:45 --> Session: Class initialized using 'CodeIgniter\Session\Handlers\FileHandler' driver.
INFO - 2023-05-16 07:20:46 --> Session: Class initialized using 'CodeIgniter\Session\Handlers\FileHandler' driver.
INFO - 2023-05-16 07:20:56 --> Session: Class initialized using 'CodeIgniter\Session\Handlers\FileHandler' driver.
INFO - 2023-05-16 07:22:11 --> Session: Class initialized using 'CodeIgniter\Session\Handlers\FileHandler' driver.
INFO - 2023-05-16 07:22:11 --> Session: Class initialized using 'CodeIgniter\Session\Handlers\FileHandler' driver.
INFO - 2023-05-16 07:22:20 --> Session: Class initialized using 'CodeIgniter\Session\Handlers\FileHandler' driver.
INFO - 2023-05-16 07:22:21 --> Session: Class initialized using 'CodeIgniter\Session\Handlers\FileHandler' driver.
INFO - 2023-05-16 07:22:43 --> Session: Class initialized using 'CodeIgniter\Session\Handlers\FileHandler' driver.
INFO - 2023-05-16 07:22:46 --> Session: Class initialized using 'CodeIgniter\Session\Handlers\FileHandler' driver.
INFO - 2023-05-16 07:22:51 --> Session: Class initialized using 'CodeIgniter\Session\Handlers\FileHandler' driver.
INFO - 2023-05-16 07:22:52 --> Session: Class initialized using 'CodeIgniter\Session\Handlers\FileHandler' driver.
INFO - 2023-05-16 07:22:53 --> Session: Class initialized using 'CodeIgniter\Session\Handlers\FileHandler' driver.
INFO - 2023-05-16 07:22:53 --> Session: Class initialized using 'CodeIgniter\Session\Handlers\FileHandler' driver.
INFO - 2023-05-16 07:22:53 --> Session: Class initialized using 'CodeIgniter\Session\Handlers\FileHandler' driver.
INFO - 2023-05-16 07:22:53 --> Session: Class initialized using 'CodeIgniter\Session\Handlers\FileHandler' driver.
INFO - 2023-05-16 07:22:54 --> Session: Class initialized using 'CodeIgniter\Session\Handlers\FileHandler' driver.
INFO - 2023-05-16 07:22:54 --> Session: Class initialized using 'CodeIgniter\Session\Handlers\FileHandler' driver.
INFO - 2023-05-16 07:22:54 --> Session: Class initialized using 'CodeIgniter\Session\Handlers\FileHandler' driver.
INFO - 2023-05-16 07:22:55 --> Session: Class initialized using 'CodeIgniter\Session\Handlers\FileHandler' driver.
INFO - 2023-05-16 07:22:55 --> Session: Class initialized using 'CodeIgniter\Session\Handlers\FileHandler' driver.
INFO - 2023-05-16 07:22:56 --> Session: Class initialized using 'CodeIgniter\Session\Handlers\FileHandler' driver.
INFO - 2023-05-16 07:22:56 --> Session: Class initialized using 'CodeIgniter\Session\Handlers\FileHandler' driver.
INFO - 2023-05-16 07:22:57 --> Session: Class initialized using 'CodeIgniter\Session\Handlers\FileHandler' driver.
INFO - 2023-05-16 07:22:57 --> Session: Class initialized using 'CodeIgniter\Session\Handlers\FileHandler' driver.
INFO - 2023-05-16 07:25:10 --> Session: Class initialized using 'CodeIgniter\Session\Handlers\FileHandler' driver.
INFO - 2023-05-16 07:25:11 --> Session: Class initialized using 'CodeIgniter\Session\Handlers\FileHandler' driver.
INFO - 2023-05-16 07:26:35 --> Session: Class initialized using 'CodeIgniter\Session\Handlers\FileHandler' driver.
INFO - 2023-05-16 07:26:36 --> Session: Class initialized using 'CodeIgniter\Session\Handlers\FileHandler' driver.
CRITICAL - 2023-05-16 11:03:43 --> Trying to get property 'category' of non-object
in APPPATH\Controllers\User.php on line 76.
 1 APPPATH\Controllers\User.php(76): CodeIgniter\Debug\Exceptions->errorHandler(8, 'Trying to get property \'category\' of non-object', 'APPPATH\\Controllers\\User.php', 76, [...])
 2 SYSTEMPATH\CodeIgniter.php(934): App\Controllers\User->detail('2')
 3 SYSTEMPATH\CodeIgniter.php(499): CodeIgniter\CodeIgniter->runController(Object(App\Controllers\User))
 4 SYSTEMPATH\CodeIgniter.php(368): CodeIgniter\CodeIgniter->handleRequest(null, Object(Config\Cache), false)
 5 FCPATH\index.php(67): CodeIgniter\CodeIgniter->run()
 6 SYSTEMPATH\Commands\Server\rewrite.php(47): require_once('FCPATH\\index.php')
CRITICAL - 2023-05-16 11:04:00 --> Trying to access array offset on value of type null
in APPPATH\Views\base\detailProduct.php on line 13.
 1 APPPATH\Views\base\detailProduct.php(13): CodeIgniter\Debug\Exceptions->errorHandler(8, 'Trying to access array offset on value of type null', 'APPPATH\\Views\\base\\detailProduct.php', 13, [...])
 2 SYSTEMPATH\View\View.php(213): include('APPPATH\\Views\\base\\detailProduct.php')
 3 SYSTEMPATH\View\View.php(216): CodeIgniter\View\View->CodeIgniter\View\{closure}()
 4 SYSTEMPATH\Common.php(1184): CodeIgniter\View\View->render('base/detailProduct', [], true)
 5 APPPATH\Controllers\User.php(83): view('base/detailProduct', [...])
 6 SYSTEMPATH\CodeIgniter.php(934): App\Controllers\User->detail('js', 'scripts.js')
 7 SYSTEMPATH\CodeIgniter.php(499): CodeIgniter\CodeIgniter->runController(Object(App\Controllers\User))
 8 SYSTEMPATH\CodeIgniter.php(368): CodeIgniter\CodeIgniter->handleRequest(null, Object(Config\Cache), false)
 9 FCPATH\index.php(67): CodeIgniter\CodeIgniter->run()
10 SYSTEMPATH\Commands\Server\rewrite.php(47): require_once('FCPATH\\index.php')
CRITICAL - 2023-05-16 11:04:01 --> Trying to access array offset on value of type null
in APPPATH\Views\base\detailProduct.php on line 13.
 1 APPPATH\Views\base\detailProduct.php(13): CodeIgniter\Debug\Exceptions->errorHandler(8, 'Trying to access array offset on value of type null', 'APPPATH\\Views\\base\\detailProduct.php', 13, [...])
 2 SYSTEMPATH\View\View.php(213): include('APPPATH\\Views\\base\\detailProduct.php')
 3 SYSTEMPATH\View\View.php(216): CodeIgniter\View\View->CodeIgniter\View\{closure}()
 4 SYSTEMPATH\Common.php(1184): CodeIgniter\View\View->render('base/detailProduct', [], true)
 5 APPPATH\Controllers\User.php(83): view('base/detailProduct', [...])
 6 SYSTEMPATH\CodeIgniter.php(934): App\Controllers\User->detail('public', 'FCPATH\\assets', 'FCPATH\\favicon.ico')
 7 SYSTEMPATH\CodeIgniter.php(499): CodeIgniter\CodeIgniter->runController(Object(App\Controllers\User))
 8 SYSTEMPATH\CodeIgniter.php(368): CodeIgniter\CodeIgniter->handleRequest(null, Object(Config\Cache), false)
 9 FCPATH\index.php(67): CodeIgniter\CodeIgniter->run()
10 SYSTEMPATH\Commands\Server\rewrite.php(47): require_once('FCPATH\\index.php')
CRITICAL - 2023-05-16 11:04:03 --> Trying to access array offset on value of type null
in APPPATH\Views\base\detailProduct.php on line 13.
 1 APPPATH\Views\base\detailProduct.php(13): CodeIgniter\Debug\Exceptions->errorHandler(8, 'Trying to access array offset on value of type null', 'APPPATH\\Views\\base\\detailProduct.php', 13, [...])
 2 SYSTEMPATH\View\View.php(213): include('APPPATH\\Views\\base\\detailProduct.php')
 3 SYSTEMPATH\View\View.php(216): CodeIgniter\View\View->CodeIgniter\View\{closure}()
 4 SYSTEMPATH\Common.php(1184): CodeIgniter\View\View->render('base/detailProduct', [], true)
 5 APPPATH\Controllers\User.php(83): view('base/detailProduct', [...])
 6 SYSTEMPATH\CodeIgniter.php(934): App\Controllers\User->detail('js', 'scripts.js')
 7 SYSTEMPATH\CodeIgniter.php(499): CodeIgniter\CodeIgniter->runController(Object(App\Controllers\User))
 8 SYSTEMPATH\CodeIgniter.php(368): CodeIgniter\CodeIgniter->handleRequest(null, Object(Config\Cache), false)
 9 FCPATH\index.php(67): CodeIgniter\CodeIgniter->run()
10 SYSTEMPATH\Commands\Server\rewrite.php(47): require_once('FCPATH\\index.php')
CRITICAL - 2023-05-16 11:04:04 --> Trying to access array offset on value of type null
in APPPATH\Views\base\detailProduct.php on line 13.
 1 APPPATH\Views\base\detailProduct.php(13): CodeIgniter\Debug\Exceptions->errorHandler(8, 'Trying to access array offset on value of type null', 'APPPATH\\Views\\base\\detailProduct.php', 13, [...])
 2 SYSTEMPATH\View\View.php(213): include('APPPATH\\Views\\base\\detailProduct.php')
 3 SYSTEMPATH\View\View.php(216): CodeIgniter\View\View->CodeIgniter\View\{closure}()
 4 SYSTEMPATH\Common.php(1184): CodeIgniter\View\View->render('base/detailProduct', [], true)
 5 APPPATH\Controllers\User.php(83): view('base/detailProduct', [...])
 6 SYSTEMPATH\CodeIgniter.php(934): App\Controllers\User->detail('public', 'FCPATH\\assets', 'FCPATH\\favicon.ico')
 7 SYSTEMPATH\CodeIgniter.php(499): CodeIgniter\CodeIgniter->runController(Object(App\Controllers\User))
 8 SYSTEMPATH\CodeIgniter.php(368): CodeIgniter\CodeIgniter->handleRequest(null, Object(Config\Cache), false)
 9 FCPATH\index.php(67): CodeIgniter\CodeIgniter->run()
10 SYSTEMPATH\Commands\Server\rewrite.php(47): require_once('FCPATH\\index.php')
CRITICAL - 2023-05-16 11:06:11 --> Trying to access array offset on value of type null
in APPPATH\Views\base\detailProduct.php on line 13.
 1 APPPATH\Views\base\detailProduct.php(13): CodeIgniter\Debug\Exceptions->errorHandler(8, 'Trying to access array offset on value of type null', 'APPPATH\\Views\\base\\detailProduct.php', 13, [...])
 2 SYSTEMPATH\View\View.php(213): include('APPPATH\\Views\\base\\detailProduct.php')
 3 SYSTEMPATH\View\View.php(216): CodeIgniter\View\View->CodeIgniter\View\{closure}()
 4 SYSTEMPATH\Common.php(1184): CodeIgniter\View\View->render('base/detailProduct', [], true)
 5 APPPATH\Controllers\User.php(83): view('base/detailProduct', [...])
 6 SYSTEMPATH\CodeIgniter.php(934): App\Controllers\User->detail('js', 'scripts.js')
 7 SYSTEMPATH\CodeIgniter.php(499): CodeIgniter\CodeIgniter->runController(Object(App\Controllers\User))
 8 SYSTEMPATH\CodeIgniter.php(368): CodeIgniter\CodeIgniter->handleRequest(null, Object(Config\Cache), false)
 9 FCPATH\index.php(67): CodeIgniter\CodeIgniter->run()
10 SYSTEMPATH\Commands\Server\rewrite.php(47): require_once('FCPATH\\index.php')
CRITICAL - 2023-05-16 11:06:12 --> Trying to access array offset on value of type null
in APPPATH\Views\base\detailProduct.php on line 13.
 1 APPPATH\Views\base\detailProduct.php(13): CodeIgniter\Debug\Exceptions->errorHandler(8, 'Trying to access array offset on value of type null', 'APPPATH\\Views\\base\\detailProduct.php', 13, [...])
 2 SYSTEMPATH\View\View.php(213): include('APPPATH\\Views\\base\\detailProduct.php')
 3 SYSTEMPATH\View\View.php(216): CodeIgniter\View\View->CodeIgniter\View\{closure}()
 4 SYSTEMPATH\Common.php(1184): CodeIgniter\View\View->render('base/detailProduct', [], true)
 5 APPPATH\Controllers\User.php(83): view('base/detailProduct', [...])
 6 SYSTEMPATH\CodeIgniter.php(934): App\Controllers\User->detail('public', 'FCPATH\\assets', 'FCPATH\\favicon.ico')
 7 SYSTEMPATH\CodeIgniter.php(499): CodeIgniter\CodeIgniter->runController(Object(App\Controllers\User))
 8 SYSTEMPATH\CodeIgniter.php(368): CodeIgniter\CodeIgniter->handleRequest(null, Object(Config\Cache), false)
 9 FCPATH\index.php(67): CodeIgniter\CodeIgniter->run()
10 SYSTEMPATH\Commands\Server\rewrite.php(47): require_once('FCPATH\\index.php')
INFO - 2023-05-16 11:06:43 --> Session: Class initialized using 'CodeIgniter\Session\Handlers\FileHandler' driver.
INFO - 2023-05-16 11:07:00 --> Session: Class initialized using 'CodeIgniter\Session\Handlers\FileHandler' driver.
INFO - 2023-05-16 11:07:00 --> Session: Class initialized using 'CodeIgniter\Session\Handlers\FileHandler' driver.
CRITICAL - 2023-05-16 11:07:01 --> Undefined index: date_visit
in APPPATH\Views\dashboard.php on line 32.
 1 APPPATH\Views\dashboard.php(32): CodeIgniter\Debug\Exceptions->errorHandler(8, 'Undefined index: date_visit', 'APPPATH\\Views\\dashboard.php', 32, [...])
 2 SYSTEMPATH\View\View.php(213): include('APPPATH\\Views\\dashboard.php')
 3 SYSTEMPATH\View\View.php(216): CodeIgniter\View\View->CodeIgniter\View\{closure}()
 4 SYSTEMPATH\Common.php(1184): CodeIgniter\View\View->render('dashboard', [], true)
 5 APPPATH\Controllers\Dashboard.php(27): view('dashboard', [...])
 6 SYSTEMPATH\CodeIgniter.php(934): App\Controllers\Dashboard->index()
 7 SYSTEMPATH\CodeIgniter.php(499): CodeIgniter\CodeIgniter->runController(Object(App\Controllers\Dashboard))
 8 SYSTEMPATH\CodeIgniter.php(368): CodeIgniter\CodeIgniter->handleRequest(null, Object(Config\Cache), false)
 9 FCPATH\index.php(67): CodeIgniter\CodeIgniter->run()
10 SYSTEMPATH\Commands\Server\rewrite.php(47): require_once('FCPATH\\index.php')
INFO - 2023-05-16 11:07:28 --> Session: Class initialized using 'CodeIgniter\Session\Handlers\FileHandler' driver.
INFO - 2023-05-16 11:07:39 --> Session: Class initialized using 'CodeIgniter\Session\Handlers\FileHandler' driver.
INFO - 2023-05-16 11:07:40 --> Session: Class initialized using 'CodeIgniter\Session\Handlers\FileHandler' driver.
CRITICAL - 2023-05-16 11:07:55 --> Trying to access array offset on value of type null
in APPPATH\Views\base\detailProduct.php on line 13.
 1 APPPATH\Views\base\detailProduct.php(13): CodeIgniter\Debug\Exceptions->errorHandler(8, 'Trying to access array offset on value of type null', 'APPPATH\\Views\\base\\detailProduct.php', 13, [...])
 2 SYSTEMPATH\View\View.php(213): include('APPPATH\\Views\\base\\detailProduct.php')
 3 SYSTEMPATH\View\View.php(216): CodeIgniter\View\View->CodeIgniter\View\{closure}()
 4 SYSTEMPATH\Common.php(1184): CodeIgniter\View\View->render('base/detailProduct', [], true)
 5 APPPATH\Controllers\User.php(83): view('base/detailProduct', [...])
 6 SYSTEMPATH\CodeIgniter.php(934): App\Controllers\User->detail('js', 'scripts.js')
 7 SYSTEMPATH\CodeIgniter.php(499): CodeIgniter\CodeIgniter->runController(Object(App\Controllers\User))
 8 SYSTEMPATH\CodeIgniter.php(368): CodeIgniter\CodeIgniter->handleRequest(null, Object(Config\Cache), false)
 9 FCPATH\index.php(67): CodeIgniter\CodeIgniter->run()
10 SYSTEMPATH\Commands\Server\rewrite.php(47): require_once('FCPATH\\index.php')
CRITICAL - 2023-05-16 11:07:56 --> Trying to access array offset on value of type null
in APPPATH\Views\base\detailProduct.php on line 13.
 1 APPPATH\Views\base\detailProduct.php(13): CodeIgniter\Debug\Exceptions->errorHandler(8, 'Trying to access array offset on value of type null', 'APPPATH\\Views\\base\\detailProduct.php', 13, [...])
 2 SYSTEMPATH\View\View.php(213): include('APPPATH\\Views\\base\\detailProduct.php')
 3 SYSTEMPATH\View\View.php(216): CodeIgniter\View\View->CodeIgniter\View\{closure}()
 4 SYSTEMPATH\Common.php(1184): CodeIgniter\View\View->render('base/detailProduct', [], true)
 5 APPPATH\Controllers\User.php(83): view('base/detailProduct', [...])
 6 SYSTEMPATH\CodeIgniter.php(934): App\Controllers\User->detail('public', 'FCPATH\\assets', 'FCPATH\\favicon.ico')
 7 SYSTEMPATH\CodeIgniter.php(499): CodeIgniter\CodeIgniter->runController(Object(App\Controllers\User))
 8 SYSTEMPATH\CodeIgniter.php(368): CodeIgniter\CodeIgniter->handleRequest(null, Object(Config\Cache), false)
 9 FCPATH\index.php(67): CodeIgniter\CodeIgniter->run()
10 SYSTEMPATH\Commands\Server\rewrite.php(47): require_once('FCPATH\\index.php')
CRITICAL - 2023-05-16 11:08:02 --> Trying to access array offset on value of type null
in APPPATH\Views\base\detailProduct.php on line 13.
 1 APPPATH\Views\base\detailProduct.php(13): CodeIgniter\Debug\Exceptions->errorHandler(8, 'Trying to access array offset on value of type null', 'APPPATH\\Views\\base\\detailProduct.php', 13, [...])
 2 SYSTEMPATH\View\View.php(213): include('APPPATH\\Views\\base\\detailProduct.php')
 3 SYSTEMPATH\View\View.php(216): CodeIgniter\View\View->CodeIgniter\View\{closure}()
 4 SYSTEMPATH\Common.php(1184): CodeIgniter\View\View->render('base/detailProduct', [], true)
 5 APPPATH\Controllers\User.php(83): view('base/detailProduct', [...])
 6 SYSTEMPATH\CodeIgniter.php(934): App\Controllers\User->detail('js', 'scripts.js')
 7 SYSTEMPATH\CodeIgniter.php(499): CodeIgniter\CodeIgniter->runController(Object(App\Controllers\User))
 8 SYSTEMPATH\CodeIgniter.php(368): CodeIgniter\CodeIgniter->handleRequest(null, Object(Config\Cache), false)
 9 FCPATH\index.php(67): CodeIgniter\CodeIgniter->run()
10 SYSTEMPATH\Commands\Server\rewrite.php(47): require_once('FCPATH\\index.php')
CRITICAL - 2023-05-16 11:08:03 --> Trying to access array offset on value of type null
in APPPATH\Views\base\detailProduct.php on line 13.
 1 APPPATH\Views\base\detailProduct.php(13): CodeIgniter\Debug\Exceptions->errorHandler(8, 'Trying to access array offset on value of type null', 'APPPATH\\Views\\base\\detailProduct.php', 13, [...])
 2 SYSTEMPATH\View\View.php(213): include('APPPATH\\Views\\base\\detailProduct.php')
 3 SYSTEMPATH\View\View.php(216): CodeIgniter\View\View->CodeIgniter\View\{closure}()
 4 SYSTEMPATH\Common.php(1184): CodeIgniter\View\View->render('base/detailProduct', [], true)
 5 APPPATH\Controllers\User.php(83): view('base/detailProduct', [...])
 6 SYSTEMPATH\CodeIgniter.php(934): App\Controllers\User->detail('public', 'FCPATH\\assets', 'FCPATH\\favicon.ico')
 7 SYSTEMPATH\CodeIgniter.php(499): CodeIgniter\CodeIgniter->runController(Object(App\Controllers\User))
 8 SYSTEMPATH\CodeIgniter.php(368): CodeIgniter\CodeIgniter->handleRequest(null, Object(Config\Cache), false)
 9 FCPATH\index.php(67): CodeIgniter\CodeIgniter->run()
10 SYSTEMPATH\Commands\Server\rewrite.php(47): require_once('FCPATH\\index.php')
INFO - 2023-05-16 11:08:14 --> Session: Class initialized using 'CodeIgniter\Session\Handlers\FileHandler' driver.
INFO - 2023-05-16 11:08:23 --> Session: Class initialized using 'CodeIgniter\Session\Handlers\FileHandler' driver.
INFO - 2023-05-16 11:08:23 --> Session: Class initialized using 'CodeIgniter\Session\Handlers\FileHandler' driver.
INFO - 2023-05-16 11:08:32 --> Session: Class initialized using 'CodeIgniter\Session\Handlers\FileHandler' driver.
INFO - 2023-05-16 11:08:33 --> Session: Class initialized using 'CodeIgniter\Session\Handlers\FileHandler' driver.
CRITICAL - 2023-05-16 11:27:56 --> Trying to access array offset on value of type null
in APPPATH\Views\base\detailProduct.php on line 13.
 1 APPPATH\Views\base\detailProduct.php(13): CodeIgniter\Debug\Exceptions->errorHandler(8, 'Trying to access array offset on value of type null', 'APPPATH\\Views\\base\\detailProduct.php', 13, [...])
 2 SYSTEMPATH\View\View.php(213): include('APPPATH\\Views\\base\\detailProduct.php')
 3 SYSTEMPATH\View\View.php(216): CodeIgniter\View\View->CodeIgniter\View\{closure}()
 4 SYSTEMPATH\Common.php(1184): CodeIgniter\View\View->render('base/detailProduct', [], true)
 5 APPPATH\Controllers\User.php(89): view('base/detailProduct', [...])
 6 SYSTEMPATH\CodeIgniter.php(934): App\Controllers\User->detail('js', 'scripts.js')
 7 SYSTEMPATH\CodeIgniter.php(499): CodeIgniter\CodeIgniter->runController(Object(App\Controllers\User))
 8 SYSTEMPATH\CodeIgniter.php(368): CodeIgniter\CodeIgniter->handleRequest(null, Object(Config\Cache), false)
 9 FCPATH\index.php(67): CodeIgniter\CodeIgniter->run()
10 SYSTEMPATH\Commands\Server\rewrite.php(47): require_once('FCPATH\\index.php')
CRITICAL - 2023-05-16 11:27:57 --> Trying to access array offset on value of type null
in APPPATH\Views\base\detailProduct.php on line 13.
 1 APPPATH\Views\base\detailProduct.php(13): CodeIgniter\Debug\Exceptions->errorHandler(8, 'Trying to access array offset on value of type null', 'APPPATH\\Views\\base\\detailProduct.php', 13, [...])
 2 SYSTEMPATH\View\View.php(213): include('APPPATH\\Views\\base\\detailProduct.php')
 3 SYSTEMPATH\View\View.php(216): CodeIgniter\View\View->CodeIgniter\View\{closure}()
 4 SYSTEMPATH\Common.php(1184): CodeIgniter\View\View->render('base/detailProduct', [], true)
 5 APPPATH\Controllers\User.php(89): view('base/detailProduct', [...])
 6 SYSTEMPATH\CodeIgniter.php(934): App\Controllers\User->detail('public', 'FCPATH\\assets', 'FCPATH\\favicon.ico')
 7 SYSTEMPATH\CodeIgniter.php(499): CodeIgniter\CodeIgniter->runController(Object(App\Controllers\User))
 8 SYSTEMPATH\CodeIgniter.php(368): CodeIgniter\CodeIgniter->handleRequest(null, Object(Config\Cache), false)
 9 FCPATH\index.php(67): CodeIgniter\CodeIgniter->run()
10 SYSTEMPATH\Commands\Server\rewrite.php(47): require_once('FCPATH\\index.php')
CRITICAL - 2023-05-16 11:28:14 --> Trying to access array offset on value of type null
in APPPATH\Views\base\detailProduct.php on line 13.
 1 APPPATH\Views\base\detailProduct.php(13): CodeIgniter\Debug\Exceptions->errorHandler(8, 'Trying to access array offset on value of type null', 'APPPATH\\Views\\base\\detailProduct.php', 13, [...])
 2 SYSTEMPATH\View\View.php(213): include('APPPATH\\Views\\base\\detailProduct.php')
 3 SYSTEMPATH\View\View.php(216): CodeIgniter\View\View->CodeIgniter\View\{closure}()
 4 SYSTEMPATH\Common.php(1184): CodeIgniter\View\View->render('base/detailProduct', [], true)
 5 APPPATH\Controllers\User.php(89): view('base/detailProduct', [...])
 6 SYSTEMPATH\CodeIgniter.php(934): App\Controllers\User->detail('js', 'scripts.js')
 7 SYSTEMPATH\CodeIgniter.php(499): CodeIgniter\CodeIgniter->runController(Object(App\Controllers\User))
 8 SYSTEMPATH\CodeIgniter.php(368): CodeIgniter\CodeIgniter->handleRequest(null, Object(Config\Cache), false)
 9 FCPATH\index.php(67): CodeIgniter\CodeIgniter->run()
10 SYSTEMPATH\Commands\Server\rewrite.php(47): require_once('FCPATH\\index.php')
CRITICAL - 2023-05-16 11:28:15 --> Trying to access array offset on value of type null
in APPPATH\Views\base\detailProduct.php on line 13.
 1 APPPATH\Views\base\detailProduct.php(13): CodeIgniter\Debug\Exceptions->errorHandler(8, 'Trying to access array offset on value of type null', 'APPPATH\\Views\\base\\detailProduct.php', 13, [...])
 2 SYSTEMPATH\View\View.php(213): include('APPPATH\\Views\\base\\detailProduct.php')
 3 SYSTEMPATH\View\View.php(216): CodeIgniter\View\View->CodeIgniter\View\{closure}()
 4 SYSTEMPATH\Common.php(1184): CodeIgniter\View\View->render('base/detailProduct', [], true)
 5 APPPATH\Controllers\User.php(89): view('base/detailProduct', [...])
 6 SYSTEMPATH\CodeIgniter.php(934): App\Controllers\User->detail('public', 'FCPATH\\assets', 'FCPATH\\favicon.ico')
 7 SYSTEMPATH\CodeIgniter.php(499): CodeIgniter\CodeIgniter->runController(Object(App\Controllers\User))
 8 SYSTEMPATH\CodeIgniter.php(368): CodeIgniter\CodeIgniter->handleRequest(null, Object(Config\Cache), false)
 9 FCPATH\index.php(67): CodeIgniter\CodeIgniter->run()
10 SYSTEMPATH\Commands\Server\rewrite.php(47): require_once('FCPATH\\index.php')
