CRITICAL - 2023-05-15 05:55:08 --> Trying to access array offset on value of type null
in APPPATH\Views\base\detailProduct.php on line 13.
 1 APPPATH\Views\base\detailProduct.php(13): CodeIgniter\Debug\Exceptions->errorHandler(8, 'Trying to access array offset on value of type null', 'APPPATH\\Views\\base\\detailProduct.php', 13, [...])
 2 SYSTEMPATH\View\View.php(213): include('APPPATH\\Views\\base\\detailProduct.php')
 3 SYSTEMPATH\View\View.php(216): CodeIgniter\View\View->CodeIgniter\View\{closure}()
 4 SYSTEMPATH\Common.php(1184): CodeIgniter\View\View->render('base/detailProduct', [], true)
 5 APPPATH\Controllers\User.php(81): view('base/detailProduct', [...])
 6 SYSTEMPATH\CodeIgniter.php(934): App\Controllers\User->detail('js', 'scripts.js')
 7 SYSTEMPATH\CodeIgniter.php(499): CodeIgniter\CodeIgniter->runController(Object(App\Controllers\User))
 8 SYSTEMPATH\CodeIgniter.php(368): CodeIgniter\CodeIgniter->handleRequest(null, Object(Config\Cache), false)
 9 FCPATH\index.php(67): CodeIgniter\CodeIgniter->run()
10 SYSTEMPATH\Commands\Server\rewrite.php(47): require_once('FCPATH\\index.php')
CRITICAL - 2023-05-15 05:55:08 --> Trying to access array offset on value of type null
in APPPATH\Views\base\detailProduct.php on line 13.
 1 APPPATH\Views\base\detailProduct.php(13): CodeIgniter\Debug\Exceptions->errorHandler(8, 'Trying to access array offset on value of type null', 'APPPATH\\Views\\base\\detailProduct.php', 13, [...])
 2 SYSTEMPATH\View\View.php(213): include('APPPATH\\Views\\base\\detailProduct.php')
 3 SYSTEMPATH\View\View.php(216): CodeIgniter\View\View->CodeIgniter\View\{closure}()
 4 SYSTEMPATH\Common.php(1184): CodeIgniter\View\View->render('base/detailProduct', [], true)
 5 APPPATH\Controllers\User.php(81): view('base/detailProduct', [...])
 6 SYSTEMPATH\CodeIgniter.php(934): App\Controllers\User->detail('public', 'FCPATH\\assets', 'FCPATH\\favicon.ico')
 7 SYSTEMPATH\CodeIgniter.php(499): CodeIgniter\CodeIgniter->runController(Object(App\Controllers\User))
 8 SYSTEMPATH\CodeIgniter.php(368): CodeIgniter\CodeIgniter->handleRequest(null, Object(Config\Cache), false)
 9 FCPATH\index.php(67): CodeIgniter\CodeIgniter->run()
10 SYSTEMPATH\Commands\Server\rewrite.php(47): require_once('FCPATH\\index.php')
INFO - 2023-05-15 05:55:18 --> Session: Class initialized using 'CodeIgniter\Session\Handlers\FileHandler' driver.
INFO - 2023-05-15 05:55:23 --> Session: Class initialized using 'CodeIgniter\Session\Handlers\FileHandler' driver.
INFO - 2023-05-15 05:55:24 --> Session: Class initialized using 'CodeIgniter\Session\Handlers\FileHandler' driver.
INFO - 2023-05-15 05:55:37 --> Session: Class initialized using 'CodeIgniter\Session\Handlers\FileHandler' driver.
INFO - 2023-05-15 05:59:02 --> Session: Class initialized using 'CodeIgniter\Session\Handlers\FileHandler' driver.
INFO - 2023-05-15 06:00:45 --> Session: Class initialized using 'CodeIgniter\Session\Handlers\FileHandler' driver.
INFO - 2023-05-15 06:00:54 --> Session: Class initialized using 'CodeIgniter\Session\Handlers\FileHandler' driver.
INFO - 2023-05-15 06:01:47 --> Session: Class initialized using 'CodeIgniter\Session\Handlers\FileHandler' driver.
INFO - 2023-05-15 06:02:08 --> Session: Class initialized using 'CodeIgniter\Session\Handlers\FileHandler' driver.
INFO - 2023-05-15 06:02:13 --> Session: Class initialized using 'CodeIgniter\Session\Handlers\FileHandler' driver.
INFO - 2023-05-15 06:02:16 --> Session: Class initialized using 'CodeIgniter\Session\Handlers\FileHandler' driver.
INFO - 2023-05-15 06:02:24 --> Session: Class initialized using 'CodeIgniter\Session\Handlers\FileHandler' driver.
INFO - 2023-05-15 06:05:23 --> Session: Class initialized using 'CodeIgniter\Session\Handlers\FileHandler' driver.
INFO - 2023-05-15 06:05:36 --> Session: Class initialized using 'CodeIgniter\Session\Handlers\FileHandler' driver.
INFO - 2023-05-15 06:06:18 --> Session: Class initialized using 'CodeIgniter\Session\Handlers\FileHandler' driver.
INFO - 2023-05-15 06:06:40 --> Session: Class initialized using 'CodeIgniter\Session\Handlers\FileHandler' driver.
INFO - 2023-05-15 06:07:14 --> Session: Class initialized using 'CodeIgniter\Session\Handlers\FileHandler' driver.
INFO - 2023-05-15 06:07:25 --> Session: Class initialized using 'CodeIgniter\Session\Handlers\FileHandler' driver.
INFO - 2023-05-15 06:40:16 --> Session: Class initialized using 'CodeIgniter\Session\Handlers\FileHandler' driver.
INFO - 2023-05-15 12:05:30 --> Session: Class initialized using 'CodeIgniter\Session\Handlers\FileHandler' driver.
INFO - 2023-05-15 12:05:36 --> Session: Class initialized using 'CodeIgniter\Session\Handlers\FileHandler' driver.
INFO - 2023-05-15 12:05:38 --> Session: Class initialized using 'CodeIgniter\Session\Handlers\FileHandler' driver.
INFO - 2023-05-15 12:05:46 --> Session: Class initialized using 'CodeIgniter\Session\Handlers\FileHandler' driver.
INFO - 2023-05-15 12:22:31 --> Session: Class initialized using 'CodeIgniter\Session\Handlers\FileHandler' driver.
CRITICAL - 2023-05-15 12:22:31 --> syntax error, unexpected 'class' (T_CLASS), expecting function (T_FUNCTION) or const (T_CONST)
in APPPATH\Controllers\Dashboard.php on line 8.
 1 SYSTEMPATH\Autoloader\Autoloader.php(289): CodeIgniter\Autoloader\Autoloader->includeFile('APPPATH\\Controllers\\Dashboard.php')
 2 SYSTEMPATH\Autoloader\Autoloader.php(267): CodeIgniter\Autoloader\Autoloader->loadInNamespace('App\\Controllers\\Dashboard')
 3 [internal function]: CodeIgniter\Autoloader\Autoloader->loadClass('App\\Controllers\\Dashboard')
 4 [internal function]: spl_autoload_call('App\\Controllers\\Dashboard')
 5 SYSTEMPATH\CodeIgniter.php(892): class_exists('\\App\\Controllers\\Dashboard', true)
 6 SYSTEMPATH\CodeIgniter.php(486): CodeIgniter\CodeIgniter->startController()
 7 SYSTEMPATH\CodeIgniter.php(368): CodeIgniter\CodeIgniter->handleRequest(null, Object(Config\Cache), false)
 8 FCPATH\index.php(67): CodeIgniter\CodeIgniter->run()
 9 SYSTEMPATH\Commands\Server\rewrite.php(47): require_once('FCPATH\\index.php')
INFO - 2023-05-15 12:22:49 --> Session: Class initialized using 'CodeIgniter\Session\Handlers\FileHandler' driver.
CRITICAL - 2023-05-15 12:22:50 --> Call to undefined method App\Models\VisitorModel::getRowArray
in SYSTEMPATH\Model.php on line 842.
 1 APPPATH\Controllers\Dashboard.php(14): CodeIgniter\Model->__call('getRowArray', [])
 2 SYSTEMPATH\CodeIgniter.php(934): App\Controllers\Dashboard->index()
 3 SYSTEMPATH\CodeIgniter.php(499): CodeIgniter\CodeIgniter->runController(Object(App\Controllers\Dashboard))
 4 SYSTEMPATH\CodeIgniter.php(368): CodeIgniter\CodeIgniter->handleRequest(null, Object(Config\Cache), false)
 5 FCPATH\index.php(67): CodeIgniter\CodeIgniter->run()
 6 SYSTEMPATH\Commands\Server\rewrite.php(47): require_once('FCPATH\\index.php')
INFO - 2023-05-15 12:23:16 --> Session: Class initialized using 'CodeIgniter\Session\Handlers\FileHandler' driver.
CRITICAL - 2023-05-15 12:23:16 --> Call to undefined method App\Models\VisitorModel::getResult
in SYSTEMPATH\Model.php on line 842.
 1 APPPATH\Controllers\Dashboard.php(14): CodeIgniter\Model->__call('getResult', [])
 2 SYSTEMPATH\CodeIgniter.php(934): App\Controllers\Dashboard->index()
 3 SYSTEMPATH\CodeIgniter.php(499): CodeIgniter\CodeIgniter->runController(Object(App\Controllers\Dashboard))
 4 SYSTEMPATH\CodeIgniter.php(368): CodeIgniter\CodeIgniter->handleRequest(null, Object(Config\Cache), false)
 5 FCPATH\index.php(67): CodeIgniter\CodeIgniter->run()
 6 SYSTEMPATH\Commands\Server\rewrite.php(47): require_once('FCPATH\\index.php')
INFO - 2023-05-15 12:23:55 --> Session: Class initialized using 'CodeIgniter\Session\Handlers\FileHandler' driver.
INFO - 2023-05-15 12:24:49 --> Session: Class initialized using 'CodeIgniter\Session\Handlers\FileHandler' driver.
CRITICAL - 2023-05-15 12:24:49 --> Call to undefined method App\Models\VisitorModel::getResult
in SYSTEMPATH\Model.php on line 842.
 1 APPPATH\Controllers\Dashboard.php(14): CodeIgniter\Model->__call('getResult', [])
 2 SYSTEMPATH\CodeIgniter.php(934): App\Controllers\Dashboard->index()
 3 SYSTEMPATH\CodeIgniter.php(499): CodeIgniter\CodeIgniter->runController(Object(App\Controllers\Dashboard))
 4 SYSTEMPATH\CodeIgniter.php(368): CodeIgniter\CodeIgniter->handleRequest(null, Object(Config\Cache), false)
 5 FCPATH\index.php(67): CodeIgniter\CodeIgniter->run()
 6 SYSTEMPATH\Commands\Server\rewrite.php(47): require_once('FCPATH\\index.php')
INFO - 2023-05-15 12:25:53 --> Session: Class initialized using 'CodeIgniter\Session\Handlers\FileHandler' driver.
INFO - 2023-05-15 12:27:47 --> Session: Class initialized using 'CodeIgniter\Session\Handlers\FileHandler' driver.
CRITICAL - 2023-05-15 12:27:47 --> Undefined variable: visitor
in APPPATH\Views\layouts\admin\scripts.php on line 23.
 1 APPPATH\Views\layouts\admin\scripts.php(23): CodeIgniter\Debug\Exceptions->errorHandler(8, 'Undefined variable: visitor', 'APPPATH\\Views\\layouts\\admin\\scripts.php', 23, [...])
 2 SYSTEMPATH\View\View.php(213): include('APPPATH\\Views\\layouts\\admin\\scripts.php')
 3 SYSTEMPATH\View\View.php(216): CodeIgniter\View\View->CodeIgniter\View\{closure}()
 4 SYSTEMPATH\View\View.php(431): CodeIgniter\View\View->render('layouts/admin/scripts', null, true)
 5 APPPATH\Views\base\baseAdmin.php(75): CodeIgniter\View\View->include('layouts/admin/scripts')
 6 SYSTEMPATH\View\View.php(213): include('APPPATH\\Views\\base\\baseAdmin.php')
 7 SYSTEMPATH\View\View.php(216): CodeIgniter\View\View->CodeIgniter\View\{closure}()
 8 SYSTEMPATH\View\View.php(229): CodeIgniter\View\View->render('base/baseAdmin', [], true)
 9 SYSTEMPATH\Common.php(1184): CodeIgniter\View\View->render('dashboard', [], true)
10 APPPATH\Controllers\Dashboard.php(19): view('dashboard', [...])
11 SYSTEMPATH\CodeIgniter.php(934): App\Controllers\Dashboard->index()
12 SYSTEMPATH\CodeIgniter.php(499): CodeIgniter\CodeIgniter->runController(Object(App\Controllers\Dashboard))
13 SYSTEMPATH\CodeIgniter.php(368): CodeIgniter\CodeIgniter->handleRequest(null, Object(Config\Cache), false)
14 FCPATH\index.php(67): CodeIgniter\CodeIgniter->run()
15 SYSTEMPATH\Commands\Server\rewrite.php(47): require_once('FCPATH\\index.php')
INFO - 2023-05-15 12:27:59 --> Session: Class initialized using 'CodeIgniter\Session\Handlers\FileHandler' driver.
CRITICAL - 2023-05-15 12:27:59 --> Trying to get property 'tanggal' of non-object
in APPPATH\Views\layouts\admin\scripts.php on line 24.
 1 APPPATH\Views\layouts\admin\scripts.php(24): CodeIgniter\Debug\Exceptions->errorHandler(8, 'Trying to get property \'tanggal\' of non-object', 'APPPATH\\Views\\layouts\\admin\\scripts.php', 24, [...])
 2 SYSTEMPATH\View\View.php(213): include('APPPATH\\Views\\layouts\\admin\\scripts.php')
 3 SYSTEMPATH\View\View.php(216): CodeIgniter\View\View->CodeIgniter\View\{closure}()
 4 SYSTEMPATH\View\View.php(431): CodeIgniter\View\View->render('layouts/admin/scripts', null, true)
 5 APPPATH\Views\base\baseAdmin.php(75): CodeIgniter\View\View->include('layouts/admin/scripts')
 6 SYSTEMPATH\View\View.php(213): include('APPPATH\\Views\\base\\baseAdmin.php')
 7 SYSTEMPATH\View\View.php(216): CodeIgniter\View\View->CodeIgniter\View\{closure}()
 8 SYSTEMPATH\View\View.php(229): CodeIgniter\View\View->render('base/baseAdmin', [], true)
 9 SYSTEMPATH\Common.php(1184): CodeIgniter\View\View->render('dashboard', [], true)
10 APPPATH\Controllers\Dashboard.php(19): view('dashboard', [...])
11 SYSTEMPATH\CodeIgniter.php(934): App\Controllers\Dashboard->index()
12 SYSTEMPATH\CodeIgniter.php(499): CodeIgniter\CodeIgniter->runController(Object(App\Controllers\Dashboard))
13 SYSTEMPATH\CodeIgniter.php(368): CodeIgniter\CodeIgniter->handleRequest(null, Object(Config\Cache), false)
14 FCPATH\index.php(67): CodeIgniter\CodeIgniter->run()
15 SYSTEMPATH\Commands\Server\rewrite.php(47): require_once('FCPATH\\index.php')
INFO - 2023-05-15 12:28:09 --> Session: Class initialized using 'CodeIgniter\Session\Handlers\FileHandler' driver.
CRITICAL - 2023-05-15 12:28:09 --> Undefined index: tanggal
in APPPATH\Views\layouts\admin\scripts.php on line 24.
 1 APPPATH\Views\layouts\admin\scripts.php(24): CodeIgniter\Debug\Exceptions->errorHandler(8, 'Undefined index: tanggal', 'APPPATH\\Views\\layouts\\admin\\scripts.php', 24, [...])
 2 SYSTEMPATH\View\View.php(213): include('APPPATH\\Views\\layouts\\admin\\scripts.php')
 3 SYSTEMPATH\View\View.php(216): CodeIgniter\View\View->CodeIgniter\View\{closure}()
 4 SYSTEMPATH\View\View.php(431): CodeIgniter\View\View->render('layouts/admin/scripts', null, true)
 5 APPPATH\Views\base\baseAdmin.php(75): CodeIgniter\View\View->include('layouts/admin/scripts')
 6 SYSTEMPATH\View\View.php(213): include('APPPATH\\Views\\base\\baseAdmin.php')
 7 SYSTEMPATH\View\View.php(216): CodeIgniter\View\View->CodeIgniter\View\{closure}()
 8 SYSTEMPATH\View\View.php(229): CodeIgniter\View\View->render('base/baseAdmin', [], true)
 9 SYSTEMPATH\Common.php(1184): CodeIgniter\View\View->render('dashboard', [], true)
10 APPPATH\Controllers\Dashboard.php(19): view('dashboard', [...])
11 SYSTEMPATH\CodeIgniter.php(934): App\Controllers\Dashboard->index()
12 SYSTEMPATH\CodeIgniter.php(499): CodeIgniter\CodeIgniter->runController(Object(App\Controllers\Dashboard))
13 SYSTEMPATH\CodeIgniter.php(368): CodeIgniter\CodeIgniter->handleRequest(null, Object(Config\Cache), false)
14 FCPATH\index.php(67): CodeIgniter\CodeIgniter->run()
15 SYSTEMPATH\Commands\Server\rewrite.php(47): require_once('FCPATH\\index.php')
INFO - 2023-05-15 12:28:18 --> Session: Class initialized using 'CodeIgniter\Session\Handlers\FileHandler' driver.
CRITICAL - 2023-05-15 12:28:18 --> Undefined variable: koneksi
in APPPATH\Views\layouts\admin\scripts.php on line 30.
 1 APPPATH\Views\layouts\admin\scripts.php(30): CodeIgniter\Debug\Exceptions->errorHandler(8, 'Undefined variable: koneksi', 'APPPATH\\Views\\layouts\\admin\\scripts.php', 30, [...])
 2 SYSTEMPATH\View\View.php(213): include('APPPATH\\Views\\layouts\\admin\\scripts.php')
 3 SYSTEMPATH\View\View.php(216): CodeIgniter\View\View->CodeIgniter\View\{closure}()
 4 SYSTEMPATH\View\View.php(431): CodeIgniter\View\View->render('layouts/admin/scripts', null, true)
 5 APPPATH\Views\base\baseAdmin.php(75): CodeIgniter\View\View->include('layouts/admin/scripts')
 6 SYSTEMPATH\View\View.php(213): include('APPPATH\\Views\\base\\baseAdmin.php')
 7 SYSTEMPATH\View\View.php(216): CodeIgniter\View\View->CodeIgniter\View\{closure}()
 8 SYSTEMPATH\View\View.php(229): CodeIgniter\View\View->render('base/baseAdmin', [], true)
 9 SYSTEMPATH\Common.php(1184): CodeIgniter\View\View->render('dashboard', [], true)
10 APPPATH\Controllers\Dashboard.php(19): view('dashboard', [...])
11 SYSTEMPATH\CodeIgniter.php(934): App\Controllers\Dashboard->index()
12 SYSTEMPATH\CodeIgniter.php(499): CodeIgniter\CodeIgniter->runController(Object(App\Controllers\Dashboard))
13 SYSTEMPATH\CodeIgniter.php(368): CodeIgniter\CodeIgniter->handleRequest(null, Object(Config\Cache), false)
14 FCPATH\index.php(67): CodeIgniter\CodeIgniter->run()
15 SYSTEMPATH\Commands\Server\rewrite.php(47): require_once('FCPATH\\index.php')
INFO - 2023-05-15 12:30:53 --> Session: Class initialized using 'CodeIgniter\Session\Handlers\FileHandler' driver.
CRITICAL - 2023-05-15 12:30:53 --> Call to undefined method App\Models\VisitorModel::numRows
in SYSTEMPATH\Model.php on line 842.
 1 APPPATH\Controllers\Dashboard.php(15): CodeIgniter\Model->__call('numRows', [])
 2 SYSTEMPATH\CodeIgniter.php(934): App\Controllers\Dashboard->index()
 3 SYSTEMPATH\CodeIgniter.php(499): CodeIgniter\CodeIgniter->runController(Object(App\Controllers\Dashboard))
 4 SYSTEMPATH\CodeIgniter.php(368): CodeIgniter\CodeIgniter->handleRequest(null, Object(Config\Cache), false)
 5 FCPATH\index.php(67): CodeIgniter\CodeIgniter->run()
 6 SYSTEMPATH\Commands\Server\rewrite.php(47): require_once('FCPATH\\index.php')
INFO - 2023-05-15 12:31:12 --> Session: Class initialized using 'CodeIgniter\Session\Handlers\FileHandler' driver.
CRITICAL - 2023-05-15 12:31:12 --> Call to undefined method App\Models\VisitorModel::getNumRows
in SYSTEMPATH\Model.php on line 842.
 1 APPPATH\Controllers\Dashboard.php(15): CodeIgniter\Model->__call('getNumRows', [])
 2 SYSTEMPATH\CodeIgniter.php(934): App\Controllers\Dashboard->index()
 3 SYSTEMPATH\CodeIgniter.php(499): CodeIgniter\CodeIgniter->runController(Object(App\Controllers\Dashboard))
 4 SYSTEMPATH\CodeIgniter.php(368): CodeIgniter\CodeIgniter->handleRequest(null, Object(Config\Cache), false)
 5 FCPATH\index.php(67): CodeIgniter\CodeIgniter->run()
 6 SYSTEMPATH\Commands\Server\rewrite.php(47): require_once('FCPATH\\index.php')
INFO - 2023-05-15 12:34:02 --> Session: Class initialized using 'CodeIgniter\Session\Handlers\FileHandler' driver.
CRITICAL - 2023-05-15 12:34:02 --> Call to undefined method App\Models\VisitorModel::getNumRows
in SYSTEMPATH\Model.php on line 842.
 1 APPPATH\Controllers\Dashboard.php(15): CodeIgniter\Model->__call('getNumRows', [])
 2 SYSTEMPATH\CodeIgniter.php(934): App\Controllers\Dashboard->index()
 3 SYSTEMPATH\CodeIgniter.php(499): CodeIgniter\CodeIgniter->runController(Object(App\Controllers\Dashboard))
 4 SYSTEMPATH\CodeIgniter.php(368): CodeIgniter\CodeIgniter->handleRequest(null, Object(Config\Cache), false)
 5 FCPATH\index.php(67): CodeIgniter\CodeIgniter->run()
 6 SYSTEMPATH\Commands\Server\rewrite.php(47): require_once('FCPATH\\index.php')
INFO - 2023-05-15 12:34:11 --> Session: Class initialized using 'CodeIgniter\Session\Handlers\FileHandler' driver.
INFO - 2023-05-15 12:34:35 --> Session: Class initialized using 'CodeIgniter\Session\Handlers\FileHandler' driver.
INFO - 2023-05-15 12:56:35 --> Session: Class initialized using 'CodeIgniter\Session\Handlers\FileHandler' driver.
INFO - 2023-05-15 12:56:47 --> Session: Class initialized using 'CodeIgniter\Session\Handlers\FileHandler' driver.
INFO - 2023-05-15 12:57:16 --> Session: Class initialized using 'CodeIgniter\Session\Handlers\FileHandler' driver.
INFO - 2023-05-15 12:57:34 --> Session: Class initialized using 'CodeIgniter\Session\Handlers\FileHandler' driver.
INFO - 2023-05-15 12:57:44 --> Session: Class initialized using 'CodeIgniter\Session\Handlers\FileHandler' driver.
INFO - 2023-05-15 12:57:53 --> Session: Class initialized using 'CodeIgniter\Session\Handlers\FileHandler' driver.
INFO - 2023-05-15 12:58:05 --> Session: Class initialized using 'CodeIgniter\Session\Handlers\FileHandler' driver.
INFO - 2023-05-15 13:01:00 --> Session: Class initialized using 'CodeIgniter\Session\Handlers\FileHandler' driver.
CRITICAL - 2023-05-15 13:01:00 --> Trying to get property 'date' of non-object
in APPPATH\Views\layouts\admin\scripts.php on line 22.
 1 APPPATH\Views\layouts\admin\scripts.php(22): CodeIgniter\Debug\Exceptions->errorHandler(8, 'Trying to get property \'date\' of non-object', 'APPPATH\\Views\\layouts\\admin\\scripts.php', 22, [...])
 2 SYSTEMPATH\View\View.php(213): include('APPPATH\\Views\\layouts\\admin\\scripts.php')
 3 SYSTEMPATH\View\View.php(216): CodeIgniter\View\View->CodeIgniter\View\{closure}()
 4 SYSTEMPATH\View\View.php(431): CodeIgniter\View\View->render('layouts/admin/scripts', null, true)
 5 APPPATH\Views\base\baseAdmin.php(75): CodeIgniter\View\View->include('layouts/admin/scripts')
 6 SYSTEMPATH\View\View.php(213): include('APPPATH\\Views\\base\\baseAdmin.php')
 7 SYSTEMPATH\View\View.php(216): CodeIgniter\View\View->CodeIgniter\View\{closure}()
 8 SYSTEMPATH\View\View.php(229): CodeIgniter\View\View->render('base/baseAdmin', [], true)
 9 SYSTEMPATH\Common.php(1184): CodeIgniter\View\View->render('dashboard', [], true)
10 APPPATH\Controllers\Dashboard.php(23): view('dashboard', [...])
11 SYSTEMPATH\CodeIgniter.php(934): App\Controllers\Dashboard->index()
12 SYSTEMPATH\CodeIgniter.php(499): CodeIgniter\CodeIgniter->runController(Object(App\Controllers\Dashboard))
13 SYSTEMPATH\CodeIgniter.php(368): CodeIgniter\CodeIgniter->handleRequest(null, Object(Config\Cache), false)
14 FCPATH\index.php(67): CodeIgniter\CodeIgniter->run()
15 SYSTEMPATH\Commands\Server\rewrite.php(47): require_once('FCPATH\\index.php')
INFO - 2023-05-15 13:01:19 --> Session: Class initialized using 'CodeIgniter\Session\Handlers\FileHandler' driver.
INFO - 2023-05-15 13:02:03 --> Session: Class initialized using 'CodeIgniter\Session\Handlers\FileHandler' driver.
INFO - 2023-05-15 13:02:27 --> Session: Class initialized using 'CodeIgniter\Session\Handlers\FileHandler' driver.
INFO - 2023-05-15 13:02:55 --> Session: Class initialized using 'CodeIgniter\Session\Handlers\FileHandler' driver.
INFO - 2023-05-15 13:03:09 --> Session: Class initialized using 'CodeIgniter\Session\Handlers\FileHandler' driver.
INFO - 2023-05-15 13:17:39 --> Session: Class initialized using 'CodeIgniter\Session\Handlers\FileHandler' driver.
INFO - 2023-05-15 13:18:10 --> Session: Class initialized using 'CodeIgniter\Session\Handlers\FileHandler' driver.
INFO - 2023-05-15 13:18:29 --> Session: Class initialized using 'CodeIgniter\Session\Handlers\FileHandler' driver.
INFO - 2023-05-15 13:18:50 --> Session: Class initialized using 'CodeIgniter\Session\Handlers\FileHandler' driver.
INFO - 2023-05-15 13:18:57 --> Session: Class initialized using 'CodeIgniter\Session\Handlers\FileHandler' driver.
INFO - 2023-05-15 13:19:02 --> Session: Class initialized using 'CodeIgniter\Session\Handlers\FileHandler' driver.
INFO - 2023-05-15 13:19:04 --> Session: Class initialized using 'CodeIgniter\Session\Handlers\FileHandler' driver.
INFO - 2023-05-15 13:22:35 --> Session: Class initialized using 'CodeIgniter\Session\Handlers\FileHandler' driver.
INFO - 2023-05-15 13:23:13 --> Session: Class initialized using 'CodeIgniter\Session\Handlers\FileHandler' driver.
INFO - 2023-05-15 13:23:39 --> Session: Class initialized using 'CodeIgniter\Session\Handlers\FileHandler' driver.
CRITICAL - 2023-05-15 13:23:39 --> Undefined property: mysqli::$date
in APPPATH\Controllers\Dashboard.php on line 32.
 1 APPPATH\Controllers\Dashboard.php(32): CodeIgniter\Debug\Exceptions->errorHandler(8, 'Undefined property: mysqli::$date', 'APPPATH\\Controllers\\Dashboard.php', 32, [...])
 2 SYSTEMPATH\CodeIgniter.php(934): App\Controllers\Dashboard->show('show')
 3 SYSTEMPATH\CodeIgniter.php(499): CodeIgniter\CodeIgniter->runController(Object(App\Controllers\Dashboard))
 4 SYSTEMPATH\CodeIgniter.php(368): CodeIgniter\CodeIgniter->handleRequest(null, Object(Config\Cache), false)
 5 FCPATH\index.php(67): CodeIgniter\CodeIgniter->run()
 6 SYSTEMPATH\Commands\Server\rewrite.php(47): require_once('FCPATH\\index.php')
INFO - 2023-05-15 13:24:00 --> Session: Class initialized using 'CodeIgniter\Session\Handlers\FileHandler' driver.
CRITICAL - 2023-05-15 13:24:00 --> Cannot use object of type mysqli as array
in APPPATH\Controllers\Dashboard.php on line 32.
 1 SYSTEMPATH\CodeIgniter.php(934): App\Controllers\Dashboard->show('show')
 2 SYSTEMPATH\CodeIgniter.php(499): CodeIgniter\CodeIgniter->runController(Object(App\Controllers\Dashboard))
 3 SYSTEMPATH\CodeIgniter.php(368): CodeIgniter\CodeIgniter->handleRequest(null, Object(Config\Cache), false)
 4 FCPATH\index.php(67): CodeIgniter\CodeIgniter->run()
 5 SYSTEMPATH\Commands\Server\rewrite.php(47): require_once('FCPATH\\index.php')
INFO - 2023-05-15 13:24:16 --> Session: Class initialized using 'CodeIgniter\Session\Handlers\FileHandler' driver.
CRITICAL - 2023-05-15 13:24:17 --> Cannot use object of type mysqli as array
in APPPATH\Controllers\Dashboard.php on line 32.
 1 SYSTEMPATH\CodeIgniter.php(934): App\Controllers\Dashboard->show('show')
 2 SYSTEMPATH\CodeIgniter.php(499): CodeIgniter\CodeIgniter->runController(Object(App\Controllers\Dashboard))
 3 SYSTEMPATH\CodeIgniter.php(368): CodeIgniter\CodeIgniter->handleRequest(null, Object(Config\Cache), false)
 4 FCPATH\index.php(67): CodeIgniter\CodeIgniter->run()
 5 SYSTEMPATH\Commands\Server\rewrite.php(47): require_once('FCPATH\\index.php')
INFO - 2023-05-15 13:24:32 --> Session: Class initialized using 'CodeIgniter\Session\Handlers\FileHandler' driver.
CRITICAL - 2023-05-15 13:24:32 --> Undefined property: mysqli::$tanggal
in APPPATH\Controllers\Dashboard.php on line 32.
 1 APPPATH\Controllers\Dashboard.php(32): CodeIgniter\Debug\Exceptions->errorHandler(8, 'Undefined property: mysqli::$tanggal', 'APPPATH\\Controllers\\Dashboard.php', 32, [...])
 2 SYSTEMPATH\CodeIgniter.php(934): App\Controllers\Dashboard->show('show')
 3 SYSTEMPATH\CodeIgniter.php(499): CodeIgniter\CodeIgniter->runController(Object(App\Controllers\Dashboard))
 4 SYSTEMPATH\CodeIgniter.php(368): CodeIgniter\CodeIgniter->handleRequest(null, Object(Config\Cache), false)
 5 FCPATH\index.php(67): CodeIgniter\CodeIgniter->run()
 6 SYSTEMPATH\Commands\Server\rewrite.php(47): require_once('FCPATH\\index.php')
INFO - 2023-05-15 13:24:57 --> Session: Class initialized using 'CodeIgniter\Session\Handlers\FileHandler' driver.
INFO - 2023-05-15 13:25:11 --> Session: Class initialized using 'CodeIgniter\Session\Handlers\FileHandler' driver.
INFO - 2023-05-15 13:31:00 --> Session: Class initialized using 'CodeIgniter\Session\Handlers\FileHandler' driver.
CRITICAL - 2023-05-15 13:31:00 --> Undefined variable: result
in APPPATH\Controllers\Dashboard.php on line 32.
 1 APPPATH\Controllers\Dashboard.php(32): CodeIgniter\Debug\Exceptions->errorHandler(8, 'Undefined variable: result', 'APPPATH\\Controllers\\Dashboard.php', 32, [...])
 2 SYSTEMPATH\CodeIgniter.php(934): App\Controllers\Dashboard->show('show')
 3 SYSTEMPATH\CodeIgniter.php(499): CodeIgniter\CodeIgniter->runController(Object(App\Controllers\Dashboard))
 4 SYSTEMPATH\CodeIgniter.php(368): CodeIgniter\CodeIgniter->handleRequest(null, Object(Config\Cache), false)
 5 FCPATH\index.php(67): CodeIgniter\CodeIgniter->run()
 6 SYSTEMPATH\Commands\Server\rewrite.php(47): require_once('FCPATH\\index.php')
INFO - 2023-05-15 13:31:07 --> Session: Class initialized using 'CodeIgniter\Session\Handlers\FileHandler' driver.
CRITICAL - 2023-05-15 13:31:07 --> Trying to get property 'date' of non-object
in APPPATH\Controllers\Dashboard.php on line 33.
 1 APPPATH\Controllers\Dashboard.php(33): CodeIgniter\Debug\Exceptions->errorHandler(8, 'Trying to get property \'date\' of non-object', 'APPPATH\\Controllers\\Dashboard.php', 33, [...])
 2 SYSTEMPATH\CodeIgniter.php(934): App\Controllers\Dashboard->show('show')
 3 SYSTEMPATH\CodeIgniter.php(499): CodeIgniter\CodeIgniter->runController(Object(App\Controllers\Dashboard))
 4 SYSTEMPATH\CodeIgniter.php(368): CodeIgniter\CodeIgniter->handleRequest(null, Object(Config\Cache), false)
 5 FCPATH\index.php(67): CodeIgniter\CodeIgniter->run()
 6 SYSTEMPATH\Commands\Server\rewrite.php(47): require_once('FCPATH\\index.php')
INFO - 2023-05-15 13:31:23 --> Session: Class initialized using 'CodeIgniter\Session\Handlers\FileHandler' driver.
INFO - 2023-05-15 13:31:36 --> Session: Class initialized using 'CodeIgniter\Session\Handlers\FileHandler' driver.
INFO - 2023-05-15 13:31:41 --> Session: Class initialized using 'CodeIgniter\Session\Handlers\FileHandler' driver.
INFO - 2023-05-15 13:31:44 --> Session: Class initialized using 'CodeIgniter\Session\Handlers\FileHandler' driver.
INFO - 2023-05-15 13:32:31 --> Session: Class initialized using 'CodeIgniter\Session\Handlers\FileHandler' driver.
INFO - 2023-05-15 13:33:59 --> Session: Class initialized using 'CodeIgniter\Session\Handlers\FileHandler' driver.
INFO - 2023-05-15 13:34:37 --> Session: Class initialized using 'CodeIgniter\Session\Handlers\FileHandler' driver.
INFO - 2023-05-15 13:37:58 --> Session: Class initialized using 'CodeIgniter\Session\Handlers\FileHandler' driver.
CRITICAL - 2023-05-15 13:37:58 --> Undefined variable: result
in APPPATH\Views\layouts\admin\scripts.php on line 19.
 1 APPPATH\Views\layouts\admin\scripts.php(19): CodeIgniter\Debug\Exceptions->errorHandler(8, 'Undefined variable: result', 'APPPATH\\Views\\layouts\\admin\\scripts.php', 19, [...])
 2 SYSTEMPATH\View\View.php(213): include('APPPATH\\Views\\layouts\\admin\\scripts.php')
 3 SYSTEMPATH\View\View.php(216): CodeIgniter\View\View->CodeIgniter\View\{closure}()
 4 SYSTEMPATH\View\View.php(431): CodeIgniter\View\View->render('layouts/admin/scripts', null, true)
 5 APPPATH\Views\base\baseAdmin.php(75): CodeIgniter\View\View->include('layouts/admin/scripts')
 6 SYSTEMPATH\View\View.php(213): include('APPPATH\\Views\\base\\baseAdmin.php')
 7 SYSTEMPATH\View\View.php(216): CodeIgniter\View\View->CodeIgniter\View\{closure}()
 8 SYSTEMPATH\View\View.php(229): CodeIgniter\View\View->render('base/baseAdmin', [], true)
 9 SYSTEMPATH\Common.php(1184): CodeIgniter\View\View->render('dashboard', [], true)
10 APPPATH\Controllers\Dashboard.php(27): view('dashboard', [...])
11 SYSTEMPATH\CodeIgniter.php(934): App\Controllers\Dashboard->index()
12 SYSTEMPATH\CodeIgniter.php(499): CodeIgniter\CodeIgniter->runController(Object(App\Controllers\Dashboard))
13 SYSTEMPATH\CodeIgniter.php(368): CodeIgniter\CodeIgniter->handleRequest(null, Object(Config\Cache), false)
14 FCPATH\index.php(67): CodeIgniter\CodeIgniter->run()
15 SYSTEMPATH\Commands\Server\rewrite.php(47): require_once('FCPATH\\index.php')
INFO - 2023-05-15 13:38:01 --> Session: Class initialized using 'CodeIgniter\Session\Handlers\FileHandler' driver.
CRITICAL - 2023-05-15 13:38:01 --> Undefined variable: result
in APPPATH\Views\layouts\admin\scripts.php on line 19.
 1 APPPATH\Views\layouts\admin\scripts.php(19): CodeIgniter\Debug\Exceptions->errorHandler(8, 'Undefined variable: result', 'APPPATH\\Views\\layouts\\admin\\scripts.php', 19, [...])
 2 SYSTEMPATH\View\View.php(213): include('APPPATH\\Views\\layouts\\admin\\scripts.php')
 3 SYSTEMPATH\View\View.php(216): CodeIgniter\View\View->CodeIgniter\View\{closure}()
 4 SYSTEMPATH\View\View.php(431): CodeIgniter\View\View->render('layouts/admin/scripts', null, true)
 5 APPPATH\Views\base\baseAdmin.php(75): CodeIgniter\View\View->include('layouts/admin/scripts')
 6 SYSTEMPATH\View\View.php(213): include('APPPATH\\Views\\base\\baseAdmin.php')
 7 SYSTEMPATH\View\View.php(216): CodeIgniter\View\View->CodeIgniter\View\{closure}()
 8 SYSTEMPATH\View\View.php(229): CodeIgniter\View\View->render('base/baseAdmin', [], true)
 9 SYSTEMPATH\Common.php(1184): CodeIgniter\View\View->render('dashboard', [], true)
10 APPPATH\Controllers\Dashboard.php(27): view('dashboard', [...])
11 SYSTEMPATH\CodeIgniter.php(934): App\Controllers\Dashboard->index()
12 SYSTEMPATH\CodeIgniter.php(499): CodeIgniter\CodeIgniter->runController(Object(App\Controllers\Dashboard))
13 SYSTEMPATH\CodeIgniter.php(368): CodeIgniter\CodeIgniter->handleRequest(null, Object(Config\Cache), false)
14 FCPATH\index.php(67): CodeIgniter\CodeIgniter->run()
15 SYSTEMPATH\Commands\Server\rewrite.php(47): require_once('FCPATH\\index.php')
INFO - 2023-05-15 13:38:39 --> Session: Class initialized using 'CodeIgniter\Session\Handlers\FileHandler' driver.
CRITICAL - 2023-05-15 13:38:39 --> Undefined variable: result
in APPPATH\Views\layouts\admin\scripts.php on line 19.
 1 APPPATH\Views\layouts\admin\scripts.php(19): CodeIgniter\Debug\Exceptions->errorHandler(8, 'Undefined variable: result', 'APPPATH\\Views\\layouts\\admin\\scripts.php', 19, [...])
 2 SYSTEMPATH\View\View.php(213): include('APPPATH\\Views\\layouts\\admin\\scripts.php')
 3 SYSTEMPATH\View\View.php(216): CodeIgniter\View\View->CodeIgniter\View\{closure}()
 4 SYSTEMPATH\View\View.php(431): CodeIgniter\View\View->render('layouts/admin/scripts', null, true)
 5 APPPATH\Views\base\baseAdmin.php(75): CodeIgniter\View\View->include('layouts/admin/scripts')
 6 SYSTEMPATH\View\View.php(213): include('APPPATH\\Views\\base\\baseAdmin.php')
 7 SYSTEMPATH\View\View.php(216): CodeIgniter\View\View->CodeIgniter\View\{closure}()
 8 SYSTEMPATH\View\View.php(229): CodeIgniter\View\View->render('base/baseAdmin', [], true)
 9 SYSTEMPATH\Common.php(1184): CodeIgniter\View\View->render('dashboard', [], true)
10 APPPATH\Controllers\Dashboard.php(27): view('dashboard', [...])
11 SYSTEMPATH\CodeIgniter.php(934): App\Controllers\Dashboard->index()
12 SYSTEMPATH\CodeIgniter.php(499): CodeIgniter\CodeIgniter->runController(Object(App\Controllers\Dashboard))
13 SYSTEMPATH\CodeIgniter.php(368): CodeIgniter\CodeIgniter->handleRequest(null, Object(Config\Cache), false)
14 FCPATH\index.php(67): CodeIgniter\CodeIgniter->run()
15 SYSTEMPATH\Commands\Server\rewrite.php(47): require_once('FCPATH\\index.php')
INFO - 2023-05-15 13:39:19 --> Session: Class initialized using 'CodeIgniter\Session\Handlers\FileHandler' driver.
CRITICAL - 2023-05-15 13:39:19 --> Undefined variable: result
in APPPATH\Views\layouts\admin\scripts.php on line 24.
 1 APPPATH\Views\layouts\admin\scripts.php(24): CodeIgniter\Debug\Exceptions->errorHandler(8, 'Undefined variable: result', 'APPPATH\\Views\\layouts\\admin\\scripts.php', 24, [...])
 2 SYSTEMPATH\View\View.php(213): include('APPPATH\\Views\\layouts\\admin\\scripts.php')
 3 SYSTEMPATH\View\View.php(216): CodeIgniter\View\View->CodeIgniter\View\{closure}()
 4 SYSTEMPATH\View\View.php(431): CodeIgniter\View\View->render('layouts/admin/scripts', null, true)
 5 APPPATH\Views\base\baseAdmin.php(75): CodeIgniter\View\View->include('layouts/admin/scripts')
 6 SYSTEMPATH\View\View.php(213): include('APPPATH\\Views\\base\\baseAdmin.php')
 7 SYSTEMPATH\View\View.php(216): CodeIgniter\View\View->CodeIgniter\View\{closure}()
 8 SYSTEMPATH\View\View.php(229): CodeIgniter\View\View->render('base/baseAdmin', [], true)
 9 SYSTEMPATH\Common.php(1184): CodeIgniter\View\View->render('dashboard', [], true)
10 APPPATH\Controllers\Dashboard.php(27): view('dashboard', [...])
11 SYSTEMPATH\CodeIgniter.php(934): App\Controllers\Dashboard->index()
12 SYSTEMPATH\CodeIgniter.php(499): CodeIgniter\CodeIgniter->runController(Object(App\Controllers\Dashboard))
13 SYSTEMPATH\CodeIgniter.php(368): CodeIgniter\CodeIgniter->handleRequest(null, Object(Config\Cache), false)
14 FCPATH\index.php(67): CodeIgniter\CodeIgniter->run()
15 SYSTEMPATH\Commands\Server\rewrite.php(47): require_once('FCPATH\\index.php')
INFO - 2023-05-15 13:39:43 --> Session: Class initialized using 'CodeIgniter\Session\Handlers\FileHandler' driver.
CRITICAL - 2023-05-15 13:39:43 --> Undefined variable: result
in APPPATH\Views\layouts\admin\scripts.php on line 24.
 1 APPPATH\Views\layouts\admin\scripts.php(24): CodeIgniter\Debug\Exceptions->errorHandler(8, 'Undefined variable: result', 'APPPATH\\Views\\layouts\\admin\\scripts.php', 24, [...])
 2 SYSTEMPATH\View\View.php(213): include('APPPATH\\Views\\layouts\\admin\\scripts.php')
 3 SYSTEMPATH\View\View.php(216): CodeIgniter\View\View->CodeIgniter\View\{closure}()
 4 SYSTEMPATH\View\View.php(431): CodeIgniter\View\View->render('layouts/admin/scripts', null, true)
 5 APPPATH\Views\base\baseAdmin.php(75): CodeIgniter\View\View->include('layouts/admin/scripts')
 6 SYSTEMPATH\View\View.php(213): include('APPPATH\\Views\\base\\baseAdmin.php')
 7 SYSTEMPATH\View\View.php(216): CodeIgniter\View\View->CodeIgniter\View\{closure}()
 8 SYSTEMPATH\View\View.php(229): CodeIgniter\View\View->render('base/baseAdmin', [], true)
 9 SYSTEMPATH\Common.php(1184): CodeIgniter\View\View->render('dashboard', [], true)
10 APPPATH\Controllers\Dashboard.php(27): view('dashboard', [...])
11 SYSTEMPATH\CodeIgniter.php(934): App\Controllers\Dashboard->index()
12 SYSTEMPATH\CodeIgniter.php(499): CodeIgniter\CodeIgniter->runController(Object(App\Controllers\Dashboard))
13 SYSTEMPATH\CodeIgniter.php(368): CodeIgniter\CodeIgniter->handleRequest(null, Object(Config\Cache), false)
14 FCPATH\index.php(67): CodeIgniter\CodeIgniter->run()
15 SYSTEMPATH\Commands\Server\rewrite.php(47): require_once('FCPATH\\index.php')
INFO - 2023-05-15 13:40:41 --> Session: Class initialized using 'CodeIgniter\Session\Handlers\FileHandler' driver.
CRITICAL - 2023-05-15 13:40:41 --> Undefined variable: result
in APPPATH\Views\layouts\admin\scripts.php on line 24.
 1 APPPATH\Views\layouts\admin\scripts.php(24): CodeIgniter\Debug\Exceptions->errorHandler(8, 'Undefined variable: result', 'APPPATH\\Views\\layouts\\admin\\scripts.php', 24, [...])
 2 SYSTEMPATH\View\View.php(213): include('APPPATH\\Views\\layouts\\admin\\scripts.php')
 3 SYSTEMPATH\View\View.php(216): CodeIgniter\View\View->CodeIgniter\View\{closure}()
 4 SYSTEMPATH\View\View.php(431): CodeIgniter\View\View->render('layouts/admin/scripts', null, true)
 5 APPPATH\Views\base\baseAdmin.php(75): CodeIgniter\View\View->include('layouts/admin/scripts')
 6 SYSTEMPATH\View\View.php(213): include('APPPATH\\Views\\base\\baseAdmin.php')
 7 SYSTEMPATH\View\View.php(216): CodeIgniter\View\View->CodeIgniter\View\{closure}()
 8 SYSTEMPATH\View\View.php(229): CodeIgniter\View\View->render('base/baseAdmin', [], true)
 9 SYSTEMPATH\Common.php(1184): CodeIgniter\View\View->render('dashboard', [], true)
10 APPPATH\Controllers\Dashboard.php(27): view('dashboard', [...])
11 SYSTEMPATH\CodeIgniter.php(934): App\Controllers\Dashboard->index()
12 SYSTEMPATH\CodeIgniter.php(499): CodeIgniter\CodeIgniter->runController(Object(App\Controllers\Dashboard))
13 SYSTEMPATH\CodeIgniter.php(368): CodeIgniter\CodeIgniter->handleRequest(null, Object(Config\Cache), false)
14 FCPATH\index.php(67): CodeIgniter\CodeIgniter->run()
15 SYSTEMPATH\Commands\Server\rewrite.php(47): require_once('FCPATH\\index.php')
INFO - 2023-05-15 13:41:13 --> Session: Class initialized using 'CodeIgniter\Session\Handlers\FileHandler' driver.
CRITICAL - 2023-05-15 13:41:13 --> Undefined variable: result
in APPPATH\Views\layouts\admin\scripts.php on line 24.
 1 APPPATH\Views\layouts\admin\scripts.php(24): CodeIgniter\Debug\Exceptions->errorHandler(8, 'Undefined variable: result', 'APPPATH\\Views\\layouts\\admin\\scripts.php', 24, [...])
 2 SYSTEMPATH\View\View.php(213): include('APPPATH\\Views\\layouts\\admin\\scripts.php')
 3 SYSTEMPATH\View\View.php(216): CodeIgniter\View\View->CodeIgniter\View\{closure}()
 4 SYSTEMPATH\View\View.php(431): CodeIgniter\View\View->render('layouts/admin/scripts', null, true)
 5 APPPATH\Views\base\baseAdmin.php(75): CodeIgniter\View\View->include('layouts/admin/scripts')
 6 SYSTEMPATH\View\View.php(213): include('APPPATH\\Views\\base\\baseAdmin.php')
 7 SYSTEMPATH\View\View.php(216): CodeIgniter\View\View->CodeIgniter\View\{closure}()
 8 SYSTEMPATH\View\View.php(229): CodeIgniter\View\View->render('base/baseAdmin', [], true)
 9 SYSTEMPATH\Common.php(1184): CodeIgniter\View\View->render('dashboard', [], true)
10 APPPATH\Controllers\Dashboard.php(27): view('dashboard', [...])
11 SYSTEMPATH\CodeIgniter.php(934): App\Controllers\Dashboard->index()
12 SYSTEMPATH\CodeIgniter.php(499): CodeIgniter\CodeIgniter->runController(Object(App\Controllers\Dashboard))
13 SYSTEMPATH\CodeIgniter.php(368): CodeIgniter\CodeIgniter->handleRequest(null, Object(Config\Cache), false)
14 FCPATH\index.php(67): CodeIgniter\CodeIgniter->run()
15 SYSTEMPATH\Commands\Server\rewrite.php(47): require_once('FCPATH\\index.php')
INFO - 2023-05-15 13:41:31 --> Session: Class initialized using 'CodeIgniter\Session\Handlers\FileHandler' driver.
INFO - 2023-05-15 13:41:50 --> Session: Class initialized using 'CodeIgniter\Session\Handlers\FileHandler' driver.
CRITICAL - 2023-05-15 13:41:50 --> Array to string conversion
in APPPATH\Views\layouts\admin\scripts.php on line 27.
 1 APPPATH\Views\layouts\admin\scripts.php(27): CodeIgniter\Debug\Exceptions->errorHandler(8, 'Array to string conversion', 'APPPATH\\Views\\layouts\\admin\\scripts.php', 27, [...])
 2 SYSTEMPATH\View\View.php(213): include('APPPATH\\Views\\layouts\\admin\\scripts.php')
 3 SYSTEMPATH\View\View.php(216): CodeIgniter\View\View->CodeIgniter\View\{closure}()
 4 SYSTEMPATH\View\View.php(431): CodeIgniter\View\View->render('layouts/admin/scripts', null, true)
 5 APPPATH\Views\base\baseAdmin.php(75): CodeIgniter\View\View->include('layouts/admin/scripts')
 6 SYSTEMPATH\View\View.php(213): include('APPPATH\\Views\\base\\baseAdmin.php')
 7 SYSTEMPATH\View\View.php(216): CodeIgniter\View\View->CodeIgniter\View\{closure}()
 8 SYSTEMPATH\View\View.php(229): CodeIgniter\View\View->render('base/baseAdmin', [], true)
 9 SYSTEMPATH\Common.php(1184): CodeIgniter\View\View->render('dashboard', [], true)
10 APPPATH\Controllers\Dashboard.php(27): view('dashboard', [...])
11 SYSTEMPATH\CodeIgniter.php(934): App\Controllers\Dashboard->index()
12 SYSTEMPATH\CodeIgniter.php(499): CodeIgniter\CodeIgniter->runController(Object(App\Controllers\Dashboard))
13 SYSTEMPATH\CodeIgniter.php(368): CodeIgniter\CodeIgniter->handleRequest(null, Object(Config\Cache), false)
14 FCPATH\index.php(67): CodeIgniter\CodeIgniter->run()
15 SYSTEMPATH\Commands\Server\rewrite.php(47): require_once('FCPATH\\index.php')
INFO - 2023-05-15 13:42:13 --> Session: Class initialized using 'CodeIgniter\Session\Handlers\FileHandler' driver.
INFO - 2023-05-15 13:42:58 --> Session: Class initialized using 'CodeIgniter\Session\Handlers\FileHandler' driver.
INFO - 2023-05-15 13:43:47 --> Session: Class initialized using 'CodeIgniter\Session\Handlers\FileHandler' driver.
ERROR - 2023-05-15 13:43:47 --> mysqli_sql_exception: Unknown column 'date' in 'group statement' in C:\xampp-new\htdocs\2023\25. Fashion Web\fashionWeb-master\system\Database\MySQLi\Connection.php:295
Stack trace:
#0 C:\xampp-new\htdocs\2023\25. Fashion Web\fashionWeb-master\system\Database\MySQLi\Connection.php(295): mysqli->query('SELECT date_vis...', 0)
#1 C:\xampp-new\htdocs\2023\25. Fashion Web\fashionWeb-master\system\Database\BaseConnection.php(691): CodeIgniter\Database\MySQLi\Connection->execute('SELECT date_vis...')
#2 C:\xampp-new\htdocs\2023\25. Fashion Web\fashionWeb-master\system\Database\BaseConnection.php(605): CodeIgniter\Database\BaseConnection->simpleQuery('SELECT date_vis...')
#3 C:\xampp-new\htdocs\2023\25. Fashion Web\fashionWeb-master\app\Controllers\Dashboard.php(15): CodeIgniter\Database\BaseConnection->query('SELECT date_vis...')
#4 C:\xampp-new\htdocs\2023\25. Fashion Web\fashionWeb-master\system\CodeIgniter.php(934): App\Controllers\Dashboard->index()
#5 C:\xampp-new\htdocs\2023\25. Fashion Web\fashionWeb-master\system\CodeIgniter.php(499): CodeIgniter\CodeIgniter->runController(Object(App\Controllers\Dashboard))
#6 C:\xampp-new\htdocs\2023\25. Fashion Web\fashionWeb-master\system\CodeIgniter.php(368): CodeIgniter\CodeIgniter->handleRequest(NULL, Object(Config\Cache), false)
#7 C:\xampp-new\htdocs\2023\25. Fashion Web\fashionWeb-master\public\index.php(67): CodeIgniter\CodeIgniter->run()
#8 C:\xampp-new\htdocs\2023\25. Fashion Web\fashionWeb-master\system\Commands\Server\rewrite.php(47): require_once('C:\\xampp-new\\ht...')
#9 {main}
CRITICAL - 2023-05-15 13:43:47 --> Unknown column 'date' in 'group statement'
in SYSTEMPATH\Database\BaseConnection.php on line 645.
 1 APPPATH\Controllers\Dashboard.php(15): CodeIgniter\Database\BaseConnection->query('SELECT date_visit, COUNT(id) as jumlahdata FROM visitors GROUP BY date')
 2 SYSTEMPATH\CodeIgniter.php(934): App\Controllers\Dashboard->index()
 3 SYSTEMPATH\CodeIgniter.php(499): CodeIgniter\CodeIgniter->runController(Object(App\Controllers\Dashboard))
 4 SYSTEMPATH\CodeIgniter.php(368): CodeIgniter\CodeIgniter->handleRequest(null, Object(Config\Cache), false)
 5 FCPATH\index.php(67): CodeIgniter\CodeIgniter->run()
 6 SYSTEMPATH\Commands\Server\rewrite.php(47): require_once('FCPATH\\index.php')
INFO - 2023-05-15 13:43:57 --> Session: Class initialized using 'CodeIgniter\Session\Handlers\FileHandler' driver.
CRITICAL - 2023-05-15 13:43:57 --> Undefined index: date
in APPPATH\Views\layouts\admin\scripts.php on line 25.
 1 APPPATH\Views\layouts\admin\scripts.php(25): CodeIgniter\Debug\Exceptions->errorHandler(8, 'Undefined index: date', 'APPPATH\\Views\\layouts\\admin\\scripts.php', 25, [...])
 2 SYSTEMPATH\View\View.php(213): include('APPPATH\\Views\\layouts\\admin\\scripts.php')
 3 SYSTEMPATH\View\View.php(216): CodeIgniter\View\View->CodeIgniter\View\{closure}()
 4 SYSTEMPATH\View\View.php(431): CodeIgniter\View\View->render('layouts/admin/scripts', null, true)
 5 APPPATH\Views\base\baseAdmin.php(75): CodeIgniter\View\View->include('layouts/admin/scripts')
 6 SYSTEMPATH\View\View.php(213): include('APPPATH\\Views\\base\\baseAdmin.php')
 7 SYSTEMPATH\View\View.php(216): CodeIgniter\View\View->CodeIgniter\View\{closure}()
 8 SYSTEMPATH\View\View.php(229): CodeIgniter\View\View->render('base/baseAdmin', [], true)
 9 SYSTEMPATH\Common.php(1184): CodeIgniter\View\View->render('dashboard', [], true)
10 APPPATH\Controllers\Dashboard.php(27): view('dashboard', [...])
11 SYSTEMPATH\CodeIgniter.php(934): App\Controllers\Dashboard->index()
12 SYSTEMPATH\CodeIgniter.php(499): CodeIgniter\CodeIgniter->runController(Object(App\Controllers\Dashboard))
13 SYSTEMPATH\CodeIgniter.php(368): CodeIgniter\CodeIgniter->handleRequest(null, Object(Config\Cache), false)
14 FCPATH\index.php(67): CodeIgniter\CodeIgniter->run()
15 SYSTEMPATH\Commands\Server\rewrite.php(47): require_once('FCPATH\\index.php')
INFO - 2023-05-15 13:44:06 --> Session: Class initialized using 'CodeIgniter\Session\Handlers\FileHandler' driver.
INFO - 2023-05-15 13:46:24 --> Session: Class initialized using 'CodeIgniter\Session\Handlers\FileHandler' driver.
INFO - 2023-05-15 13:47:29 --> Session: Class initialized using 'CodeIgniter\Session\Handlers\FileHandler' driver.
INFO - 2023-05-15 13:49:05 --> Session: Class initialized using 'CodeIgniter\Session\Handlers\FileHandler' driver.
CRITICAL - 2023-05-15 13:49:05 --> Undefined variable: value
in APPPATH\Views\layouts\admin\scripts.php on line 25.
 1 APPPATH\Views\layouts\admin\scripts.php(25): CodeIgniter\Debug\Exceptions->errorHandler(8, 'Undefined variable: value', 'APPPATH\\Views\\layouts\\admin\\scripts.php', 25, [...])
 2 SYSTEMPATH\View\View.php(213): include('APPPATH\\Views\\layouts\\admin\\scripts.php')
 3 SYSTEMPATH\View\View.php(216): CodeIgniter\View\View->CodeIgniter\View\{closure}()
 4 SYSTEMPATH\View\View.php(431): CodeIgniter\View\View->render('layouts/admin/scripts', null, true)
 5 APPPATH\Views\base\baseAdmin.php(75): CodeIgniter\View\View->include('layouts/admin/scripts')
 6 SYSTEMPATH\View\View.php(213): include('APPPATH\\Views\\base\\baseAdmin.php')
 7 SYSTEMPATH\View\View.php(216): CodeIgniter\View\View->CodeIgniter\View\{closure}()
 8 SYSTEMPATH\View\View.php(229): CodeIgniter\View\View->render('base/baseAdmin', [], true)
 9 SYSTEMPATH\Common.php(1184): CodeIgniter\View\View->render('dashboard', [], true)
10 APPPATH\Controllers\Dashboard.php(27): view('dashboard', [...])
11 SYSTEMPATH\CodeIgniter.php(934): App\Controllers\Dashboard->index()
12 SYSTEMPATH\CodeIgniter.php(499): CodeIgniter\CodeIgniter->runController(Object(App\Controllers\Dashboard))
13 SYSTEMPATH\CodeIgniter.php(368): CodeIgniter\CodeIgniter->handleRequest(null, Object(Config\Cache), false)
14 FCPATH\index.php(67): CodeIgniter\CodeIgniter->run()
15 SYSTEMPATH\Commands\Server\rewrite.php(47): require_once('FCPATH\\index.php')
INFO - 2023-05-15 13:49:18 --> Session: Class initialized using 'CodeIgniter\Session\Handlers\FileHandler' driver.
INFO - 2023-05-15 13:50:25 --> Session: Class initialized using 'CodeIgniter\Session\Handlers\FileHandler' driver.
INFO - 2023-05-15 13:50:54 --> Session: Class initialized using 'CodeIgniter\Session\Handlers\FileHandler' driver.
CRITICAL - 2023-05-15 13:50:54 --> Undefined index: date_visit
in APPPATH\Controllers\Dashboard.php on line 18.
 1 APPPATH\Controllers\Dashboard.php(18): CodeIgniter\Debug\Exceptions->errorHandler(8, 'Undefined index: date_visit', 'APPPATH\\Controllers\\Dashboard.php', 18, [...])
 2 SYSTEMPATH\CodeIgniter.php(934): App\Controllers\Dashboard->index()
 3 SYSTEMPATH\CodeIgniter.php(499): CodeIgniter\CodeIgniter->runController(Object(App\Controllers\Dashboard))
 4 SYSTEMPATH\CodeIgniter.php(368): CodeIgniter\CodeIgniter->handleRequest(null, Object(Config\Cache), false)
 5 FCPATH\index.php(67): CodeIgniter\CodeIgniter->run()
 6 SYSTEMPATH\Commands\Server\rewrite.php(47): require_once('FCPATH\\index.php')
INFO - 2023-05-15 13:51:29 --> Session: Class initialized using 'CodeIgniter\Session\Handlers\FileHandler' driver.
CRITICAL - 2023-05-15 13:51:29 --> Undefined index: date
in APPPATH\Controllers\Dashboard.php on line 19.
 1 APPPATH\Controllers\Dashboard.php(19): CodeIgniter\Debug\Exceptions->errorHandler(8, 'Undefined index: date', 'APPPATH\\Controllers\\Dashboard.php', 19, [...])
 2 SYSTEMPATH\CodeIgniter.php(934): App\Controllers\Dashboard->index()
 3 SYSTEMPATH\CodeIgniter.php(499): CodeIgniter\CodeIgniter->runController(Object(App\Controllers\Dashboard))
 4 SYSTEMPATH\CodeIgniter.php(368): CodeIgniter\CodeIgniter->handleRequest(null, Object(Config\Cache), false)
 5 FCPATH\index.php(67): CodeIgniter\CodeIgniter->run()
 6 SYSTEMPATH\Commands\Server\rewrite.php(47): require_once('FCPATH\\index.php')
INFO - 2023-05-15 13:51:36 --> Session: Class initialized using 'CodeIgniter\Session\Handlers\FileHandler' driver.
INFO - 2023-05-15 13:52:15 --> Session: Class initialized using 'CodeIgniter\Session\Handlers\FileHandler' driver.
INFO - 2023-05-15 13:52:34 --> Session: Class initialized using 'CodeIgniter\Session\Handlers\FileHandler' driver.
INFO - 2023-05-15 13:52:47 --> Session: Class initialized using 'CodeIgniter\Session\Handlers\FileHandler' driver.
INFO - 2023-05-15 13:53:18 --> Session: Class initialized using 'CodeIgniter\Session\Handlers\FileHandler' driver.
INFO - 2023-05-15 13:53:58 --> Session: Class initialized using 'CodeIgniter\Session\Handlers\FileHandler' driver.
INFO - 2023-05-15 13:59:26 --> Session: Class initialized using 'CodeIgniter\Session\Handlers\FileHandler' driver.
INFO - 2023-05-15 14:00:02 --> Session: Class initialized using 'CodeIgniter\Session\Handlers\FileHandler' driver.
INFO - 2023-05-15 14:00:13 --> Session: Class initialized using 'CodeIgniter\Session\Handlers\FileHandler' driver.
INFO - 2023-05-15 14:00:51 --> Session: Class initialized using 'CodeIgniter\Session\Handlers\FileHandler' driver.
INFO - 2023-05-15 14:02:10 --> Session: Class initialized using 'CodeIgniter\Session\Handlers\FileHandler' driver.
INFO - 2023-05-15 14:02:37 --> Session: Class initialized using 'CodeIgniter\Session\Handlers\FileHandler' driver.
INFO - 2023-05-15 14:06:59 --> Session: Class initialized using 'CodeIgniter\Session\Handlers\FileHandler' driver.
INFO - 2023-05-15 14:07:29 --> Session: Class initialized using 'CodeIgniter\Session\Handlers\FileHandler' driver.
INFO - 2023-05-15 14:09:34 --> Session: Class initialized using 'CodeIgniter\Session\Handlers\FileHandler' driver.
INFO - 2023-05-15 14:10:19 --> Session: Class initialized using 'CodeIgniter\Session\Handlers\FileHandler' driver.
INFO - 2023-05-15 14:10:55 --> Session: Class initialized using 'CodeIgniter\Session\Handlers\FileHandler' driver.
