ERROR - 2023-05-07 15:14:37 --> mysqli_sql_exception: Duplicate column name 'photo' in C:\xampp\htdocs\fashionWeb\system\Database\MySQLi\Connection.php:295
Stack trace:
#0 C:\xampp\htdocs\fashionWeb\system\Database\MySQLi\Connection.php(295): mysqli->query('ALTER TABLE `pr...', 0)
#1 C:\xampp\htdocs\fashionWeb\system\Database\BaseConnection.php(691): CodeIgniter\Database\MySQLi\Connection->execute('ALTER TABLE `pr...')
#2 C:\xampp\htdocs\fashionWeb\system\Database\BaseConnection.php(605): CodeIgniter\Database\BaseConnection->simpleQuery('ALTER TABLE `pr...')
#3 C:\xampp\htdocs\fashionWeb\system\Database\Forge.php(745): CodeIgniter\Database\BaseConnection->query('ALTER TABLE `pr...')
#4 C:\xampp\htdocs\fashionWeb\app\Database\Migrations\2023-05-05-153200_AddPhotoColumnToProduct.php(17): CodeIgniter\Database\Forge->addColumn('products', Array)
#5 C:\xampp\htdocs\fashionWeb\system\Database\MigrationRunner.php(877): App\Database\Migrations\AddPhotoColumnToProduct->up()
#6 C:\xampp\htdocs\fashionWeb\system\Database\MigrationRunner.php(188): CodeIgniter\Database\MigrationRunner->migrate('up', Object(stdClass))
#7 C:\xampp\htdocs\fashionWeb\system\Commands\Database\Migrate.php(84): CodeIgniter\Database\MigrationRunner->latest(NULL)
#8 C:\xampp\htdocs\fashionWeb\system\CLI\Commands.php(65): CodeIgniter\Commands\Database\Migrate->run(Array)
#9 C:\xampp\htdocs\fashionWeb\system\CLI\Console.php(37): CodeIgniter\CLI\Commands->run('migrate', Array)
#10 C:\xampp\htdocs\fashionWeb\spark(97): CodeIgniter\CLI\Console->run()
#11 {main}
ERROR - 2023-05-07 15:16:23 --> mysqli_sql_exception: Duplicate column name 'photo' in C:\xampp\htdocs\fashionWeb\system\Database\MySQLi\Connection.php:295
Stack trace:
#0 C:\xampp\htdocs\fashionWeb\system\Database\MySQLi\Connection.php(295): mysqli->query('ALTER TABLE `pr...', 0)
#1 C:\xampp\htdocs\fashionWeb\system\Database\BaseConnection.php(691): CodeIgniter\Database\MySQLi\Connection->execute('ALTER TABLE `pr...')
#2 C:\xampp\htdocs\fashionWeb\system\Database\BaseConnection.php(605): CodeIgniter\Database\BaseConnection->simpleQuery('ALTER TABLE `pr...')
#3 C:\xampp\htdocs\fashionWeb\system\Database\Forge.php(745): CodeIgniter\Database\BaseConnection->query('ALTER TABLE `pr...')
#4 C:\xampp\htdocs\fashionWeb\app\Database\Migrations\2023-05-05-153200_AddPhotoColumnToProduct.php(17): CodeIgniter\Database\Forge->addColumn('products', Array)
#5 C:\xampp\htdocs\fashionWeb\system\Database\MigrationRunner.php(877): App\Database\Migrations\AddPhotoColumnToProduct->up()
#6 C:\xampp\htdocs\fashionWeb\system\Database\MigrationRunner.php(188): CodeIgniter\Database\MigrationRunner->migrate('up', Object(stdClass))
#7 C:\xampp\htdocs\fashionWeb\system\Commands\Database\Migrate.php(84): CodeIgniter\Database\MigrationRunner->latest(NULL)
#8 C:\xampp\htdocs\fashionWeb\system\CLI\Commands.php(65): CodeIgniter\Commands\Database\Migrate->run(Array)
#9 C:\xampp\htdocs\fashionWeb\system\CLI\Console.php(37): CodeIgniter\CLI\Commands->run('migrate', Array)
#10 C:\xampp\htdocs\fashionWeb\spark(97): CodeIgniter\CLI\Console->run()
#11 {main}
ERROR - 2023-05-07 15:17:14 --> mysqli_sql_exception: Duplicate column name 'photo' in C:\xampp\htdocs\fashionWeb\system\Database\MySQLi\Connection.php:295
Stack trace:
#0 C:\xampp\htdocs\fashionWeb\system\Database\MySQLi\Connection.php(295): mysqli->query('ALTER TABLE `pr...', 0)
#1 C:\xampp\htdocs\fashionWeb\system\Database\BaseConnection.php(691): CodeIgniter\Database\MySQLi\Connection->execute('ALTER TABLE `pr...')
#2 C:\xampp\htdocs\fashionWeb\system\Database\BaseConnection.php(605): CodeIgniter\Database\BaseConnection->simpleQuery('ALTER TABLE `pr...')
#3 C:\xampp\htdocs\fashionWeb\system\Database\Forge.php(745): CodeIgniter\Database\BaseConnection->query('ALTER TABLE `pr...')
#4 C:\xampp\htdocs\fashionWeb\app\Database\Migrations\2023-05-05-153200_AddPhotoColumnToProduct.php(17): CodeIgniter\Database\Forge->addColumn('products', Array)
#5 C:\xampp\htdocs\fashionWeb\system\Database\MigrationRunner.php(877): App\Database\Migrations\AddPhotoColumnToProduct->up()
#6 C:\xampp\htdocs\fashionWeb\system\Database\MigrationRunner.php(188): CodeIgniter\Database\MigrationRunner->migrate('up', Object(stdClass))
#7 C:\xampp\htdocs\fashionWeb\system\Commands\Database\Migrate.php(84): CodeIgniter\Database\MigrationRunner->latest(NULL)
#8 C:\xampp\htdocs\fashionWeb\system\CLI\Commands.php(65): CodeIgniter\Commands\Database\Migrate->run(Array)
#9 C:\xampp\htdocs\fashionWeb\system\CLI\Console.php(37): CodeIgniter\CLI\Commands->run('migrate', Array)
#10 C:\xampp\htdocs\fashionWeb\spark(97): CodeIgniter\CLI\Console->run()
#11 {main}
CRITICAL - 2023-05-07 15:45:01 --> The original file is not a valid file.
in SYSTEMPATH\HTTP\Files\UploadedFile.php on line 137.
 1 SYSTEMPATH\HTTP\Files\UploadedFile.php(137): CodeIgniter\HTTP\Exceptions\HTTPException::forInvalidFile()
 2 APPPATH\Controllers\Product.php(66): CodeIgniter\HTTP\Files\UploadedFile->move('FCPATH\\photos', '1683474298_2e0b9c9e0e4c9f8a2f32')
 3 SYSTEMPATH\CodeIgniter.php(934): App\Controllers\Product->create()
 4 SYSTEMPATH\CodeIgniter.php(499): CodeIgniter\CodeIgniter->runController(Object(App\Controllers\Product))
 5 SYSTEMPATH\CodeIgniter.php(368): CodeIgniter\CodeIgniter->handleRequest(null, Object(Config\Cache), false)
 6 FCPATH\index.php(67): CodeIgniter\CodeIgniter->run()
 7 SYSTEMPATH\Commands\Server\rewrite.php(47): require_once('FCPATH\\index.php')
CRITICAL - 2023-05-07 15:45:19 --> The original file is not a valid file.
in SYSTEMPATH\HTTP\Files\UploadedFile.php on line 137.
 1 SYSTEMPATH\HTTP\Files\UploadedFile.php(137): CodeIgniter\HTTP\Exceptions\HTTPException::forInvalidFile()
 2 APPPATH\Controllers\Product.php(66): CodeIgniter\HTTP\Files\UploadedFile->move('FCPATH\\photos', '1683474319_c52b137fd9762b3b1035')
 3 SYSTEMPATH\CodeIgniter.php(934): App\Controllers\Product->create()
 4 SYSTEMPATH\CodeIgniter.php(499): CodeIgniter\CodeIgniter->runController(Object(App\Controllers\Product))
 5 SYSTEMPATH\CodeIgniter.php(368): CodeIgniter\CodeIgniter->handleRequest(null, Object(Config\Cache), false)
 6 FCPATH\index.php(67): CodeIgniter\CodeIgniter->run()
 7 SYSTEMPATH\Commands\Server\rewrite.php(47): require_once('FCPATH\\index.php')
CRITICAL - 2023-05-07 15:46:43 --> The original file is not a valid file.
in SYSTEMPATH\HTTP\Files\UploadedFile.php on line 137.
 1 SYSTEMPATH\HTTP\Files\UploadedFile.php(137): CodeIgniter\HTTP\Exceptions\HTTPException::forInvalidFile()
 2 APPPATH\Controllers\Product.php(66): CodeIgniter\HTTP\Files\UploadedFile->move('FCPATH\\photos', '1683474403_87f986b05833c16990c6')
 3 SYSTEMPATH\CodeIgniter.php(934): App\Controllers\Product->create()
 4 SYSTEMPATH\CodeIgniter.php(499): CodeIgniter\CodeIgniter->runController(Object(App\Controllers\Product))
 5 SYSTEMPATH\CodeIgniter.php(368): CodeIgniter\CodeIgniter->handleRequest(null, Object(Config\Cache), false)
 6 FCPATH\index.php(67): CodeIgniter\CodeIgniter->run()
 7 SYSTEMPATH\Commands\Server\rewrite.php(47): require_once('FCPATH\\index.php')
CRITICAL - 2023-05-07 15:50:50 --> The original file is not a valid file.
in SYSTEMPATH\HTTP\Files\UploadedFile.php on line 137.
 1 SYSTEMPATH\HTTP\Files\UploadedFile.php(137): CodeIgniter\HTTP\Exceptions\HTTPException::forInvalidFile()
 2 APPPATH\Controllers\Product.php(66): CodeIgniter\HTTP\Files\UploadedFile->move('FCPATH\\photos', '1683474650_fba0e8594400bfda058d')
 3 SYSTEMPATH\CodeIgniter.php(934): App\Controllers\Product->create()
 4 SYSTEMPATH\CodeIgniter.php(499): CodeIgniter\CodeIgniter->runController(Object(App\Controllers\Product))
 5 SYSTEMPATH\CodeIgniter.php(368): CodeIgniter\CodeIgniter->handleRequest(null, Object(Config\Cache), false)
 6 FCPATH\index.php(67): CodeIgniter\CodeIgniter->run()
 7 SYSTEMPATH\Commands\Server\rewrite.php(47): require_once('FCPATH\\index.php')
CRITICAL - 2023-05-07 16:15:23 --> Invalid file: "admin/base.php"
in SYSTEMPATH\Exceptions\FrameworkException.php on line 33.
 1 SYSTEMPATH\View\View.php(201): CodeIgniter\Exceptions\FrameworkException::forInvalidFile('admin/base.php')
 2 SYSTEMPATH\View\View.php(229): CodeIgniter\View\View->render('admin/base', [], true)
 3 SYSTEMPATH\Common.php(1184): CodeIgniter\View\View->render('product/index', [], true)
 4 APPPATH\Controllers\Product.php(28): view('product/index', [...])
 5 SYSTEMPATH\CodeIgniter.php(934): App\Controllers\Product->index()
 6 SYSTEMPATH\CodeIgniter.php(499): CodeIgniter\CodeIgniter->runController(Object(App\Controllers\Product))
 7 SYSTEMPATH\CodeIgniter.php(368): CodeIgniter\CodeIgniter->handleRequest(null, Object(Config\Cache), false)
 8 FCPATH\index.php(67): CodeIgniter\CodeIgniter->run()
 9 SYSTEMPATH\Commands\Server\rewrite.php(47): require_once('FCPATH\\index.php')
CRITICAL - 2023-05-07 16:15:53 --> Invalid file: "admin/base.php"
in SYSTEMPATH\Exceptions\FrameworkException.php on line 33.
 1 SYSTEMPATH\View\View.php(201): CodeIgniter\Exceptions\FrameworkException::forInvalidFile('admin/base.php')
 2 SYSTEMPATH\View\View.php(229): CodeIgniter\View\View->render('admin/base', [], true)
 3 SYSTEMPATH\Common.php(1184): CodeIgniter\View\View->render('product/index', [], true)
 4 APPPATH\Controllers\Product.php(28): view('product/index', [...])
 5 SYSTEMPATH\CodeIgniter.php(934): App\Controllers\Product->index()
 6 SYSTEMPATH\CodeIgniter.php(499): CodeIgniter\CodeIgniter->runController(Object(App\Controllers\Product))
 7 SYSTEMPATH\CodeIgniter.php(368): CodeIgniter\CodeIgniter->handleRequest(null, Object(Config\Cache), false)
 8 FCPATH\index.php(67): CodeIgniter\CodeIgniter->run()
 9 SYSTEMPATH\Commands\Server\rewrite.php(47): require_once('FCPATH\\index.php')
CRITICAL - 2023-05-07 16:15:54 --> Invalid file: "admin/base.php"
in SYSTEMPATH\Exceptions\FrameworkException.php on line 33.
 1 SYSTEMPATH\View\View.php(201): CodeIgniter\Exceptions\FrameworkException::forInvalidFile('admin/base.php')
 2 SYSTEMPATH\View\View.php(229): CodeIgniter\View\View->render('admin/base', [], true)
 3 SYSTEMPATH\Common.php(1184): CodeIgniter\View\View->render('product/index', [], true)
 4 APPPATH\Controllers\Product.php(28): view('product/index', [...])
 5 SYSTEMPATH\CodeIgniter.php(934): App\Controllers\Product->index()
 6 SYSTEMPATH\CodeIgniter.php(499): CodeIgniter\CodeIgniter->runController(Object(App\Controllers\Product))
 7 SYSTEMPATH\CodeIgniter.php(368): CodeIgniter\CodeIgniter->handleRequest(null, Object(Config\Cache), false)
 8 FCPATH\index.php(67): CodeIgniter\CodeIgniter->run()
 9 SYSTEMPATH\Commands\Server\rewrite.php(47): require_once('FCPATH\\index.php')
CRITICAL - 2023-05-07 16:17:02 --> Invalid file: "admin/base.php"
in SYSTEMPATH\Exceptions\FrameworkException.php on line 33.
 1 SYSTEMPATH\View\View.php(201): CodeIgniter\Exceptions\FrameworkException::forInvalidFile('admin/base.php')
 2 SYSTEMPATH\View\View.php(229): CodeIgniter\View\View->render('admin/base', [], true)
 3 SYSTEMPATH\Common.php(1184): CodeIgniter\View\View->render('product/index', [], true)
 4 APPPATH\Controllers\Product.php(28): view('product/index', [...])
 5 SYSTEMPATH\CodeIgniter.php(934): App\Controllers\Product->index()
 6 SYSTEMPATH\CodeIgniter.php(499): CodeIgniter\CodeIgniter->runController(Object(App\Controllers\Product))
 7 SYSTEMPATH\CodeIgniter.php(368): CodeIgniter\CodeIgniter->handleRequest(null, Object(Config\Cache), false)
 8 FCPATH\index.php(67): CodeIgniter\CodeIgniter->run()
 9 SYSTEMPATH\Commands\Server\rewrite.php(47): require_once('FCPATH\\index.php')
CRITICAL - 2023-05-07 16:18:17 --> Invalid file: "admin/base.php"
in SYSTEMPATH\Exceptions\FrameworkException.php on line 33.
 1 SYSTEMPATH\View\View.php(201): CodeIgniter\Exceptions\FrameworkException::forInvalidFile('admin/base.php')
 2 SYSTEMPATH\View\View.php(229): CodeIgniter\View\View->render('admin/base', [], true)
 3 SYSTEMPATH\Common.php(1184): CodeIgniter\View\View->render('product/index', [], true)
 4 APPPATH\Controllers\Product.php(28): view('product/index', [...])
 5 SYSTEMPATH\CodeIgniter.php(934): App\Controllers\Product->index()
 6 SYSTEMPATH\CodeIgniter.php(499): CodeIgniter\CodeIgniter->runController(Object(App\Controllers\Product))
 7 SYSTEMPATH\CodeIgniter.php(368): CodeIgniter\CodeIgniter->handleRequest(null, Object(Config\Cache), false)
 8 FCPATH\index.php(67): CodeIgniter\CodeIgniter->run()
 9 SYSTEMPATH\Commands\Server\rewrite.php(47): require_once('FCPATH\\index.php')
CRITICAL - 2023-05-07 16:19:14 --> Invalid file: "admin/base.php"
in SYSTEMPATH\Exceptions\FrameworkException.php on line 33.
 1 SYSTEMPATH\View\View.php(201): CodeIgniter\Exceptions\FrameworkException::forInvalidFile('admin/base.php')
 2 SYSTEMPATH\View\View.php(229): CodeIgniter\View\View->render('admin/base', [], true)
 3 SYSTEMPATH\Common.php(1184): CodeIgniter\View\View->render('product/index', [], true)
 4 APPPATH\Controllers\Product.php(28): view('product/index', [...])
 5 SYSTEMPATH\CodeIgniter.php(934): App\Controllers\Product->index()
 6 SYSTEMPATH\CodeIgniter.php(499): CodeIgniter\CodeIgniter->runController(Object(App\Controllers\Product))
 7 SYSTEMPATH\CodeIgniter.php(368): CodeIgniter\CodeIgniter->handleRequest(null, Object(Config\Cache), false)
 8 FCPATH\index.php(67): CodeIgniter\CodeIgniter->run()
 9 SYSTEMPATH\Commands\Server\rewrite.php(47): require_once('FCPATH\\index.php')
CRITICAL - 2023-05-07 16:19:18 --> Invalid file: "admin/base.php"
in SYSTEMPATH\Exceptions\FrameworkException.php on line 33.
 1 SYSTEMPATH\View\View.php(201): CodeIgniter\Exceptions\FrameworkException::forInvalidFile('admin/base.php')
 2 SYSTEMPATH\View\View.php(229): CodeIgniter\View\View->render('admin/base', [], true)
 3 SYSTEMPATH\Common.php(1184): CodeIgniter\View\View->render('product/index', [], true)
 4 APPPATH\Controllers\Product.php(28): view('product/index', [...])
 5 SYSTEMPATH\CodeIgniter.php(934): App\Controllers\Product->index()
 6 SYSTEMPATH\CodeIgniter.php(499): CodeIgniter\CodeIgniter->runController(Object(App\Controllers\Product))
 7 SYSTEMPATH\CodeIgniter.php(368): CodeIgniter\CodeIgniter->handleRequest(null, Object(Config\Cache), false)
 8 FCPATH\index.php(67): CodeIgniter\CodeIgniter->run()
 9 SYSTEMPATH\Commands\Server\rewrite.php(47): require_once('FCPATH\\index.php')
CRITICAL - 2023-05-07 16:22:07 --> Invalid file: "admin/base.php"
in SYSTEMPATH\Exceptions\FrameworkException.php on line 33.
 1 SYSTEMPATH\View\View.php(201): CodeIgniter\Exceptions\FrameworkException::forInvalidFile('admin/base.php')
 2 SYSTEMPATH\View\View.php(229): CodeIgniter\View\View->render('admin/base', [], true)
 3 SYSTEMPATH\Common.php(1184): CodeIgniter\View\View->render('product/index', [], true)
 4 APPPATH\Controllers\Product.php(28): view('product/index', [...])
 5 SYSTEMPATH\CodeIgniter.php(934): App\Controllers\Product->index()
 6 SYSTEMPATH\CodeIgniter.php(499): CodeIgniter\CodeIgniter->runController(Object(App\Controllers\Product))
 7 SYSTEMPATH\CodeIgniter.php(368): CodeIgniter\CodeIgniter->handleRequest(null, Object(Config\Cache), false)
 8 FCPATH\index.php(67): CodeIgniter\CodeIgniter->run()
 9 SYSTEMPATH\Commands\Server\rewrite.php(47): require_once('FCPATH\\index.php')
CRITICAL - 2023-05-07 16:22:10 --> Invalid file: "admin/base.php"
in SYSTEMPATH\Exceptions\FrameworkException.php on line 33.
 1 SYSTEMPATH\View\View.php(201): CodeIgniter\Exceptions\FrameworkException::forInvalidFile('admin/base.php')
 2 SYSTEMPATH\View\View.php(229): CodeIgniter\View\View->render('admin/base', [], true)
 3 SYSTEMPATH\Common.php(1184): CodeIgniter\View\View->render('product/index', [], true)
 4 APPPATH\Controllers\Product.php(28): view('product/index', [...])
 5 SYSTEMPATH\CodeIgniter.php(934): App\Controllers\Product->index()
 6 SYSTEMPATH\CodeIgniter.php(499): CodeIgniter\CodeIgniter->runController(Object(App\Controllers\Product))
 7 SYSTEMPATH\CodeIgniter.php(368): CodeIgniter\CodeIgniter->handleRequest(null, Object(Config\Cache), false)
 8 FCPATH\index.php(67): CodeIgniter\CodeIgniter->run()
 9 SYSTEMPATH\Commands\Server\rewrite.php(47): require_once('FCPATH\\index.php')
CRITICAL - 2023-05-07 16:22:31 --> Invalid file: "base.php"
in SYSTEMPATH\Exceptions\FrameworkException.php on line 33.
 1 SYSTEMPATH\View\View.php(201): CodeIgniter\Exceptions\FrameworkException::forInvalidFile('base.php')
 2 SYSTEMPATH\View\View.php(229): CodeIgniter\View\View->render('base', [], true)
 3 SYSTEMPATH\Common.php(1184): CodeIgniter\View\View->render('auth/login', [], true)
 4 APPPATH\Controllers\Login.php(24): view('auth/login')
 5 SYSTEMPATH\CodeIgniter.php(934): App\Controllers\Login->index()
 6 SYSTEMPATH\CodeIgniter.php(499): CodeIgniter\CodeIgniter->runController(Object(App\Controllers\Login))
 7 SYSTEMPATH\CodeIgniter.php(368): CodeIgniter\CodeIgniter->handleRequest(null, Object(Config\Cache), false)
 8 FCPATH\index.php(67): CodeIgniter\CodeIgniter->run()
 9 SYSTEMPATH\Commands\Server\rewrite.php(47): require_once('FCPATH\\index.php')
CRITICAL - 2023-05-07 16:24:06 --> Invalid file: "base.php"
in SYSTEMPATH\Exceptions\FrameworkException.php on line 33.
 1 SYSTEMPATH\View\View.php(201): CodeIgniter\Exceptions\FrameworkException::forInvalidFile('base.php')
 2 SYSTEMPATH\View\View.php(229): CodeIgniter\View\View->render('base', [], true)
 3 SYSTEMPATH\Common.php(1184): CodeIgniter\View\View->render('auth/login', [], true)
 4 APPPATH\Controllers\Login.php(24): view('auth/login')
 5 SYSTEMPATH\CodeIgniter.php(934): App\Controllers\Login->index()
 6 SYSTEMPATH\CodeIgniter.php(499): CodeIgniter\CodeIgniter->runController(Object(App\Controllers\Login))
 7 SYSTEMPATH\CodeIgniter.php(368): CodeIgniter\CodeIgniter->handleRequest(null, Object(Config\Cache), false)
 8 FCPATH\index.php(67): CodeIgniter\CodeIgniter->run()
 9 SYSTEMPATH\Commands\Server\rewrite.php(47): require_once('FCPATH\\index.php')
CRITICAL - 2023-05-07 16:24:13 --> Invalid file: "base.php"
in SYSTEMPATH\Exceptions\FrameworkException.php on line 33.
 1 SYSTEMPATH\View\View.php(201): CodeIgniter\Exceptions\FrameworkException::forInvalidFile('base.php')
 2 SYSTEMPATH\View\View.php(229): CodeIgniter\View\View->render('base', [], true)
 3 SYSTEMPATH\Common.php(1184): CodeIgniter\View\View->render('auth/login', [], true)
 4 APPPATH\Controllers\Login.php(24): view('auth/login')
 5 SYSTEMPATH\CodeIgniter.php(934): App\Controllers\Login->index()
 6 SYSTEMPATH\CodeIgniter.php(499): CodeIgniter\CodeIgniter->runController(Object(App\Controllers\Login))
 7 SYSTEMPATH\CodeIgniter.php(368): CodeIgniter\CodeIgniter->handleRequest(null, Object(Config\Cache), false)
 8 FCPATH\index.php(67): CodeIgniter\CodeIgniter->run()
 9 SYSTEMPATH\Commands\Server\rewrite.php(47): require_once('FCPATH\\index.php')
CRITICAL - 2023-05-07 16:24:20 --> Invalid file: "base.php"
in SYSTEMPATH\Exceptions\FrameworkException.php on line 33.
 1 SYSTEMPATH\View\View.php(201): CodeIgniter\Exceptions\FrameworkException::forInvalidFile('base.php')
 2 SYSTEMPATH\View\View.php(229): CodeIgniter\View\View->render('base', [], true)
 3 SYSTEMPATH\Common.php(1184): CodeIgniter\View\View->render('auth/login', [], true)
 4 APPPATH\Controllers\Login.php(24): view('auth/login')
 5 SYSTEMPATH\CodeIgniter.php(934): App\Controllers\Login->index()
 6 SYSTEMPATH\CodeIgniter.php(499): CodeIgniter\CodeIgniter->runController(Object(App\Controllers\Login))
 7 SYSTEMPATH\CodeIgniter.php(368): CodeIgniter\CodeIgniter->handleRequest(null, Object(Config\Cache), false)
 8 FCPATH\index.php(67): CodeIgniter\CodeIgniter->run()
 9 SYSTEMPATH\Commands\Server\rewrite.php(47): require_once('FCPATH\\index.php')
CRITICAL - 2023-05-07 16:55:22 --> Invalid file: "base/login/base.php"
in SYSTEMPATH\Exceptions\FrameworkException.php on line 33.
 1 SYSTEMPATH\View\View.php(201): CodeIgniter\Exceptions\FrameworkException::forInvalidFile('base/login/base.php')
 2 SYSTEMPATH\View\View.php(229): CodeIgniter\View\View->render('base/login/base', [], true)
 3 SYSTEMPATH\Common.php(1184): CodeIgniter\View\View->render('auth/register', [], true)
 4 APPPATH\Controllers\Register.php(21): view('auth/register')
 5 SYSTEMPATH\CodeIgniter.php(934): App\Controllers\Register->index()
 6 SYSTEMPATH\CodeIgniter.php(499): CodeIgniter\CodeIgniter->runController(Object(App\Controllers\Register))
 7 SYSTEMPATH\CodeIgniter.php(368): CodeIgniter\CodeIgniter->handleRequest(null, Object(Config\Cache), false)
 8 FCPATH\index.php(67): CodeIgniter\CodeIgniter->run()
 9 SYSTEMPATH\Commands\Server\rewrite.php(47): require_once('FCPATH\\index.php')
CRITICAL - 2023-05-07 17:01:36 --> Invalid file: "base/login/base.php"
in SYSTEMPATH\Exceptions\FrameworkException.php on line 33.
 1 SYSTEMPATH\View\View.php(201): CodeIgniter\Exceptions\FrameworkException::forInvalidFile('base/login/base.php')
 2 SYSTEMPATH\View\View.php(229): CodeIgniter\View\View->render('base/login/base', [], true)
 3 SYSTEMPATH\Common.php(1184): CodeIgniter\View\View->render('auth/register', [], true)
 4 APPPATH\Controllers\Register.php(21): view('auth/register')
 5 SYSTEMPATH\CodeIgniter.php(934): App\Controllers\Register->index()
 6 SYSTEMPATH\CodeIgniter.php(499): CodeIgniter\CodeIgniter->runController(Object(App\Controllers\Register))
 7 SYSTEMPATH\CodeIgniter.php(368): CodeIgniter\CodeIgniter->handleRequest(null, Object(Config\Cache), false)
 8 FCPATH\index.php(67): CodeIgniter\CodeIgniter->run()
 9 SYSTEMPATH\Commands\Server\rewrite.php(47): require_once('FCPATH\\index.php')
CRITICAL - 2023-05-07 17:06:58 --> Invalid file: "base/regis/base.php"
in SYSTEMPATH\Exceptions\FrameworkException.php on line 33.
 1 SYSTEMPATH\View\View.php(201): CodeIgniter\Exceptions\FrameworkException::forInvalidFile('base/regis/base.php')
 2 SYSTEMPATH\View\View.php(229): CodeIgniter\View\View->render('base/regis/base', [], true)
 3 SYSTEMPATH\Common.php(1184): CodeIgniter\View\View->render('auth/register', [], true)
 4 APPPATH\Controllers\Register.php(21): view('auth/register')
 5 SYSTEMPATH\CodeIgniter.php(934): App\Controllers\Register->index()
 6 SYSTEMPATH\CodeIgniter.php(499): CodeIgniter\CodeIgniter->runController(Object(App\Controllers\Register))
 7 SYSTEMPATH\CodeIgniter.php(368): CodeIgniter\CodeIgniter->handleRequest(null, Object(Config\Cache), false)
 8 FCPATH\index.php(67): CodeIgniter\CodeIgniter->run()
 9 SYSTEMPATH\Commands\Server\rewrite.php(47): require_once('FCPATH\\index.php')
CRITICAL - 2023-05-07 17:07:00 --> Invalid file: "base/regis/base.php"
in SYSTEMPATH\Exceptions\FrameworkException.php on line 33.
 1 SYSTEMPATH\View\View.php(201): CodeIgniter\Exceptions\FrameworkException::forInvalidFile('base/regis/base.php')
 2 SYSTEMPATH\View\View.php(229): CodeIgniter\View\View->render('base/regis/base', [], true)
 3 SYSTEMPATH\Common.php(1184): CodeIgniter\View\View->render('auth/register', [], true)
 4 APPPATH\Controllers\Register.php(21): view('auth/register')
 5 SYSTEMPATH\CodeIgniter.php(934): App\Controllers\Register->index()
 6 SYSTEMPATH\CodeIgniter.php(499): CodeIgniter\CodeIgniter->runController(Object(App\Controllers\Register))
 7 SYSTEMPATH\CodeIgniter.php(368): CodeIgniter\CodeIgniter->handleRequest(null, Object(Config\Cache), false)
 8 FCPATH\index.php(67): CodeIgniter\CodeIgniter->run()
 9 SYSTEMPATH\Commands\Server\rewrite.php(47): require_once('FCPATH\\index.php')
CRITICAL - 2023-05-07 17:25:33 --> Undefined array key "name"
in APPPATH\Views\product\edit.php on line 7.
 1 APPPATH\Views\product\edit.php(7): CodeIgniter\Debug\Exceptions->errorHandler(2, 'Undefined array key "name"', 'APPPATH\\Views\\product\\edit.php', 7)
 2 SYSTEMPATH\View\View.php(213): include('APPPATH\\Views\\product\\edit.php')
 3 SYSTEMPATH\View\View.php(216): CodeIgniter\View\View->CodeIgniter\View\{closure}()
 4 SYSTEMPATH\Common.php(1184): CodeIgniter\View\View->render('product/edit', [], true)
 5 APPPATH\Controllers\Product.php(94): view('product/edit', [...])
 6 SYSTEMPATH\CodeIgniter.php(934): App\Controllers\Product->edit('1')
 7 SYSTEMPATH\CodeIgniter.php(499): CodeIgniter\CodeIgniter->runController(Object(App\Controllers\Product))
 8 SYSTEMPATH\CodeIgniter.php(368): CodeIgniter\CodeIgniter->handleRequest(null, Object(Config\Cache), false)
 9 FCPATH\index.php(67): CodeIgniter\CodeIgniter->run()
10 SYSTEMPATH\Commands\Server\rewrite.php(47): require_once('FCPATH\\index.php')
CRITICAL - 2023-05-07 17:25:45 --> Undefined array key "name"
in APPPATH\Views\product\edit.php on line 7.
 1 APPPATH\Views\product\edit.php(7): CodeIgniter\Debug\Exceptions->errorHandler(2, 'Undefined array key "name"', 'APPPATH\\Views\\product\\edit.php', 7)
 2 SYSTEMPATH\View\View.php(213): include('APPPATH\\Views\\product\\edit.php')
 3 SYSTEMPATH\View\View.php(216): CodeIgniter\View\View->CodeIgniter\View\{closure}()
 4 SYSTEMPATH\Common.php(1184): CodeIgniter\View\View->render('product/edit', [], true)
 5 APPPATH\Controllers\Product.php(94): view('product/edit', [...])
 6 SYSTEMPATH\CodeIgniter.php(934): App\Controllers\Product->edit('1')
 7 SYSTEMPATH\CodeIgniter.php(499): CodeIgniter\CodeIgniter->runController(Object(App\Controllers\Product))
 8 SYSTEMPATH\CodeIgniter.php(368): CodeIgniter\CodeIgniter->handleRequest(null, Object(Config\Cache), false)
 9 FCPATH\index.php(67): CodeIgniter\CodeIgniter->run()
10 SYSTEMPATH\Commands\Server\rewrite.php(47): require_once('FCPATH\\index.php')
CRITICAL - 2023-05-07 17:26:12 --> Undefined array key "name"
in APPPATH\Views\product\edit.php on line 7.
 1 APPPATH\Views\product\edit.php(7): CodeIgniter\Debug\Exceptions->errorHandler(2, 'Undefined array key "name"', 'APPPATH\\Views\\product\\edit.php', 7)
 2 SYSTEMPATH\View\View.php(213): include('APPPATH\\Views\\product\\edit.php')
 3 SYSTEMPATH\View\View.php(216): CodeIgniter\View\View->CodeIgniter\View\{closure}()
 4 SYSTEMPATH\Common.php(1184): CodeIgniter\View\View->render('product/edit', [], true)
 5 APPPATH\Controllers\Product.php(94): view('product/edit', [...])
 6 SYSTEMPATH\CodeIgniter.php(934): App\Controllers\Product->edit('1')
 7 SYSTEMPATH\CodeIgniter.php(499): CodeIgniter\CodeIgniter->runController(Object(App\Controllers\Product))
 8 SYSTEMPATH\CodeIgniter.php(368): CodeIgniter\CodeIgniter->handleRequest(null, Object(Config\Cache), false)
 9 FCPATH\index.php(67): CodeIgniter\CodeIgniter->run()
10 SYSTEMPATH\Commands\Server\rewrite.php(47): require_once('FCPATH\\index.php')
CRITICAL - 2023-05-07 17:26:29 --> Undefined array key "name"
in APPPATH\Views\product\edit.php on line 7.
 1 APPPATH\Views\product\edit.php(7): CodeIgniter\Debug\Exceptions->errorHandler(2, 'Undefined array key "name"', 'APPPATH\\Views\\product\\edit.php', 7)
 2 SYSTEMPATH\View\View.php(213): include('APPPATH\\Views\\product\\edit.php')
 3 SYSTEMPATH\View\View.php(216): CodeIgniter\View\View->CodeIgniter\View\{closure}()
 4 SYSTEMPATH\Common.php(1184): CodeIgniter\View\View->render('product/edit', [], true)
 5 APPPATH\Controllers\Product.php(94): view('product/edit', [...])
 6 SYSTEMPATH\CodeIgniter.php(934): App\Controllers\Product->edit('1')
 7 SYSTEMPATH\CodeIgniter.php(499): CodeIgniter\CodeIgniter->runController(Object(App\Controllers\Product))
 8 SYSTEMPATH\CodeIgniter.php(368): CodeIgniter\CodeIgniter->handleRequest(null, Object(Config\Cache), false)
 9 FCPATH\index.php(67): CodeIgniter\CodeIgniter->run()
10 SYSTEMPATH\Commands\Server\rewrite.php(47): require_once('FCPATH\\index.php')
CRITICAL - 2023-05-07 17:26:34 --> Undefined array key "name"
in APPPATH\Views\product\edit.php on line 7.
 1 APPPATH\Views\product\edit.php(7): CodeIgniter\Debug\Exceptions->errorHandler(2, 'Undefined array key "name"', 'APPPATH\\Views\\product\\edit.php', 7)
 2 SYSTEMPATH\View\View.php(213): include('APPPATH\\Views\\product\\edit.php')
 3 SYSTEMPATH\View\View.php(216): CodeIgniter\View\View->CodeIgniter\View\{closure}()
 4 SYSTEMPATH\Common.php(1184): CodeIgniter\View\View->render('product/edit', [], true)
 5 APPPATH\Controllers\Product.php(94): view('product/edit', [...])
 6 SYSTEMPATH\CodeIgniter.php(934): App\Controllers\Product->edit('2')
 7 SYSTEMPATH\CodeIgniter.php(499): CodeIgniter\CodeIgniter->runController(Object(App\Controllers\Product))
 8 SYSTEMPATH\CodeIgniter.php(368): CodeIgniter\CodeIgniter->handleRequest(null, Object(Config\Cache), false)
 9 FCPATH\index.php(67): CodeIgniter\CodeIgniter->run()
10 SYSTEMPATH\Commands\Server\rewrite.php(47): require_once('FCPATH\\index.php')
CRITICAL - 2023-05-07 17:26:59 --> Undefined array key "name"
in APPPATH\Views\product\edit.php on line 7.
 1 APPPATH\Views\product\edit.php(7): CodeIgniter\Debug\Exceptions->errorHandler(2, 'Undefined array key "name"', 'APPPATH\\Views\\product\\edit.php', 7)
 2 SYSTEMPATH\View\View.php(213): include('APPPATH\\Views\\product\\edit.php')
 3 SYSTEMPATH\View\View.php(216): CodeIgniter\View\View->CodeIgniter\View\{closure}()
 4 SYSTEMPATH\Common.php(1184): CodeIgniter\View\View->render('product/edit', [], true)
 5 APPPATH\Controllers\Product.php(94): view('product/edit', [...])
 6 SYSTEMPATH\CodeIgniter.php(934): App\Controllers\Product->edit('2')
 7 SYSTEMPATH\CodeIgniter.php(499): CodeIgniter\CodeIgniter->runController(Object(App\Controllers\Product))
 8 SYSTEMPATH\CodeIgniter.php(368): CodeIgniter\CodeIgniter->handleRequest(null, Object(Config\Cache), false)
 9 FCPATH\index.php(67): CodeIgniter\CodeIgniter->run()
10 SYSTEMPATH\Commands\Server\rewrite.php(47): require_once('FCPATH\\index.php')
CRITICAL - 2023-05-07 17:27:04 --> Undefined array key "name"
in APPPATH\Views\product\edit.php on line 7.
 1 APPPATH\Views\product\edit.php(7): CodeIgniter\Debug\Exceptions->errorHandler(2, 'Undefined array key "name"', 'APPPATH\\Views\\product\\edit.php', 7)
 2 SYSTEMPATH\View\View.php(213): include('APPPATH\\Views\\product\\edit.php')
 3 SYSTEMPATH\View\View.php(216): CodeIgniter\View\View->CodeIgniter\View\{closure}()
 4 SYSTEMPATH\Common.php(1184): CodeIgniter\View\View->render('product/edit', [], true)
 5 APPPATH\Controllers\Product.php(94): view('product/edit', [...])
 6 SYSTEMPATH\CodeIgniter.php(934): App\Controllers\Product->edit('2')
 7 SYSTEMPATH\CodeIgniter.php(499): CodeIgniter\CodeIgniter->runController(Object(App\Controllers\Product))
 8 SYSTEMPATH\CodeIgniter.php(368): CodeIgniter\CodeIgniter->handleRequest(null, Object(Config\Cache), false)
 9 FCPATH\index.php(67): CodeIgniter\CodeIgniter->run()
10 SYSTEMPATH\Commands\Server\rewrite.php(47): require_once('FCPATH\\index.php')
CRITICAL - 2023-05-07 17:30:15 --> Undefined array key "name"
in APPPATH\Views\product\edit.php on line 7.
 1 APPPATH\Views\product\edit.php(7): CodeIgniter\Debug\Exceptions->errorHandler(2, 'Undefined array key "name"', 'APPPATH\\Views\\product\\edit.php', 7)
 2 SYSTEMPATH\View\View.php(213): include('APPPATH\\Views\\product\\edit.php')
 3 SYSTEMPATH\View\View.php(216): CodeIgniter\View\View->CodeIgniter\View\{closure}()
 4 SYSTEMPATH\Common.php(1184): CodeIgniter\View\View->render('product/edit', [], true)
 5 APPPATH\Controllers\Product.php(94): view('product/edit', [...])
 6 SYSTEMPATH\CodeIgniter.php(934): App\Controllers\Product->edit('4')
 7 SYSTEMPATH\CodeIgniter.php(499): CodeIgniter\CodeIgniter->runController(Object(App\Controllers\Product))
 8 SYSTEMPATH\CodeIgniter.php(368): CodeIgniter\CodeIgniter->handleRequest(null, Object(Config\Cache), false)
 9 FCPATH\index.php(67): CodeIgniter\CodeIgniter->run()
10 SYSTEMPATH\Commands\Server\rewrite.php(47): require_once('FCPATH\\index.php')
CRITICAL - 2023-05-07 17:33:58 --> Undefined array key "name"
in APPPATH\Views\product\edit.php on line 7.
 1 APPPATH\Views\product\edit.php(7): CodeIgniter\Debug\Exceptions->errorHandler(2, 'Undefined array key "name"', 'APPPATH\\Views\\product\\edit.php', 7)
 2 SYSTEMPATH\View\View.php(213): include('APPPATH\\Views\\product\\edit.php')
 3 SYSTEMPATH\View\View.php(216): CodeIgniter\View\View->CodeIgniter\View\{closure}()
 4 SYSTEMPATH\Common.php(1184): CodeIgniter\View\View->render('product/edit', [], true)
 5 APPPATH\Controllers\Product.php(94): view('product/edit', [...])
 6 SYSTEMPATH\CodeIgniter.php(934): App\Controllers\Product->edit('1')
 7 SYSTEMPATH\CodeIgniter.php(499): CodeIgniter\CodeIgniter->runController(Object(App\Controllers\Product))
 8 SYSTEMPATH\CodeIgniter.php(368): CodeIgniter\CodeIgniter->handleRequest(null, Object(Config\Cache), false)
 9 FCPATH\index.php(67): CodeIgniter\CodeIgniter->run()
10 SYSTEMPATH\Commands\Server\rewrite.php(47): require_once('FCPATH\\index.php')
CRITICAL - 2023-05-07 17:34:51 --> Undefined array key "name"
in APPPATH\Views\product\edit.php on line 7.
 1 APPPATH\Views\product\edit.php(7): CodeIgniter\Debug\Exceptions->errorHandler(2, 'Undefined array key "name"', 'APPPATH\\Views\\product\\edit.php', 7)
 2 SYSTEMPATH\View\View.php(213): include('APPPATH\\Views\\product\\edit.php')
 3 SYSTEMPATH\View\View.php(216): CodeIgniter\View\View->CodeIgniter\View\{closure}()
 4 SYSTEMPATH\Common.php(1184): CodeIgniter\View\View->render('product/edit', [], true)
 5 APPPATH\Controllers\Product.php(94): view('product/edit', [...])
 6 SYSTEMPATH\CodeIgniter.php(934): App\Controllers\Product->edit('1')
 7 SYSTEMPATH\CodeIgniter.php(499): CodeIgniter\CodeIgniter->runController(Object(App\Controllers\Product))
 8 SYSTEMPATH\CodeIgniter.php(368): CodeIgniter\CodeIgniter->handleRequest(null, Object(Config\Cache), false)
 9 FCPATH\index.php(67): CodeIgniter\CodeIgniter->run()
10 SYSTEMPATH\Commands\Server\rewrite.php(47): require_once('FCPATH\\index.php')
CRITICAL - 2023-05-07 17:40:53 --> Undefined array key "name"
in APPPATH\Views\product\edit.php on line 7.
 1 APPPATH\Views\product\edit.php(7): CodeIgniter\Debug\Exceptions->errorHandler(2, 'Undefined array key "name"', 'APPPATH\\Views\\product\\edit.php', 7)
 2 SYSTEMPATH\View\View.php(213): include('APPPATH\\Views\\product\\edit.php')
 3 SYSTEMPATH\View\View.php(216): CodeIgniter\View\View->CodeIgniter\View\{closure}()
 4 SYSTEMPATH\Common.php(1184): CodeIgniter\View\View->render('product/edit', [], true)
 5 APPPATH\Controllers\Product.php(94): view('product/edit', [...])
 6 SYSTEMPATH\CodeIgniter.php(934): App\Controllers\Product->edit('1')
 7 SYSTEMPATH\CodeIgniter.php(499): CodeIgniter\CodeIgniter->runController(Object(App\Controllers\Product))
 8 SYSTEMPATH\CodeIgniter.php(368): CodeIgniter\CodeIgniter->handleRequest(null, Object(Config\Cache), false)
 9 FCPATH\index.php(67): CodeIgniter\CodeIgniter->run()
10 SYSTEMPATH\Commands\Server\rewrite.php(47): require_once('FCPATH\\index.php')
CRITICAL - 2023-05-07 17:42:26 --> Undefined array key "name"
in APPPATH\Views\product\edit.php on line 7.
 1 APPPATH\Views\product\edit.php(7): CodeIgniter\Debug\Exceptions->errorHandler(2, 'Undefined array key "name"', 'APPPATH\\Views\\product\\edit.php', 7)
 2 SYSTEMPATH\View\View.php(213): include('APPPATH\\Views\\product\\edit.php')
 3 SYSTEMPATH\View\View.php(216): CodeIgniter\View\View->CodeIgniter\View\{closure}()
 4 SYSTEMPATH\Common.php(1184): CodeIgniter\View\View->render('product/edit', [], true)
 5 APPPATH\Controllers\Product.php(94): view('product/edit', [...])
 6 SYSTEMPATH\CodeIgniter.php(934): App\Controllers\Product->edit('5')
 7 SYSTEMPATH\CodeIgniter.php(499): CodeIgniter\CodeIgniter->runController(Object(App\Controllers\Product))
 8 SYSTEMPATH\CodeIgniter.php(368): CodeIgniter\CodeIgniter->handleRequest(null, Object(Config\Cache), false)
 9 FCPATH\index.php(67): CodeIgniter\CodeIgniter->run()
10 SYSTEMPATH\Commands\Server\rewrite.php(47): require_once('FCPATH\\index.php')
CRITICAL - 2023-05-07 17:43:35 --> Undefined array key "name"
in APPPATH\Views\product\edit.php on line 7.
 1 APPPATH\Views\product\edit.php(7): CodeIgniter\Debug\Exceptions->errorHandler(2, 'Undefined array key "name"', 'APPPATH\\Views\\product\\edit.php', 7)
 2 SYSTEMPATH\View\View.php(213): include('APPPATH\\Views\\product\\edit.php')
 3 SYSTEMPATH\View\View.php(216): CodeIgniter\View\View->CodeIgniter\View\{closure}()
 4 SYSTEMPATH\Common.php(1184): CodeIgniter\View\View->render('product/edit', [], true)
 5 APPPATH\Controllers\Product.php(94): view('product/edit', [...])
 6 SYSTEMPATH\CodeIgniter.php(934): App\Controllers\Product->edit('1')
 7 SYSTEMPATH\CodeIgniter.php(499): CodeIgniter\CodeIgniter->runController(Object(App\Controllers\Product))
 8 SYSTEMPATH\CodeIgniter.php(368): CodeIgniter\CodeIgniter->handleRequest(null, Object(Config\Cache), false)
 9 FCPATH\index.php(67): CodeIgniter\CodeIgniter->run()
10 SYSTEMPATH\Commands\Server\rewrite.php(47): require_once('FCPATH\\index.php')
